[5.580s] Invoking command in '/home/ubuntu/turtlebot3_ws/src/py_pubsub': PYTHONPATH=/home/ubuntu/turtlebot3_ws/install/py_pubsub/lib/python3.8/site-packages:${PYTHONPATH} /usr/bin/python3 setup.py egg_info --egg-base ../../build/py_pubsub build --build-base /home/ubuntu/turtlebot3_ws/build/py_pubsub/build install --prefix /home/ubuntu/turtlebot3_ws/install/py_pubsub --record /home/ubuntu/turtlebot3_ws/build/py_pubsub/install.log --single-version-externally-managed
[10.718s] running egg_info
[10.729s] writing ../../build/py_pubsub/py_pubsub.egg-info/PKG-INFO
[10.740s] writing dependency_links to ../../build/py_pubsub/py_pubsub.egg-info/dependency_links.txt
[10.751s] writing entry points to ../../build/py_pubsub/py_pubsub.egg-info/entry_points.txt
[10.757s] writing requirements to ../../build/py_pubsub/py_pubsub.egg-info/requires.txt
[10.760s] writing top-level names to ../../build/py_pubsub/py_pubsub.egg-info/top_level.txt
[11.640s] reading manifest file '../../build/py_pubsub/py_pubsub.egg-info/SOURCES.txt'
[11.672s] writing manifest file '../../build/py_pubsub/py_pubsub.egg-info/SOURCES.txt'
[11.679s] running build
[11.687s] running build_py
[11.689s] running install
[11.700s] running install_lib
[11.723s] copying /home/ubuntu/turtlebot3_ws/build/py_pubsub/build/lib/py_pubsub/servolisten.py -> /home/ubuntu/turtlebot3_ws/install/py_pubsub/lib/python3.8/site-packages/py_pubsub
[11.823s] byte-compiling /home/ubuntu/turtlebot3_ws/install/py_pubsub/lib/python3.8/site-packages/py_pubsub/servolisten.py to servolisten.cpython-38.pyc
[11.868s] running install_data
[11.878s] running install_egg_info
[11.908s] removing '/home/ubuntu/turtlebot3_ws/install/py_pubsub/lib/python3.8/site-packages/py_pubsub-0.0.0-py3.8.egg-info' (and everything under it)
[11.926s] error removing /home/ubuntu/turtlebot3_ws/install/py_pubsub/lib/python3.8/site-packages/py_pubsub-0.0.0-py3.8.egg-info: [Errno 13] Permission denied: '/home/ubuntu/turtlebot3_ws/install/py_pubsub/lib/python3.8/site-packages/py_pubsub-0.0.0-py3.8.egg-info/SOURCES.txt'
[11.929s] error removing /home/ubuntu/turtlebot3_ws/install/py_pubsub/lib/python3.8/site-packages/py_pubsub-0.0.0-py3.8.egg-info: [Errno 13] Permission denied: '/home/ubuntu/turtlebot3_ws/install/py_pubsub/lib/python3.8/site-packages/py_pubsub-0.0.0-py3.8.egg-info/top_level.txt'
[11.932s] error removing /home/ubuntu/turtlebot3_ws/install/py_pubsub/lib/python3.8/site-packages/py_pubsub-0.0.0-py3.8.egg-info: [Errno 13] Permission denied: '/home/ubuntu/turtlebot3_ws/install/py_pubsub/lib/python3.8/site-packages/py_pubsub-0.0.0-py3.8.egg-info/requires.txt'
[11.935s] error removing /home/ubuntu/turtlebot3_ws/install/py_pubsub/lib/python3.8/site-packages/py_pubsub-0.0.0-py3.8.egg-info: [Errno 13] Permission denied: '/home/ubuntu/turtlebot3_ws/install/py_pubsub/lib/python3.8/site-packages/py_pubsub-0.0.0-py3.8.egg-info/zip-safe'
[11.942s] error removing /home/ubuntu/turtlebot3_ws/install/py_pubsub/lib/python3.8/site-packages/py_pubsub-0.0.0-py3.8.egg-info: [Errno 13] Permission denied: '/home/ubuntu/turtlebot3_ws/install/py_pubsub/lib/python3.8/site-packages/py_pubsub-0.0.0-py3.8.egg-info/dependency_links.txt'
[11.947s] error removing /home/ubuntu/turtlebot3_ws/install/py_pubsub/lib/python3.8/site-packages/py_pubsub-0.0.0-py3.8.egg-info: [Errno 13] Permission denied: '/home/ubuntu/turtlebot3_ws/install/py_pubsub/lib/python3.8/site-packages/py_pubsub-0.0.0-py3.8.egg-info/PKG-INFO'
[11.950s] error removing /home/ubuntu/turtlebot3_ws/install/py_pubsub/lib/python3.8/site-packages/py_pubsub-0.0.0-py3.8.egg-info: [Errno 13] Permission denied: '/home/ubuntu/turtlebot3_ws/install/py_pubsub/lib/python3.8/site-packages/py_pubsub-0.0.0-py3.8.egg-info/entry_points.txt'
[11.952s] error removing /home/ubuntu/turtlebot3_ws/install/py_pubsub/lib/python3.8/site-packages/py_pubsub-0.0.0-py3.8.egg-info: [Errno 39] Directory not empty: '/home/ubuntu/turtlebot3_ws/install/py_pubsub/lib/python3.8/site-packages/py_pubsub-0.0.0-py3.8.egg-info'
[11.969s] Copying ../../build/py_pubsub/py_pubsub.egg-info to /home/ubuntu/turtlebot3_ws/install/py_pubsub/lib/python3.8/site-packages/py_pubsub-0.0.0-py3.8.egg-info
[11.972s] error: [Errno 13] Permission denied: '/home/ubuntu/turtlebot3_ws/install/py_pubsub/lib/python3.8/site-packages/py_pubsub-0.0.0-py3.8.egg-info/SOURCES.txt'
[12.287s] Invoked command in '/home/ubuntu/turtlebot3_ws/src/py_pubsub' returned '1': PYTHONPATH=/home/ubuntu/turtlebot3_ws/install/py_pubsub/lib/python3.8/site-packages:${PYTHONPATH} /usr/bin/python3 setup.py egg_info --egg-base ../../build/py_pubsub build --build-base /home/ubuntu/turtlebot3_ws/build/py_pubsub/build install --prefix /home/ubuntu/turtlebot3_ws/install/py_pubsub --record /home/ubuntu/turtlebot3_ws/build/py_pubsub/install.log --single-version-externally-managed
