[0.380s] Invoking command in '/home/ubuntu/turtlebot3_ws/build/turtlebot3_node': /usr/bin/cmake --build /home/ubuntu/turtlebot3_ws/build/turtlebot3_node -- -j4 -l4
[6.364s] [ 85%] Built target turtlebot3_node_lib
[6.368s] [100%] Built target turtlebot3_ros
[6.408s] Invoked command in '/home/ubuntu/turtlebot3_ws/build/turtlebot3_node' returned '0': /usr/bin/cmake --build /home/ubuntu/turtlebot3_ws/build/turtlebot3_node -- -j4 -l4
[7.156s] Invoking command in '/home/ubuntu/turtlebot3_ws/build/turtlebot3_node': /usr/bin/cmake --install /home/ubuntu/turtlebot3_ws/build/turtlebot3_node
[7.243s] -- Install configuration: ""
[7.251s] -- Execute custom install script
[7.262s] -- Up-to-date symlink: /home/ubuntu/turtlebot3_ws/install/turtlebot3_node/share/turtlebot3_node/param/burger.yaml
[7.267s] -- Up-to-date symlink: /home/ubuntu/turtlebot3_ws/install/turtlebot3_node/share/turtlebot3_node/param/waffle.yaml
[7.273s] -- Up-to-date symlink: /home/ubuntu/turtlebot3_ws/install/turtlebot3_node/share/turtlebot3_node/param/waffle_pi.yaml
[7.281s] -- Up-to-date symlink: /home/ubuntu/turtlebot3_ws/install/turtlebot3_node/lib/turtlebot3_node/turtlebot3_ros
[7.288s] -- Up-to-date symlink: /home/ubuntu/turtlebot3_ws/install/turtlebot3_node/share/ament_index/resource_index/package_run_dependencies/turtlebot3_node
[7.306s] -- Up-to-date symlink: /home/ubuntu/turtlebot3_ws/install/turtlebot3_node/share/ament_index/resource_index/parent_prefix_path/turtlebot3_node
[7.311s] -- Up-to-date symlink: /home/ubuntu/turtlebot3_ws/install/turtlebot3_node/share/turtlebot3_node/environment/ament_prefix_path.sh
[7.338s] -- Up-to-date symlink: /home/ubuntu/turtlebot3_ws/install/turtlebot3_node/share/turtlebot3_node/environment/ament_prefix_path.dsv
[7.347s] -- Up-to-date symlink: /home/ubuntu/turtlebot3_ws/install/turtlebot3_node/share/turtlebot3_node/environment/path.sh
[7.351s] -- Up-to-date symlink: /home/ubuntu/turtlebot3_ws/install/turtlebot3_node/share/turtlebot3_node/environment/path.dsv
[7.356s] -- Up-to-date symlink: /home/ubuntu/turtlebot3_ws/install/turtlebot3_node/share/turtlebot3_node/local_setup.bash
[7.365s] -- Up-to-date symlink: /home/ubuntu/turtlebot3_ws/install/turtlebot3_node/share/turtlebot3_node/local_setup.sh
[7.369s] -- Up-to-date symlink: /home/ubuntu/turtlebot3_ws/install/turtlebot3_node/share/turtlebot3_node/local_setup.zsh
[7.372s] -- Up-to-date symlink: /home/ubuntu/turtlebot3_ws/install/turtlebot3_node/share/turtlebot3_node/local_setup.dsv
[7.376s] -- Symlinking: /home/ubuntu/turtlebot3_ws/install/turtlebot3_node/share/turtlebot3_node/package.dsv
[7.479s] -- Up-to-date symlink: /home/ubuntu/turtlebot3_ws/install/turtlebot3_node/share/ament_index/resource_index/packages/turtlebot3_node
[7.488s] -- Up-to-date symlink: /home/ubuntu/turtlebot3_ws/install/turtlebot3_node/share/turtlebot3_node/cmake/ament_cmake_export_include_directories-extras.cmake
[7.498s] -- Up-to-date symlink: /home/ubuntu/turtlebot3_ws/install/turtlebot3_node/share/turtlebot3_node/cmake/turtlebot3_nodeConfig.cmake
[7.501s] -- Up-to-date symlink: /home/ubuntu/turtlebot3_ws/install/turtlebot3_node/share/turtlebot3_node/cmake/turtlebot3_nodeConfig-version.cmake
[7.510s] -- Up-to-date symlink: /home/ubuntu/turtlebot3_ws/install/turtlebot3_node/share/turtlebot3_node/package.xml
[7.639s] Invoked command in '/home/ubuntu/turtlebot3_ws/build/turtlebot3_node' returned '0': /usr/bin/cmake --install /home/ubuntu/turtlebot3_ws/build/turtlebot3_node
