[0.187s] Invoking command in '/home/ubuntu/turtlebot3_ws/build/turtlebot3_bringup': CMAKE_PREFIX_PATH=/home/ubuntu/turtlebot3_ws/install/turtlebot3_node:/home/ubuntu/turtlebot3_ws/install/turtlebot3_description:/home/ubuntu/turtlebot3_ws/install/turtlebot3:/home/ubuntu/turtlebot3_ws/install/turtlebot3_bringup:/home/ubuntu/turtlebot3_ws/install/turtlebot3_teleop:/home/ubuntu/turtlebot3_ws/install/turtlebot3_example:/home/ubuntu/turtlebot3_ws/install/py_pubsub:/opt/ros/foxy /usr/bin/cmake --build /home/ubuntu/turtlebot3_ws/build/turtlebot3_bringup -- -j4 -l4
[0.903s] Invoked command in '/home/ubuntu/turtlebot3_ws/build/turtlebot3_bringup' returned '0': CMAKE_PREFIX_PATH=/home/ubuntu/turtlebot3_ws/install/turtlebot3_node:/home/ubuntu/turtlebot3_ws/install/turtlebot3_description:/home/ubuntu/turtlebot3_ws/install/turtlebot3:/home/ubuntu/turtlebot3_ws/install/turtlebot3_bringup:/home/ubuntu/turtlebot3_ws/install/turtlebot3_teleop:/home/ubuntu/turtlebot3_ws/install/turtlebot3_example:/home/ubuntu/turtlebot3_ws/install/py_pubsub:/opt/ros/foxy /usr/bin/cmake --build /home/ubuntu/turtlebot3_ws/build/turtlebot3_bringup -- -j4 -l4
[1.290s] Invoking command in '/home/ubuntu/turtlebot3_ws/build/turtlebot3_bringup': CMAKE_PREFIX_PATH=/home/ubuntu/turtlebot3_ws/install/turtlebot3_node:/home/ubuntu/turtlebot3_ws/install/turtlebot3_description:/home/ubuntu/turtlebot3_ws/install/turtlebot3:/home/ubuntu/turtlebot3_ws/install/turtlebot3_bringup:/home/ubuntu/turtlebot3_ws/install/turtlebot3_teleop:/home/ubuntu/turtlebot3_ws/install/turtlebot3_example:/home/ubuntu/turtlebot3_ws/install/py_pubsub:/opt/ros/foxy /usr/bin/cmake --install /home/ubuntu/turtlebot3_ws/build/turtlebot3_bringup
[1.458s] -- Install configuration: ""
[1.472s] -- Execute custom install script
[1.493s] -- Up-to-date symlink: /home/ubuntu/turtlebot3_ws/install/turtlebot3_bringup/share/turtlebot3_bringup/launch/robot.launch.py
[1.503s] -- Up-to-date symlink: /home/ubuntu/turtlebot3_ws/install/turtlebot3_bringup/share/turtlebot3_bringup/launch/rviz2.launch.py
[1.513s] -- Up-to-date symlink: /home/ubuntu/turtlebot3_ws/install/turtlebot3_bringup/share/turtlebot3_bringup/launch/turtlebot3_state_publisher.launch.py
[1.533s] -- Up-to-date symlink: /home/ubuntu/turtlebot3_ws/install/turtlebot3_bringup/share/turtlebot3_bringup/param/burger.yaml
[1.542s] -- Up-to-date symlink: /home/ubuntu/turtlebot3_ws/install/turtlebot3_bringup/share/turtlebot3_bringup/param/waffle.yaml
[1.555s] -- Up-to-date symlink: /home/ubuntu/turtlebot3_ws/install/turtlebot3_bringup/share/turtlebot3_bringup/param/waffle_pi.yaml
[1.572s] -- Up-to-date symlink: /home/ubuntu/turtlebot3_ws/install/turtlebot3_bringup/share/ament_index/resource_index/package_run_dependencies/turtlebot3_bringup
[1.586s] -- Up-to-date symlink: /home/ubuntu/turtlebot3_ws/install/turtlebot3_bringup/share/ament_index/resource_index/parent_prefix_path/turtlebot3_bringup
[1.597s] -- Up-to-date symlink: /home/ubuntu/turtlebot3_ws/install/turtlebot3_bringup/share/turtlebot3_bringup/environment/ament_prefix_path.sh
[1.607s] -- Up-to-date symlink: /home/ubuntu/turtlebot3_ws/install/turtlebot3_bringup/share/turtlebot3_bringup/environment/ament_prefix_path.dsv
[1.619s] -- Up-to-date symlink: /home/ubuntu/turtlebot3_ws/install/turtlebot3_bringup/share/turtlebot3_bringup/environment/path.sh
[1.629s] -- Up-to-date symlink: /home/ubuntu/turtlebot3_ws/install/turtlebot3_bringup/share/turtlebot3_bringup/environment/path.dsv
[1.641s] -- Up-to-date symlink: /home/ubuntu/turtlebot3_ws/install/turtlebot3_bringup/share/turtlebot3_bringup/local_setup.bash
[1.656s] -- Up-to-date symlink: /home/ubuntu/turtlebot3_ws/install/turtlebot3_bringup/share/turtlebot3_bringup/local_setup.sh
[1.666s] -- Up-to-date symlink: /home/ubuntu/turtlebot3_ws/install/turtlebot3_bringup/share/turtlebot3_bringup/local_setup.zsh
[1.676s] -- Up-to-date symlink: /home/ubuntu/turtlebot3_ws/install/turtlebot3_bringup/share/turtlebot3_bringup/local_setup.dsv
[1.684s] -- Symlinking: /home/ubuntu/turtlebot3_ws/install/turtlebot3_bringup/share/turtlebot3_bringup/package.dsv
[1.834s] -- Up-to-date symlink: /home/ubuntu/turtlebot3_ws/install/turtlebot3_bringup/share/ament_index/resource_index/packages/turtlebot3_bringup
[1.846s] -- Up-to-date symlink: /home/ubuntu/turtlebot3_ws/install/turtlebot3_bringup/share/turtlebot3_bringup/cmake/turtlebot3_bringupConfig.cmake
[1.860s] -- Up-to-date symlink: /home/ubuntu/turtlebot3_ws/install/turtlebot3_bringup/share/turtlebot3_bringup/cmake/turtlebot3_bringupConfig-version.cmake
[1.872s] -- Up-to-date symlink: /home/ubuntu/turtlebot3_ws/install/turtlebot3_bringup/share/turtlebot3_bringup/package.xml
[1.898s] Invoked command in '/home/ubuntu/turtlebot3_ws/build/turtlebot3_bringup' returned '0': CMAKE_PREFIX_PATH=/home/ubuntu/turtlebot3_ws/install/turtlebot3_node:/home/ubuntu/turtlebot3_ws/install/turtlebot3_description:/home/ubuntu/turtlebot3_ws/install/turtlebot3:/home/ubuntu/turtlebot3_ws/install/turtlebot3_bringup:/home/ubuntu/turtlebot3_ws/install/turtlebot3_teleop:/home/ubuntu/turtlebot3_ws/install/turtlebot3_example:/home/ubuntu/turtlebot3_ws/install/py_pubsub:/opt/ros/foxy /usr/bin/cmake --install /home/ubuntu/turtlebot3_ws/build/turtlebot3_bringup
