[6.381s] Invoking command in '/home/ubuntu/turtlebot3_ws/build/turtlebot3_example': PYTHONPATH=/home/ubuntu/turtlebot3_ws/install/turtlebot3_example/lib/python3.8/site-packages: /usr/bin/python3 setup.py develop --prefix /home/ubuntu/turtlebot3_ws/install/turtlebot3_example --uninstall --editable --build-directory /home/ubuntu/turtlebot3_ws/build/turtlebot3_example/build
[10.142s] running develop
[12.263s] Invoked command in '/home/ubuntu/turtlebot3_ws/build/turtlebot3_example' returned '0': PYTHONPATH=/home/ubuntu/turtlebot3_ws/install/turtlebot3_example/lib/python3.8/site-packages: /usr/bin/python3 setup.py develop --prefix /home/ubuntu/turtlebot3_ws/install/turtlebot3_example --uninstall --editable --build-directory /home/ubuntu/turtlebot3_ws/build/turtlebot3_example/build
[12.287s] Invoking command in '/home/ubuntu/turtlebot3_ws/src/turtlebot3/turtlebot3_example': PYTHONPATH=/home/ubuntu/turtlebot3_ws/install/turtlebot3_example/lib/python3.8/site-packages: /usr/bin/python3 setup.py egg_info --egg-base ../../../build/turtlebot3_example build --build-base /home/ubuntu/turtlebot3_ws/build/turtlebot3_example/build install --prefix /home/ubuntu/turtlebot3_ws/install/turtlebot3_example --record /home/ubuntu/turtlebot3_ws/build/turtlebot3_example/install.log --single-version-externally-managed
[15.702s] running egg_info
[15.713s] writing ../../../build/turtlebot3_example/turtlebot3_example.egg-info/PKG-INFO
[15.719s] writing dependency_links to ../../../build/turtlebot3_example/turtlebot3_example.egg-info/dependency_links.txt
[15.722s] writing entry points to ../../../build/turtlebot3_example/turtlebot3_example.egg-info/entry_points.txt
[15.726s] writing requirements to ../../../build/turtlebot3_example/turtlebot3_example.egg-info/requires.txt
[15.729s] writing top-level names to ../../../build/turtlebot3_example/turtlebot3_example.egg-info/top_level.txt
[16.350s] reading manifest file '../../../build/turtlebot3_example/turtlebot3_example.egg-info/SOURCES.txt'
[16.373s] writing manifest file '../../../build/turtlebot3_example/turtlebot3_example.egg-info/SOURCES.txt'
[16.376s] running build
[16.378s] running build_py
[16.413s] running install
[16.421s] running install_lib
[16.472s] running install_data
[16.483s] running install_egg_info
[16.509s] removing '/home/ubuntu/turtlebot3_ws/install/turtlebot3_example/lib/python3.8/site-packages/turtlebot3_example-2.1.2-py3.8.egg-info' (and everything under it)
[16.514s] Copying ../../../build/turtlebot3_example/turtlebot3_example.egg-info to /home/ubuntu/turtlebot3_ws/install/turtlebot3_example/lib/python3.8/site-packages/turtlebot3_example-2.1.2-py3.8.egg-info
[16.540s] running install_scripts
[16.815s] Installing turtlebot3_obstacle_detection script to /home/ubuntu/turtlebot3_ws/install/turtlebot3_example/lib/turtlebot3_example
[16.819s] Installing turtlebot3_patrol_client script to /home/ubuntu/turtlebot3_ws/install/turtlebot3_example/lib/turtlebot3_example
[16.822s] Installing turtlebot3_patrol_server script to /home/ubuntu/turtlebot3_ws/install/turtlebot3_example/lib/turtlebot3_example
[16.827s] Installing turtlebot3_position_control script to /home/ubuntu/turtlebot3_ws/install/turtlebot3_example/lib/turtlebot3_example
[16.866s] writing list of installed files to '/home/ubuntu/turtlebot3_ws/build/turtlebot3_example/install.log'
[17.285s] Invoked command in '/home/ubuntu/turtlebot3_ws/src/turtlebot3/turtlebot3_example' returned '0': PYTHONPATH=/home/ubuntu/turtlebot3_ws/install/turtlebot3_example/lib/python3.8/site-packages: /usr/bin/python3 setup.py egg_info --egg-base ../../../build/turtlebot3_example build --build-base /home/ubuntu/turtlebot3_ws/build/turtlebot3_example/build install --prefix /home/ubuntu/turtlebot3_ws/install/turtlebot3_example --record /home/ubuntu/turtlebot3_ws/build/turtlebot3_example/install.log --single-version-externally-managed
