[0.142s] Invoking command in '/home/ubuntu/turtlebot3_ws/build/turtlebot3': AMENT_PREFIX_PATH=/home/ubuntu/turtlebot3_ws/install/turtlebot3_bringup:/home/ubuntu/turtlebot3_ws/install/turtlebot3_teleop:/home/ubuntu/turtlebot3_ws/install/turtlebot3_node:/home/ubuntu/turtlebot3_ws/install/turtlebot3_example:/home/ubuntu/turtlebot3_ws/install/turtlebot3_description CMAKE_PREFIX_PATH=/home/ubuntu/turtlebot3_ws/install/turtlebot3_bringup:/home/ubuntu/turtlebot3_ws/install/turtlebot3_node:/home/ubuntu/turtlebot3_ws/install/turtlebot3_description PYTHONPATH=/home/ubuntu/turtlebot3_ws/install/turtlebot3_teleop/lib/python3.8/site-packages:/home/ubuntu/turtlebot3_ws/install/turtlebot3_example/lib/python3.8/site-packages /usr/bin/cmake --build /home/ubuntu/turtlebot3_ws/build/turtlebot3 -- -j4 -l4
[0.619s] Invoked command in '/home/ubuntu/turtlebot3_ws/build/turtlebot3' returned '0': AMENT_PREFIX_PATH=/home/ubuntu/turtlebot3_ws/install/turtlebot3_bringup:/home/ubuntu/turtlebot3_ws/install/turtlebot3_teleop:/home/ubuntu/turtlebot3_ws/install/turtlebot3_node:/home/ubuntu/turtlebot3_ws/install/turtlebot3_example:/home/ubuntu/turtlebot3_ws/install/turtlebot3_description CMAKE_PREFIX_PATH=/home/ubuntu/turtlebot3_ws/install/turtlebot3_bringup:/home/ubuntu/turtlebot3_ws/install/turtlebot3_node:/home/ubuntu/turtlebot3_ws/install/turtlebot3_description PYTHONPATH=/home/ubuntu/turtlebot3_ws/install/turtlebot3_teleop/lib/python3.8/site-packages:/home/ubuntu/turtlebot3_ws/install/turtlebot3_example/lib/python3.8/site-packages /usr/bin/cmake --build /home/ubuntu/turtlebot3_ws/build/turtlebot3 -- -j4 -l4
[0.882s] Invoking command in '/home/ubuntu/turtlebot3_ws/build/turtlebot3': AMENT_PREFIX_PATH=/home/ubuntu/turtlebot3_ws/install/turtlebot3_bringup:/home/ubuntu/turtlebot3_ws/install/turtlebot3_teleop:/home/ubuntu/turtlebot3_ws/install/turtlebot3_node:/home/ubuntu/turtlebot3_ws/install/turtlebot3_example:/home/ubuntu/turtlebot3_ws/install/turtlebot3_description CMAKE_PREFIX_PATH=/home/ubuntu/turtlebot3_ws/install/turtlebot3_bringup:/home/ubuntu/turtlebot3_ws/install/turtlebot3_node:/home/ubuntu/turtlebot3_ws/install/turtlebot3_description PYTHONPATH=/home/ubuntu/turtlebot3_ws/install/turtlebot3_teleop/lib/python3.8/site-packages:/home/ubuntu/turtlebot3_ws/install/turtlebot3_example/lib/python3.8/site-packages /usr/bin/cmake --install /home/ubuntu/turtlebot3_ws/build/turtlebot3
[0.989s] -- Install configuration: ""
[0.999s] -- Execute custom install script
[1.008s] -- Up-to-date symlink: /home/ubuntu/turtlebot3_ws/install/turtlebot3/share/ament_index/resource_index/package_run_dependencies/turtlebot3
[1.017s] -- Up-to-date symlink: /home/ubuntu/turtlebot3_ws/install/turtlebot3/share/ament_index/resource_index/parent_prefix_path/turtlebot3
[1.024s] -- Up-to-date symlink: /home/ubuntu/turtlebot3_ws/install/turtlebot3/share/turtlebot3/environment/ament_prefix_path.sh
[1.031s] -- Up-to-date symlink: /home/ubuntu/turtlebot3_ws/install/turtlebot3/share/turtlebot3/environment/ament_prefix_path.dsv
[1.039s] -- Up-to-date symlink: /home/ubuntu/turtlebot3_ws/install/turtlebot3/share/turtlebot3/environment/path.sh
[1.044s] -- Up-to-date symlink: /home/ubuntu/turtlebot3_ws/install/turtlebot3/share/turtlebot3/environment/path.dsv
[1.051s] -- Up-to-date symlink: /home/ubuntu/turtlebot3_ws/install/turtlebot3/share/turtlebot3/local_setup.bash
[1.058s] -- Up-to-date symlink: /home/ubuntu/turtlebot3_ws/install/turtlebot3/share/turtlebot3/local_setup.sh
[1.065s] -- Up-to-date symlink: /home/ubuntu/turtlebot3_ws/install/turtlebot3/share/turtlebot3/local_setup.zsh
[1.071s] -- Up-to-date symlink: /home/ubuntu/turtlebot3_ws/install/turtlebot3/share/turtlebot3/local_setup.dsv
[1.075s] -- Symlinking: /home/ubuntu/turtlebot3_ws/install/turtlebot3/share/turtlebot3/package.dsv
[1.185s] -- Up-to-date symlink: /home/ubuntu/turtlebot3_ws/install/turtlebot3/share/ament_index/resource_index/packages/turtlebot3
[1.194s] -- Up-to-date symlink: /home/ubuntu/turtlebot3_ws/install/turtlebot3/share/turtlebot3/cmake/turtlebot3Config.cmake
[1.199s] -- Up-to-date symlink: /home/ubuntu/turtlebot3_ws/install/turtlebot3/share/turtlebot3/cmake/turtlebot3Config-version.cmake
[1.206s] -- Up-to-date symlink: /home/ubuntu/turtlebot3_ws/install/turtlebot3/share/turtlebot3/package.xml
[1.237s] Invoked command in '/home/ubuntu/turtlebot3_ws/build/turtlebot3' returned '0': AMENT_PREFIX_PATH=/home/ubuntu/turtlebot3_ws/install/turtlebot3_bringup:/home/ubuntu/turtlebot3_ws/install/turtlebot3_teleop:/home/ubuntu/turtlebot3_ws/install/turtlebot3_node:/home/ubuntu/turtlebot3_ws/install/turtlebot3_example:/home/ubuntu/turtlebot3_ws/install/turtlebot3_description CMAKE_PREFIX_PATH=/home/ubuntu/turtlebot3_ws/install/turtlebot3_bringup:/home/ubuntu/turtlebot3_ws/install/turtlebot3_node:/home/ubuntu/turtlebot3_ws/install/turtlebot3_description PYTHONPATH=/home/ubuntu/turtlebot3_ws/install/turtlebot3_teleop/lib/python3.8/site-packages:/home/ubuntu/turtlebot3_ws/install/turtlebot3_example/lib/python3.8/site-packages /usr/bin/cmake --install /home/ubuntu/turtlebot3_ws/build/turtlebot3
