[2.166s] DEBUG:colcon:Command line arguments: ['/usr/bin/colcon', 'build']
[2.167s] DEBUG:colcon:Parsed command line arguments: Namespace(ament_cmake_args=None, base_paths=['.'], build_base='build', catkin_cmake_args=None, catkin_skip_building_tests=False, cmake_args=None, cmake_clean_cache=False, cmake_clean_first=False, cmake_force_configure=False, cmake_target=None, cmake_target_skip_unavailable=False, continue_on_error=False, event_handlers=None, executor='parallel', ignore_user_meta=False, install_base='install', log_base=None, log_level=None, main=<bound method BuildVerb.main of <colcon_core.verb.build.BuildVerb object at 0xffffbb1d2880>>, merge_install=False, metas=['./colcon.meta'], packages_above=None, packages_above_and_dependencies=None, packages_above_depth=None, packages_end=None, packages_ignore=None, packages_ignore_regex=None, packages_select=None, packages_select_build_failed=False, packages_select_by_dep=None, packages_select_regex=None, packages_select_test_failures=False, packages_skip=None, packages_skip_build_finished=False, packages_skip_by_dep=None, packages_skip_regex=None, packages_skip_test_passed=False, packages_skip_up_to=None, packages_start=None, packages_up_to=None, packages_up_to_regex=None, parallel_workers=4, paths=None, symlink_install=False, test_result_base=None, verb_extension=<colcon_core.verb.build.BuildVerb object at 0xffffbb1d2880>, verb_name='build', verb_parser=<colcon_defaults.argument_parser.defaults.DefaultArgumentsDecorator object at 0xffffbb1d2df0>)
[2.206s] Level 1:colcon.colcon_core.package_discovery:discover_packages(colcon_meta) check parameters
[2.206s] Level 1:colcon.colcon_core.package_discovery:discover_packages(recursive) check parameters
[2.207s] Level 1:colcon.colcon_core.package_discovery:discover_packages(ignore) check parameters
[2.207s] Level 1:colcon.colcon_core.package_discovery:discover_packages(path) check parameters
[2.207s] Level 1:colcon.colcon_core.package_discovery:discover_packages(colcon_meta) discover
[2.208s] Level 1:colcon.colcon_core.package_discovery:discover_packages(recursive) discover
[2.208s] INFO:colcon.colcon_core.package_discovery:Crawling recursively for packages in '/home/ubuntu/turtlebot3_ws'
[2.209s] Level 1:colcon.colcon_core.package_identification:_identify(.) by extensions ['ignore', 'ignore_ament_install']
[2.209s] Level 1:colcon.colcon_core.package_identification:_identify(.) by extension 'ignore'
[2.210s] Level 1:colcon.colcon_core.package_identification:_identify(.) by extension 'ignore_ament_install'
[2.210s] Level 1:colcon.colcon_core.package_identification:_identify(.) by extensions ['colcon_pkg']
[2.210s] Level 1:colcon.colcon_core.package_identification:_identify(.) by extension 'colcon_pkg'
[2.211s] Level 1:colcon.colcon_core.package_identification:_identify(.) by extensions ['colcon_meta']
[2.211s] Level 1:colcon.colcon_core.package_identification:_identify(.) by extension 'colcon_meta'
[2.211s] Level 1:colcon.colcon_core.package_identification:_identify(.) by extensions ['ros']
[2.212s] Level 1:colcon.colcon_core.package_identification:_identify(.) by extension 'ros'
[2.291s] Level 1:colcon.colcon_core.package_identification:_identify(.) by extensions ['cmake', 'python']
[2.291s] Level 1:colcon.colcon_core.package_identification:_identify(.) by extension 'cmake'
[2.292s] Level 1:colcon.colcon_core.package_identification:_identify(.) by extension 'python'
[2.292s] Level 1:colcon.colcon_core.package_identification:_identify(.) by extensions ['python_setup_py']
[2.292s] Level 1:colcon.colcon_core.package_identification:_identify(.) by extension 'python_setup_py'
[2.293s] Level 1:colcon.colcon_core.package_identification:_identify(build) by extensions ['ignore', 'ignore_ament_install']
[2.294s] Level 1:colcon.colcon_core.package_identification:_identify(build) by extension 'ignore'
[2.294s] Level 1:colcon.colcon_core.package_identification:_identify(build) ignored
[2.296s] Level 1:colcon.colcon_core.package_identification:_identify(install) by extensions ['ignore', 'ignore_ament_install']
[2.297s] Level 1:colcon.colcon_core.package_identification:_identify(install) by extension 'ignore'
[2.297s] Level 1:colcon.colcon_core.package_identification:_identify(install) ignored
[2.298s] Level 1:colcon.colcon_core.package_identification:_identify(log) by extensions ['ignore', 'ignore_ament_install']
[2.298s] Level 1:colcon.colcon_core.package_identification:_identify(log) by extension 'ignore'
[2.299s] Level 1:colcon.colcon_core.package_identification:_identify(log) ignored
[2.300s] Level 1:colcon.colcon_core.package_identification:_identify(src) by extensions ['ignore', 'ignore_ament_install']
[2.300s] Level 1:colcon.colcon_core.package_identification:_identify(src) by extension 'ignore'
[2.301s] Level 1:colcon.colcon_core.package_identification:_identify(src) by extension 'ignore_ament_install'
[2.301s] Level 1:colcon.colcon_core.package_identification:_identify(src) by extensions ['colcon_pkg']
[2.301s] Level 1:colcon.colcon_core.package_identification:_identify(src) by extension 'colcon_pkg'
[2.302s] Level 1:colcon.colcon_core.package_identification:_identify(src) by extensions ['colcon_meta']
[2.302s] Level 1:colcon.colcon_core.package_identification:_identify(src) by extension 'colcon_meta'
[2.302s] Level 1:colcon.colcon_core.package_identification:_identify(src) by extensions ['ros']
[2.303s] Level 1:colcon.colcon_core.package_identification:_identify(src) by extension 'ros'
[2.303s] Level 1:colcon.colcon_core.package_identification:_identify(src) by extensions ['cmake', 'python']
[2.304s] Level 1:colcon.colcon_core.package_identification:_identify(src) by extension 'cmake'
[2.304s] Level 1:colcon.colcon_core.package_identification:_identify(src) by extension 'python'
[2.304s] Level 1:colcon.colcon_core.package_identification:_identify(src) by extensions ['python_setup_py']
[2.304s] Level 1:colcon.colcon_core.package_identification:_identify(src) by extension 'python_setup_py'
[2.305s] Level 1:colcon.colcon_core.package_identification:_identify(src/py_pubsub) by extensions ['ignore', 'ignore_ament_install']
[2.306s] Level 1:colcon.colcon_core.package_identification:_identify(src/py_pubsub) by extension 'ignore'
[2.306s] Level 1:colcon.colcon_core.package_identification:_identify(src/py_pubsub) by extension 'ignore_ament_install'
[2.307s] Level 1:colcon.colcon_core.package_identification:_identify(src/py_pubsub) by extensions ['colcon_pkg']
[2.307s] Level 1:colcon.colcon_core.package_identification:_identify(src/py_pubsub) by extension 'colcon_pkg'
[2.308s] Level 1:colcon.colcon_core.package_identification:_identify(src/py_pubsub) by extensions ['colcon_meta']
[2.308s] Level 1:colcon.colcon_core.package_identification:_identify(src/py_pubsub) by extension 'colcon_meta'
[2.308s] Level 1:colcon.colcon_core.package_identification:_identify(src/py_pubsub) by extensions ['ros']
[2.308s] Level 1:colcon.colcon_core.package_identification:_identify(src/py_pubsub) by extension 'ros'
[2.324s] DEBUG:colcon.colcon_core.package_identification:Package 'src/py_pubsub' with type 'ros.ament_python' and name 'py_pubsub'
[2.326s] Level 1:colcon.colcon_core.package_identification:_identify(src/turtlebot3) by extensions ['ignore', 'ignore_ament_install']
[2.326s] Level 1:colcon.colcon_core.package_identification:_identify(src/turtlebot3) by extension 'ignore'
[2.327s] Level 1:colcon.colcon_core.package_identification:_identify(src/turtlebot3) by extension 'ignore_ament_install'
[2.327s] Level 1:colcon.colcon_core.package_identification:_identify(src/turtlebot3) by extensions ['colcon_pkg']
[2.328s] Level 1:colcon.colcon_core.package_identification:_identify(src/turtlebot3) by extension 'colcon_pkg'
[2.328s] Level 1:colcon.colcon_core.package_identification:_identify(src/turtlebot3) by extensions ['colcon_meta']
[2.328s] Level 1:colcon.colcon_core.package_identification:_identify(src/turtlebot3) by extension 'colcon_meta'
[2.328s] Level 1:colcon.colcon_core.package_identification:_identify(src/turtlebot3) by extensions ['ros']
[2.329s] Level 1:colcon.colcon_core.package_identification:_identify(src/turtlebot3) by extension 'ros'
[2.329s] Level 1:colcon.colcon_core.package_identification:_identify(src/turtlebot3) by extensions ['cmake', 'python']
[2.330s] Level 1:colcon.colcon_core.package_identification:_identify(src/turtlebot3) by extension 'cmake'
[2.330s] Level 1:colcon.colcon_core.package_identification:_identify(src/turtlebot3) by extension 'python'
[2.330s] Level 1:colcon.colcon_core.package_identification:_identify(src/turtlebot3) by extensions ['python_setup_py']
[2.331s] Level 1:colcon.colcon_core.package_identification:_identify(src/turtlebot3) by extension 'python_setup_py'
[2.332s] Level 1:colcon.colcon_core.package_identification:_identify(src/turtlebot3/turtlebot3) by extensions ['ignore', 'ignore_ament_install']
[2.332s] Level 1:colcon.colcon_core.package_identification:_identify(src/turtlebot3/turtlebot3) by extension 'ignore'
[2.333s] Level 1:colcon.colcon_core.package_identification:_identify(src/turtlebot3/turtlebot3) by extension 'ignore_ament_install'
[2.333s] Level 1:colcon.colcon_core.package_identification:_identify(src/turtlebot3/turtlebot3) by extensions ['colcon_pkg']
[2.333s] Level 1:colcon.colcon_core.package_identification:_identify(src/turtlebot3/turtlebot3) by extension 'colcon_pkg'
[2.334s] Level 1:colcon.colcon_core.package_identification:_identify(src/turtlebot3/turtlebot3) by extensions ['colcon_meta']
[2.334s] Level 1:colcon.colcon_core.package_identification:_identify(src/turtlebot3/turtlebot3) by extension 'colcon_meta'
[2.334s] Level 1:colcon.colcon_core.package_identification:_identify(src/turtlebot3/turtlebot3) by extensions ['ros']
[2.335s] Level 1:colcon.colcon_core.package_identification:_identify(src/turtlebot3/turtlebot3) by extension 'ros'
[2.339s] DEBUG:colcon.colcon_core.package_identification:Package 'src/turtlebot3/turtlebot3' with type 'ros.ament_cmake' and name 'turtlebot3'
[2.341s] Level 1:colcon.colcon_core.package_identification:_identify(src/turtlebot3/turtlebot3_bringup) by extensions ['ignore', 'ignore_ament_install']
[2.341s] Level 1:colcon.colcon_core.package_identification:_identify(src/turtlebot3/turtlebot3_bringup) by extension 'ignore'
[2.342s] Level 1:colcon.colcon_core.package_identification:_identify(src/turtlebot3/turtlebot3_bringup) by extension 'ignore_ament_install'
[2.342s] Level 1:colcon.colcon_core.package_identification:_identify(src/turtlebot3/turtlebot3_bringup) by extensions ['colcon_pkg']
[2.342s] Level 1:colcon.colcon_core.package_identification:_identify(src/turtlebot3/turtlebot3_bringup) by extension 'colcon_pkg'
[2.343s] Level 1:colcon.colcon_core.package_identification:_identify(src/turtlebot3/turtlebot3_bringup) by extensions ['colcon_meta']
[2.343s] Level 1:colcon.colcon_core.package_identification:_identify(src/turtlebot3/turtlebot3_bringup) by extension 'colcon_meta'
[2.344s] Level 1:colcon.colcon_core.package_identification:_identify(src/turtlebot3/turtlebot3_bringup) by extensions ['ros']
[2.344s] Level 1:colcon.colcon_core.package_identification:_identify(src/turtlebot3/turtlebot3_bringup) by extension 'ros'
[2.349s] DEBUG:colcon.colcon_core.package_identification:Package 'src/turtlebot3/turtlebot3_bringup' with type 'ros.ament_cmake' and name 'turtlebot3_bringup'
[2.350s] Level 1:colcon.colcon_core.package_identification:_identify(src/turtlebot3/turtlebot3_description) by extensions ['ignore', 'ignore_ament_install']
[2.351s] Level 1:colcon.colcon_core.package_identification:_identify(src/turtlebot3/turtlebot3_description) by extension 'ignore'
[2.351s] Level 1:colcon.colcon_core.package_identification:_identify(src/turtlebot3/turtlebot3_description) by extension 'ignore_ament_install'
[2.352s] Level 1:colcon.colcon_core.package_identification:_identify(src/turtlebot3/turtlebot3_description) by extensions ['colcon_pkg']
[2.352s] Level 1:colcon.colcon_core.package_identification:_identify(src/turtlebot3/turtlebot3_description) by extension 'colcon_pkg'
[2.352s] Level 1:colcon.colcon_core.package_identification:_identify(src/turtlebot3/turtlebot3_description) by extensions ['colcon_meta']
[2.352s] Level 1:colcon.colcon_core.package_identification:_identify(src/turtlebot3/turtlebot3_description) by extension 'colcon_meta'
[2.353s] Level 1:colcon.colcon_core.package_identification:_identify(src/turtlebot3/turtlebot3_description) by extensions ['ros']
[2.353s] Level 1:colcon.colcon_core.package_identification:_identify(src/turtlebot3/turtlebot3_description) by extension 'ros'
[2.358s] DEBUG:colcon.colcon_core.package_identification:Package 'src/turtlebot3/turtlebot3_description' with type 'ros.ament_cmake' and name 'turtlebot3_description'
[2.359s] Level 1:colcon.colcon_core.package_identification:_identify(src/turtlebot3/turtlebot3_example) by extensions ['ignore', 'ignore_ament_install']
[2.360s] Level 1:colcon.colcon_core.package_identification:_identify(src/turtlebot3/turtlebot3_example) by extension 'ignore'
[2.360s] Level 1:colcon.colcon_core.package_identification:_identify(src/turtlebot3/turtlebot3_example) by extension 'ignore_ament_install'
[2.361s] Level 1:colcon.colcon_core.package_identification:_identify(src/turtlebot3/turtlebot3_example) by extensions ['colcon_pkg']
[2.361s] Level 1:colcon.colcon_core.package_identification:_identify(src/turtlebot3/turtlebot3_example) by extension 'colcon_pkg'
[2.361s] Level 1:colcon.colcon_core.package_identification:_identify(src/turtlebot3/turtlebot3_example) by extensions ['colcon_meta']
[2.361s] Level 1:colcon.colcon_core.package_identification:_identify(src/turtlebot3/turtlebot3_example) by extension 'colcon_meta'
[2.362s] Level 1:colcon.colcon_core.package_identification:_identify(src/turtlebot3/turtlebot3_example) by extensions ['ros']
[2.362s] Level 1:colcon.colcon_core.package_identification:_identify(src/turtlebot3/turtlebot3_example) by extension 'ros'
[2.370s] DEBUG:colcon.colcon_core.package_identification:Package 'src/turtlebot3/turtlebot3_example' with type 'ros.ament_python' and name 'turtlebot3_example'
[2.371s] Level 1:colcon.colcon_core.package_identification:_identify(src/turtlebot3/turtlebot3_node) by extensions ['ignore', 'ignore_ament_install']
[2.372s] Level 1:colcon.colcon_core.package_identification:_identify(src/turtlebot3/turtlebot3_node) by extension 'ignore'
[2.372s] Level 1:colcon.colcon_core.package_identification:_identify(src/turtlebot3/turtlebot3_node) by extension 'ignore_ament_install'
[2.373s] Level 1:colcon.colcon_core.package_identification:_identify(src/turtlebot3/turtlebot3_node) by extensions ['colcon_pkg']
[2.373s] Level 1:colcon.colcon_core.package_identification:_identify(src/turtlebot3/turtlebot3_node) by extension 'colcon_pkg'
[2.373s] Level 1:colcon.colcon_core.package_identification:_identify(src/turtlebot3/turtlebot3_node) by extensions ['colcon_meta']
[2.373s] Level 1:colcon.colcon_core.package_identification:_identify(src/turtlebot3/turtlebot3_node) by extension 'colcon_meta'
[2.374s] Level 1:colcon.colcon_core.package_identification:_identify(src/turtlebot3/turtlebot3_node) by extensions ['ros']
[2.374s] Level 1:colcon.colcon_core.package_identification:_identify(src/turtlebot3/turtlebot3_node) by extension 'ros'
[2.395s] DEBUG:colcon.colcon_core.package_identification:Package 'src/turtlebot3/turtlebot3_node' with type 'ros.ament_cmake' and name 'turtlebot3_node'
[2.396s] Level 1:colcon.colcon_core.package_identification:_identify(src/turtlebot3/turtlebot3_teleop) by extensions ['ignore', 'ignore_ament_install']
[2.397s] Level 1:colcon.colcon_core.package_identification:_identify(src/turtlebot3/turtlebot3_teleop) by extension 'ignore'
[2.397s] Level 1:colcon.colcon_core.package_identification:_identify(src/turtlebot3/turtlebot3_teleop) by extension 'ignore_ament_install'
[2.397s] Level 1:colcon.colcon_core.package_identification:_identify(src/turtlebot3/turtlebot3_teleop) by extensions ['colcon_pkg']
[2.398s] Level 1:colcon.colcon_core.package_identification:_identify(src/turtlebot3/turtlebot3_teleop) by extension 'colcon_pkg'
[2.398s] Level 1:colcon.colcon_core.package_identification:_identify(src/turtlebot3/turtlebot3_teleop) by extensions ['colcon_meta']
[2.398s] Level 1:colcon.colcon_core.package_identification:_identify(src/turtlebot3/turtlebot3_teleop) by extension 'colcon_meta'
[2.399s] Level 1:colcon.colcon_core.package_identification:_identify(src/turtlebot3/turtlebot3_teleop) by extensions ['ros']
[2.399s] Level 1:colcon.colcon_core.package_identification:_identify(src/turtlebot3/turtlebot3_teleop) by extension 'ros'
[2.404s] DEBUG:colcon.colcon_core.package_identification:Package 'src/turtlebot3/turtlebot3_teleop' with type 'ros.ament_python' and name 'turtlebot3_teleop'
[2.404s] Level 1:colcon.colcon_core.package_discovery:discover_packages(recursive) using defaults
[2.405s] Level 1:colcon.colcon_core.package_discovery:discover_packages(ignore) discover
[2.405s] Level 1:colcon.colcon_core.package_discovery:discover_packages(ignore) using defaults
[2.405s] Level 1:colcon.colcon_core.package_discovery:discover_packages(path) discover
[2.405s] Level 1:colcon.colcon_core.package_discovery:discover_packages(path) using defaults
[2.544s] Level 5:colcon.colcon_core.verb:set package 'py_pubsub' build argument 'cmake_args' from command line to 'None'
[2.545s] Level 5:colcon.colcon_core.verb:set package 'py_pubsub' build argument 'cmake_target' from command line to 'None'
[2.545s] Level 5:colcon.colcon_core.verb:set package 'py_pubsub' build argument 'cmake_target_skip_unavailable' from command line to 'False'
[2.545s] Level 5:colcon.colcon_core.verb:set package 'py_pubsub' build argument 'cmake_clean_cache' from command line to 'False'
[2.545s] Level 5:colcon.colcon_core.verb:set package 'py_pubsub' build argument 'cmake_clean_first' from command line to 'False'
[2.546s] Level 5:colcon.colcon_core.verb:set package 'py_pubsub' build argument 'cmake_force_configure' from command line to 'False'
[2.546s] Level 5:colcon.colcon_core.verb:set package 'py_pubsub' build argument 'ament_cmake_args' from command line to 'None'
[2.546s] Level 5:colcon.colcon_core.verb:set package 'py_pubsub' build argument 'catkin_cmake_args' from command line to 'None'
[2.546s] Level 5:colcon.colcon_core.verb:set package 'py_pubsub' build argument 'catkin_skip_building_tests' from command line to 'False'
[2.546s] DEBUG:colcon.colcon_core.verb:Building package 'py_pubsub' with the following arguments: {'ament_cmake_args': None, 'build_base': '/home/ubuntu/turtlebot3_ws/build/py_pubsub', 'catkin_cmake_args': None, 'catkin_skip_building_tests': False, 'cmake_args': None, 'cmake_clean_cache': False, 'cmake_clean_first': False, 'cmake_force_configure': False, 'cmake_target': None, 'cmake_target_skip_unavailable': False, 'install_base': '/home/ubuntu/turtlebot3_ws/install/py_pubsub', 'merge_install': False, 'path': '/home/ubuntu/turtlebot3_ws/src/py_pubsub', 'symlink_install': False, 'test_result_base': None}
[2.566s] Level 5:colcon.colcon_core.verb:set package 'turtlebot3_description' build argument 'cmake_args' from command line to 'None'
[2.567s] Level 5:colcon.colcon_core.verb:set package 'turtlebot3_description' build argument 'cmake_target' from command line to 'None'
[2.567s] Level 5:colcon.colcon_core.verb:set package 'turtlebot3_description' build argument 'cmake_target_skip_unavailable' from command line to 'False'
[2.567s] Level 5:colcon.colcon_core.verb:set package 'turtlebot3_description' build argument 'cmake_clean_cache' from command line to 'False'
[2.567s] Level 5:colcon.colcon_core.verb:set package 'turtlebot3_description' build argument 'cmake_clean_first' from command line to 'False'
[2.568s] Level 5:colcon.colcon_core.verb:set package 'turtlebot3_description' build argument 'cmake_force_configure' from command line to 'False'
[2.568s] Level 5:colcon.colcon_core.verb:set package 'turtlebot3_description' build argument 'ament_cmake_args' from command line to 'None'
[2.568s] Level 5:colcon.colcon_core.verb:set package 'turtlebot3_description' build argument 'catkin_cmake_args' from command line to 'None'
[2.568s] Level 5:colcon.colcon_core.verb:set package 'turtlebot3_description' build argument 'catkin_skip_building_tests' from command line to 'False'
[2.569s] DEBUG:colcon.colcon_core.verb:Building package 'turtlebot3_description' with the following arguments: {'ament_cmake_args': None, 'build_base': '/home/ubuntu/turtlebot3_ws/build/turtlebot3_description', 'catkin_cmake_args': None, 'catkin_skip_building_tests': False, 'cmake_args': None, 'cmake_clean_cache': False, 'cmake_clean_first': False, 'cmake_force_configure': False, 'cmake_target': None, 'cmake_target_skip_unavailable': False, 'install_base': '/home/ubuntu/turtlebot3_ws/install/turtlebot3_description', 'merge_install': False, 'path': '/home/ubuntu/turtlebot3_ws/src/turtlebot3/turtlebot3_description', 'symlink_install': False, 'test_result_base': None}
[2.588s] Level 5:colcon.colcon_core.verb:set package 'turtlebot3_example' build argument 'cmake_args' from command line to 'None'
[2.588s] Level 5:colcon.colcon_core.verb:set package 'turtlebot3_example' build argument 'cmake_target' from command line to 'None'
[2.588s] Level 5:colcon.colcon_core.verb:set package 'turtlebot3_example' build argument 'cmake_target_skip_unavailable' from command line to 'False'
[2.588s] Level 5:colcon.colcon_core.verb:set package 'turtlebot3_example' build argument 'cmake_clean_cache' from command line to 'False'
[2.589s] Level 5:colcon.colcon_core.verb:set package 'turtlebot3_example' build argument 'cmake_clean_first' from command line to 'False'
[2.589s] Level 5:colcon.colcon_core.verb:set package 'turtlebot3_example' build argument 'cmake_force_configure' from command line to 'False'
[2.589s] Level 5:colcon.colcon_core.verb:set package 'turtlebot3_example' build argument 'ament_cmake_args' from command line to 'None'
[2.589s] Level 5:colcon.colcon_core.verb:set package 'turtlebot3_example' build argument 'catkin_cmake_args' from command line to 'None'
[2.589s] Level 5:colcon.colcon_core.verb:set package 'turtlebot3_example' build argument 'catkin_skip_building_tests' from command line to 'False'
[2.590s] DEBUG:colcon.colcon_core.verb:Building package 'turtlebot3_example' with the following arguments: {'ament_cmake_args': None, 'build_base': '/home/ubuntu/turtlebot3_ws/build/turtlebot3_example', 'catkin_cmake_args': None, 'catkin_skip_building_tests': False, 'cmake_args': None, 'cmake_clean_cache': False, 'cmake_clean_first': False, 'cmake_force_configure': False, 'cmake_target': None, 'cmake_target_skip_unavailable': False, 'install_base': '/home/ubuntu/turtlebot3_ws/install/turtlebot3_example', 'merge_install': False, 'path': '/home/ubuntu/turtlebot3_ws/src/turtlebot3/turtlebot3_example', 'symlink_install': False, 'test_result_base': None}
[2.609s] Level 5:colcon.colcon_core.verb:set package 'turtlebot3_node' build argument 'cmake_args' from command line to 'None'
[2.609s] Level 5:colcon.colcon_core.verb:set package 'turtlebot3_node' build argument 'cmake_target' from command line to 'None'
[2.609s] Level 5:colcon.colcon_core.verb:set package 'turtlebot3_node' build argument 'cmake_target_skip_unavailable' from command line to 'False'
[2.610s] Level 5:colcon.colcon_core.verb:set package 'turtlebot3_node' build argument 'cmake_clean_cache' from command line to 'False'
[2.610s] Level 5:colcon.colcon_core.verb:set package 'turtlebot3_node' build argument 'cmake_clean_first' from command line to 'False'
[2.610s] Level 5:colcon.colcon_core.verb:set package 'turtlebot3_node' build argument 'cmake_force_configure' from command line to 'False'
[2.610s] Level 5:colcon.colcon_core.verb:set package 'turtlebot3_node' build argument 'ament_cmake_args' from command line to 'None'
[2.610s] Level 5:colcon.colcon_core.verb:set package 'turtlebot3_node' build argument 'catkin_cmake_args' from command line to 'None'
[2.610s] Level 5:colcon.colcon_core.verb:set package 'turtlebot3_node' build argument 'catkin_skip_building_tests' from command line to 'False'
[2.611s] DEBUG:colcon.colcon_core.verb:Building package 'turtlebot3_node' with the following arguments: {'ament_cmake_args': None, 'build_base': '/home/ubuntu/turtlebot3_ws/build/turtlebot3_node', 'catkin_cmake_args': None, 'catkin_skip_building_tests': False, 'cmake_args': None, 'cmake_clean_cache': False, 'cmake_clean_first': False, 'cmake_force_configure': False, 'cmake_target': None, 'cmake_target_skip_unavailable': False, 'install_base': '/home/ubuntu/turtlebot3_ws/install/turtlebot3_node', 'merge_install': False, 'path': '/home/ubuntu/turtlebot3_ws/src/turtlebot3/turtlebot3_node', 'symlink_install': False, 'test_result_base': None}
[2.630s] Level 5:colcon.colcon_core.verb:set package 'turtlebot3_teleop' build argument 'cmake_args' from command line to 'None'
[2.630s] Level 5:colcon.colcon_core.verb:set package 'turtlebot3_teleop' build argument 'cmake_target' from command line to 'None'
[2.631s] Level 5:colcon.colcon_core.verb:set package 'turtlebot3_teleop' build argument 'cmake_target_skip_unavailable' from command line to 'False'
[2.631s] Level 5:colcon.colcon_core.verb:set package 'turtlebot3_teleop' build argument 'cmake_clean_cache' from command line to 'False'
[2.631s] Level 5:colcon.colcon_core.verb:set package 'turtlebot3_teleop' build argument 'cmake_clean_first' from command line to 'False'
[2.631s] Level 5:colcon.colcon_core.verb:set package 'turtlebot3_teleop' build argument 'cmake_force_configure' from command line to 'False'
[2.631s] Level 5:colcon.colcon_core.verb:set package 'turtlebot3_teleop' build argument 'ament_cmake_args' from command line to 'None'
[2.632s] Level 5:colcon.colcon_core.verb:set package 'turtlebot3_teleop' build argument 'catkin_cmake_args' from command line to 'None'
[2.632s] Level 5:colcon.colcon_core.verb:set package 'turtlebot3_teleop' build argument 'catkin_skip_building_tests' from command line to 'False'
[2.632s] DEBUG:colcon.colcon_core.verb:Building package 'turtlebot3_teleop' with the following arguments: {'ament_cmake_args': None, 'build_base': '/home/ubuntu/turtlebot3_ws/build/turtlebot3_teleop', 'catkin_cmake_args': None, 'catkin_skip_building_tests': False, 'cmake_args': None, 'cmake_clean_cache': False, 'cmake_clean_first': False, 'cmake_force_configure': False, 'cmake_target': None, 'cmake_target_skip_unavailable': False, 'install_base': '/home/ubuntu/turtlebot3_ws/install/turtlebot3_teleop', 'merge_install': False, 'path': '/home/ubuntu/turtlebot3_ws/src/turtlebot3/turtlebot3_teleop', 'symlink_install': False, 'test_result_base': None}
[2.651s] Level 5:colcon.colcon_core.verb:set package 'turtlebot3_bringup' build argument 'cmake_args' from command line to 'None'
[2.652s] Level 5:colcon.colcon_core.verb:set package 'turtlebot3_bringup' build argument 'cmake_target' from command line to 'None'
[2.652s] Level 5:colcon.colcon_core.verb:set package 'turtlebot3_bringup' build argument 'cmake_target_skip_unavailable' from command line to 'False'
[2.652s] Level 5:colcon.colcon_core.verb:set package 'turtlebot3_bringup' build argument 'cmake_clean_cache' from command line to 'False'
[2.652s] Level 5:colcon.colcon_core.verb:set package 'turtlebot3_bringup' build argument 'cmake_clean_first' from command line to 'False'
[2.652s] Level 5:colcon.colcon_core.verb:set package 'turtlebot3_bringup' build argument 'cmake_force_configure' from command line to 'False'
[2.653s] Level 5:colcon.colcon_core.verb:set package 'turtlebot3_bringup' build argument 'ament_cmake_args' from command line to 'None'
[2.653s] Level 5:colcon.colcon_core.verb:set package 'turtlebot3_bringup' build argument 'catkin_cmake_args' from command line to 'None'
[2.653s] Level 5:colcon.colcon_core.verb:set package 'turtlebot3_bringup' build argument 'catkin_skip_building_tests' from command line to 'False'
[2.653s] DEBUG:colcon.colcon_core.verb:Building package 'turtlebot3_bringup' with the following arguments: {'ament_cmake_args': None, 'build_base': '/home/ubuntu/turtlebot3_ws/build/turtlebot3_bringup', 'catkin_cmake_args': None, 'catkin_skip_building_tests': False, 'cmake_args': None, 'cmake_clean_cache': False, 'cmake_clean_first': False, 'cmake_force_configure': False, 'cmake_target': None, 'cmake_target_skip_unavailable': False, 'install_base': '/home/ubuntu/turtlebot3_ws/install/turtlebot3_bringup', 'merge_install': False, 'path': '/home/ubuntu/turtlebot3_ws/src/turtlebot3/turtlebot3_bringup', 'symlink_install': False, 'test_result_base': None}
[2.672s] Level 5:colcon.colcon_core.verb:set package 'turtlebot3' build argument 'cmake_args' from command line to 'None'
[2.673s] Level 5:colcon.colcon_core.verb:set package 'turtlebot3' build argument 'cmake_target' from command line to 'None'
[2.673s] Level 5:colcon.colcon_core.verb:set package 'turtlebot3' build argument 'cmake_target_skip_unavailable' from command line to 'False'
[2.673s] Level 5:colcon.colcon_core.verb:set package 'turtlebot3' build argument 'cmake_clean_cache' from command line to 'False'
[2.673s] Level 5:colcon.colcon_core.verb:set package 'turtlebot3' build argument 'cmake_clean_first' from command line to 'False'
[2.674s] Level 5:colcon.colcon_core.verb:set package 'turtlebot3' build argument 'cmake_force_configure' from command line to 'False'
[2.674s] Level 5:colcon.colcon_core.verb:set package 'turtlebot3' build argument 'ament_cmake_args' from command line to 'None'
[2.674s] Level 5:colcon.colcon_core.verb:set package 'turtlebot3' build argument 'catkin_cmake_args' from command line to 'None'
[2.674s] Level 5:colcon.colcon_core.verb:set package 'turtlebot3' build argument 'catkin_skip_building_tests' from command line to 'False'
[2.674s] DEBUG:colcon.colcon_core.verb:Building package 'turtlebot3' with the following arguments: {'ament_cmake_args': None, 'build_base': '/home/ubuntu/turtlebot3_ws/build/turtlebot3', 'catkin_cmake_args': None, 'catkin_skip_building_tests': False, 'cmake_args': None, 'cmake_clean_cache': False, 'cmake_clean_first': False, 'cmake_force_configure': False, 'cmake_target': None, 'cmake_target_skip_unavailable': False, 'install_base': '/home/ubuntu/turtlebot3_ws/install/turtlebot3', 'merge_install': False, 'path': '/home/ubuntu/turtlebot3_ws/src/turtlebot3/turtlebot3', 'symlink_install': False, 'test_result_base': None}
[2.677s] INFO:colcon.colcon_core.executor:Executing jobs using 'parallel' executor
[2.689s] DEBUG:colcon.colcon_parallel_executor.executor.parallel:run_until_complete
[2.692s] INFO:colcon.colcon_ros.task.ament_cmake.build:Building ROS package in '/home/ubuntu/turtlebot3_ws/src/turtlebot3/turtlebot3_description' with build type 'ament_cmake'
[2.693s] INFO:colcon.colcon_cmake.task.cmake.build:Building CMake package in '/home/ubuntu/turtlebot3_ws/src/turtlebot3/turtlebot3_description'
[2.720s] INFO:colcon.colcon_core.plugin_system:Skipping extension 'colcon_core.shell.bat': Not used on non-Windows systems
[2.721s] INFO:colcon.colcon_core.shell:Skip shell extension 'powershell' for command environment: Not usable outside of PowerShell
[2.721s] DEBUG:colcon.colcon_core.shell:Skip shell extension 'dsv' for command environment
[2.744s] DEBUG:colcon.colcon_core.shell:Ignoring prefix path '/opt/ros/foxy'
[2.761s] INFO:colcon.colcon_ros.task.ament_cmake.build:Building ROS package in '/home/ubuntu/turtlebot3_ws/src/turtlebot3/turtlebot3_node' with build type 'ament_cmake'
[2.762s] INFO:colcon.colcon_cmake.task.cmake.build:Building CMake package in '/home/ubuntu/turtlebot3_ws/src/turtlebot3/turtlebot3_node'
[2.767s] INFO:colcon.colcon_core.shell:Skip shell extension 'powershell' for command environment: Not usable outside of PowerShell
[2.768s] DEBUG:colcon.colcon_core.shell:Skip shell extension 'dsv' for command environment
[2.785s] DEBUG:colcon.colcon_core.shell:Ignoring prefix path '/opt/ros/foxy'
[2.801s] INFO:colcon.colcon_ros.task.ament_python.build:Building ROS package in '/home/ubuntu/turtlebot3_ws/src/turtlebot3/turtlebot3_example' with build type 'ament_python'
[2.803s] Level 1:colcon.colcon_core.shell:create_environment_hook('turtlebot3_example', 'ament_prefix_path')
[2.811s] INFO:colcon.colcon_core.shell:Creating environment hook '/home/ubuntu/turtlebot3_ws/install/turtlebot3_example/share/turtlebot3_example/hook/ament_prefix_path.ps1'
[2.817s] INFO:colcon.colcon_core.shell:Creating environment descriptor '/home/ubuntu/turtlebot3_ws/install/turtlebot3_example/share/turtlebot3_example/hook/ament_prefix_path.dsv'
[2.821s] INFO:colcon.colcon_core.shell:Creating environment hook '/home/ubuntu/turtlebot3_ws/install/turtlebot3_example/share/turtlebot3_example/hook/ament_prefix_path.sh'
[2.830s] INFO:colcon.colcon_core.shell:Skip shell extension 'powershell' for command environment: Not usable outside of PowerShell
[2.831s] DEBUG:colcon.colcon_core.shell:Skip shell extension 'dsv' for command environment
[2.847s] DEBUG:colcon.colcon_core.shell:Ignoring prefix path '/opt/ros/foxy'
[2.862s] INFO:colcon.colcon_ros.task.ament_python.build:Building ROS package in '/home/ubuntu/turtlebot3_ws/src/turtlebot3/turtlebot3_teleop' with build type 'ament_python'
[2.863s] Level 1:colcon.colcon_core.shell:create_environment_hook('turtlebot3_teleop', 'ament_prefix_path')
[2.869s] INFO:colcon.colcon_core.shell:Creating environment hook '/home/ubuntu/turtlebot3_ws/install/turtlebot3_teleop/share/turtlebot3_teleop/hook/ament_prefix_path.ps1'
[2.873s] INFO:colcon.colcon_core.shell:Creating environment descriptor '/home/ubuntu/turtlebot3_ws/install/turtlebot3_teleop/share/turtlebot3_teleop/hook/ament_prefix_path.dsv'
[2.876s] INFO:colcon.colcon_core.shell:Creating environment hook '/home/ubuntu/turtlebot3_ws/install/turtlebot3_teleop/share/turtlebot3_teleop/hook/ament_prefix_path.sh'
[2.882s] INFO:colcon.colcon_core.shell:Skip shell extension 'powershell' for command environment: Not usable outside of PowerShell
[2.882s] DEBUG:colcon.colcon_core.shell:Skip shell extension 'dsv' for command environment
[2.899s] DEBUG:colcon.colcon_core.shell:Ignoring prefix path '/opt/ros/foxy'
[2.949s] DEBUG:colcon.colcon_core.event_handler.log_command:Invoking command in '/home/ubuntu/turtlebot3_ws/build/turtlebot3_description': CMAKE_PREFIX_PATH=${CMAKE_PREFIX_PATH}:/home/ubuntu/turtlebot3_ws/install/turtlebot3_teleop:/home/ubuntu/turtlebot3_ws/install/turtlebot3_example:/home/ubuntu/turtlebot3_ws/install/py_pubsub:/opt/ros/foxy /usr/bin/cmake --build /home/ubuntu/turtlebot3_ws/build/turtlebot3_description -- -j4 -l4
[3.001s] DEBUG:colcon.colcon_core.event_handler.log_command:Invoking command in '/home/ubuntu/turtlebot3_ws/build/turtlebot3_node': CMAKE_PREFIX_PATH=${CMAKE_PREFIX_PATH}:/home/ubuntu/turtlebot3_ws/install/turtlebot3_teleop:/home/ubuntu/turtlebot3_ws/install/turtlebot3_example:/home/ubuntu/turtlebot3_ws/install/py_pubsub:/opt/ros/foxy /usr/bin/cmake --build /home/ubuntu/turtlebot3_ws/build/turtlebot3_node -- -j4 -l4
[4.711s] INFO:colcon.colcon_core.task.python.build:Building Python package in '/home/ubuntu/turtlebot3_ws/src/turtlebot3/turtlebot3_example'
[4.715s] INFO:colcon.colcon_core.shell:Skip shell extension 'powershell' for command environment: Not usable outside of PowerShell
[4.716s] DEBUG:colcon.colcon_core.shell:Skip shell extension 'dsv' for command environment
[4.733s] DEBUG:colcon.colcon_core.shell:Ignoring prefix path '/opt/ros/foxy'
[6.356s] INFO:colcon.colcon_core.task.python.build:Building Python package in '/home/ubuntu/turtlebot3_ws/src/turtlebot3/turtlebot3_teleop'
[6.361s] INFO:colcon.colcon_core.shell:Skip shell extension 'powershell' for command environment: Not usable outside of PowerShell
[6.361s] DEBUG:colcon.colcon_core.shell:Skip shell extension 'dsv' for command environment
[6.382s] DEBUG:colcon.colcon_core.shell:Ignoring prefix path '/opt/ros/foxy'
[6.407s] DEBUG:colcon.colcon_core.event_handler.log_command:Invoked command in '/home/ubuntu/turtlebot3_ws/build/turtlebot3_description' returned '0': CMAKE_PREFIX_PATH=${CMAKE_PREFIX_PATH}:/home/ubuntu/turtlebot3_ws/install/turtlebot3_teleop:/home/ubuntu/turtlebot3_ws/install/turtlebot3_example:/home/ubuntu/turtlebot3_ws/install/py_pubsub:/opt/ros/foxy /usr/bin/cmake --build /home/ubuntu/turtlebot3_ws/build/turtlebot3_description -- -j4 -l4
[6.425s] DEBUG:colcon.colcon_core.event_handler.log_command:Invoked command in '/home/ubuntu/turtlebot3_ws/build/turtlebot3_node' returned '0': CMAKE_PREFIX_PATH=${CMAKE_PREFIX_PATH}:/home/ubuntu/turtlebot3_ws/install/turtlebot3_teleop:/home/ubuntu/turtlebot3_ws/install/turtlebot3_example:/home/ubuntu/turtlebot3_ws/install/py_pubsub:/opt/ros/foxy /usr/bin/cmake --build /home/ubuntu/turtlebot3_ws/build/turtlebot3_node -- -j4 -l4
[6.473s] DEBUG:colcon.colcon_core.event_handler.log_command:Invoking command in '/home/ubuntu/turtlebot3_ws/build/turtlebot3_example': PYTHONPATH=/home/ubuntu/turtlebot3_ws/install/turtlebot3_example/lib/python3.8/site-packages:${PYTHONPATH} /usr/bin/python3 setup.py develop --prefix /home/ubuntu/turtlebot3_ws/install/turtlebot3_example --uninstall --editable --build-directory /home/ubuntu/turtlebot3_ws/build/turtlebot3_example/build
[6.510s] DEBUG:colcon.colcon_core.event_handler.log_command:Invoking command in '/home/ubuntu/turtlebot3_ws/build/turtlebot3_teleop': PYTHONPATH=/home/ubuntu/turtlebot3_ws/install/turtlebot3_teleop/lib/python3.8/site-packages:${PYTHONPATH} /usr/bin/python3 setup.py develop --prefix /home/ubuntu/turtlebot3_ws/install/turtlebot3_teleop --uninstall --editable --build-directory /home/ubuntu/turtlebot3_ws/build/turtlebot3_teleop/build
[6.687s] DEBUG:colcon.colcon_core.event_handler.log_command:Invoking command in '/home/ubuntu/turtlebot3_ws/build/turtlebot3_description': CMAKE_PREFIX_PATH=${CMAKE_PREFIX_PATH}:/home/ubuntu/turtlebot3_ws/install/turtlebot3_teleop:/home/ubuntu/turtlebot3_ws/install/turtlebot3_example:/home/ubuntu/turtlebot3_ws/install/py_pubsub:/opt/ros/foxy /usr/bin/cmake --install /home/ubuntu/turtlebot3_ws/build/turtlebot3_description
[6.942s] DEBUG:colcon.colcon_core.event_handler.log_command:Invoking command in '/home/ubuntu/turtlebot3_ws/build/turtlebot3_node': CMAKE_PREFIX_PATH=${CMAKE_PREFIX_PATH}:/home/ubuntu/turtlebot3_ws/install/turtlebot3_teleop:/home/ubuntu/turtlebot3_ws/install/turtlebot3_example:/home/ubuntu/turtlebot3_ws/install/py_pubsub:/opt/ros/foxy /usr/bin/cmake --install /home/ubuntu/turtlebot3_ws/build/turtlebot3_node
[7.004s] Level 1:colcon.colcon_core.environment:create_environment_scripts_only(turtlebot3_description)
[7.008s] DEBUG:colcon.colcon_core.event_handler.log_command:Invoked command in '/home/ubuntu/turtlebot3_ws/build/turtlebot3_description' returned '0': CMAKE_PREFIX_PATH=${CMAKE_PREFIX_PATH}:/home/ubuntu/turtlebot3_ws/install/turtlebot3_teleop:/home/ubuntu/turtlebot3_ws/install/turtlebot3_example:/home/ubuntu/turtlebot3_ws/install/py_pubsub:/opt/ros/foxy /usr/bin/cmake --install /home/ubuntu/turtlebot3_ws/build/turtlebot3_description
[7.062s] Level 1:colcon.colcon_core.environment:checking '/home/ubuntu/turtlebot3_ws/install/turtlebot3_description' for CMake module files
[7.084s] Level 1:colcon.colcon_core.environment:checking '/home/ubuntu/turtlebot3_ws/install/turtlebot3_description' for CMake config files
[7.097s] Level 1:colcon.colcon_core.shell:create_environment_hook('turtlebot3_description', 'cmake_prefix_path')
[7.104s] INFO:colcon.colcon_core.shell:Creating environment hook '/home/ubuntu/turtlebot3_ws/install/turtlebot3_description/share/turtlebot3_description/hook/cmake_prefix_path.ps1'
[7.109s] INFO:colcon.colcon_core.shell:Creating environment descriptor '/home/ubuntu/turtlebot3_ws/install/turtlebot3_description/share/turtlebot3_description/hook/cmake_prefix_path.dsv'
[7.113s] INFO:colcon.colcon_core.shell:Creating environment hook '/home/ubuntu/turtlebot3_ws/install/turtlebot3_description/share/turtlebot3_description/hook/cmake_prefix_path.sh'
[7.121s] Level 1:colcon.colcon_core.environment:checking '/home/ubuntu/turtlebot3_ws/install/turtlebot3_description/bin'
[7.122s] Level 1:colcon.colcon_core.environment:checking '/home/ubuntu/turtlebot3_ws/install/turtlebot3_description/lib/pkgconfig/turtlebot3_description.pc'
[7.123s] Level 1:colcon.colcon_core.environment:checking '/home/ubuntu/turtlebot3_ws/install/turtlebot3_description/lib/python3.8/site-packages'
[7.130s] INFO:colcon.colcon_core.shell:Creating package script '/home/ubuntu/turtlebot3_ws/install/turtlebot3_description/share/turtlebot3_description/package.ps1'
[7.138s] INFO:colcon.colcon_core.shell:Creating package descriptor '/home/ubuntu/turtlebot3_ws/install/turtlebot3_description/share/turtlebot3_description/package.dsv'
[7.145s] INFO:colcon.colcon_core.shell:Creating package script '/home/ubuntu/turtlebot3_ws/install/turtlebot3_description/share/turtlebot3_description/package.sh'
[7.154s] INFO:colcon.colcon_core.shell:Creating package script '/home/ubuntu/turtlebot3_ws/install/turtlebot3_description/share/turtlebot3_description/package.bash'
[7.165s] INFO:colcon.colcon_core.shell:Creating package script '/home/ubuntu/turtlebot3_ws/install/turtlebot3_description/share/turtlebot3_description/package.zsh'
[7.173s] Level 1:colcon.colcon_core.environment:create_file_with_runtime_dependencies(/home/ubuntu/turtlebot3_ws/install/turtlebot3_description/share/colcon-core/packages/turtlebot3_description)
[7.217s] Level 1:colcon.colcon_core.environment:create_environment_scripts_only(turtlebot3_node)
[7.220s] DEBUG:colcon.colcon_core.event_handler.log_command:Invoked command in '/home/ubuntu/turtlebot3_ws/build/turtlebot3_node' returned '0': CMAKE_PREFIX_PATH=${CMAKE_PREFIX_PATH}:/home/ubuntu/turtlebot3_ws/install/turtlebot3_teleop:/home/ubuntu/turtlebot3_ws/install/turtlebot3_example:/home/ubuntu/turtlebot3_ws/install/py_pubsub:/opt/ros/foxy /usr/bin/cmake --install /home/ubuntu/turtlebot3_ws/build/turtlebot3_node
[7.230s] Level 1:colcon.colcon_core.environment:checking '/home/ubuntu/turtlebot3_ws/install/turtlebot3_node' for CMake module files
[7.237s] Level 1:colcon.colcon_core.environment:checking '/home/ubuntu/turtlebot3_ws/install/turtlebot3_node' for CMake config files
[7.244s] Level 1:colcon.colcon_core.shell:create_environment_hook('turtlebot3_node', 'cmake_prefix_path')
[7.252s] INFO:colcon.colcon_core.shell:Creating environment hook '/home/ubuntu/turtlebot3_ws/install/turtlebot3_node/share/turtlebot3_node/hook/cmake_prefix_path.ps1'
[7.256s] INFO:colcon.colcon_core.shell:Creating environment descriptor '/home/ubuntu/turtlebot3_ws/install/turtlebot3_node/share/turtlebot3_node/hook/cmake_prefix_path.dsv'
[7.261s] INFO:colcon.colcon_core.shell:Creating environment hook '/home/ubuntu/turtlebot3_ws/install/turtlebot3_node/share/turtlebot3_node/hook/cmake_prefix_path.sh'
[7.269s] Level 1:colcon.colcon_core.environment:checking '/home/ubuntu/turtlebot3_ws/install/turtlebot3_node/lib'
[7.272s] Level 1:colcon.colcon_core.environment:checking '/home/ubuntu/turtlebot3_ws/install/turtlebot3_node/bin'
[7.272s] Level 1:colcon.colcon_core.environment:checking '/home/ubuntu/turtlebot3_ws/install/turtlebot3_node/lib/pkgconfig/turtlebot3_node.pc'
[7.274s] Level 1:colcon.colcon_core.environment:checking '/home/ubuntu/turtlebot3_ws/install/turtlebot3_node/lib/python3.8/site-packages'
[7.280s] INFO:colcon.colcon_core.shell:Creating package script '/home/ubuntu/turtlebot3_ws/install/turtlebot3_node/share/turtlebot3_node/package.ps1'
[7.285s] INFO:colcon.colcon_core.shell:Creating package descriptor '/home/ubuntu/turtlebot3_ws/install/turtlebot3_node/share/turtlebot3_node/package.dsv'
[7.290s] INFO:colcon.colcon_core.shell:Creating package script '/home/ubuntu/turtlebot3_ws/install/turtlebot3_node/share/turtlebot3_node/package.sh'
[7.295s] INFO:colcon.colcon_core.shell:Creating package script '/home/ubuntu/turtlebot3_ws/install/turtlebot3_node/share/turtlebot3_node/package.bash'
[7.300s] INFO:colcon.colcon_core.shell:Creating package script '/home/ubuntu/turtlebot3_ws/install/turtlebot3_node/share/turtlebot3_node/package.zsh'
[7.305s] Level 1:colcon.colcon_core.environment:create_file_with_runtime_dependencies(/home/ubuntu/turtlebot3_ws/install/turtlebot3_node/share/colcon-core/packages/turtlebot3_node)
[7.391s] Level 1:colcon.colcon_core.environment:create_environment_scripts_only(turtlebot3_description)
[7.399s] Level 1:colcon.colcon_core.environment:checking '/home/ubuntu/turtlebot3_ws/install/turtlebot3_description' for CMake module files
[7.405s] Level 1:colcon.colcon_core.environment:checking '/home/ubuntu/turtlebot3_ws/install/turtlebot3_description' for CMake config files
[7.409s] Level 1:colcon.colcon_core.shell:create_environment_hook('turtlebot3_description', 'cmake_prefix_path')
[7.415s] INFO:colcon.colcon_core.shell:Creating environment hook '/home/ubuntu/turtlebot3_ws/install/turtlebot3_description/share/turtlebot3_description/hook/cmake_prefix_path.ps1'
[7.420s] INFO:colcon.colcon_core.shell:Creating environment descriptor '/home/ubuntu/turtlebot3_ws/install/turtlebot3_description/share/turtlebot3_description/hook/cmake_prefix_path.dsv'
[7.425s] INFO:colcon.colcon_core.shell:Creating environment hook '/home/ubuntu/turtlebot3_ws/install/turtlebot3_description/share/turtlebot3_description/hook/cmake_prefix_path.sh'
[7.431s] Level 1:colcon.colcon_core.environment:checking '/home/ubuntu/turtlebot3_ws/install/turtlebot3_description/bin'
[7.432s] Level 1:colcon.colcon_core.environment:checking '/home/ubuntu/turtlebot3_ws/install/turtlebot3_description/lib/pkgconfig/turtlebot3_description.pc'
[7.433s] Level 1:colcon.colcon_core.environment:checking '/home/ubuntu/turtlebot3_ws/install/turtlebot3_description/lib/python3.8/site-packages'
[7.439s] INFO:colcon.colcon_core.shell:Creating package script '/home/ubuntu/turtlebot3_ws/install/turtlebot3_description/share/turtlebot3_description/package.ps1'
[7.444s] INFO:colcon.colcon_core.shell:Creating package descriptor '/home/ubuntu/turtlebot3_ws/install/turtlebot3_description/share/turtlebot3_description/package.dsv'
[7.449s] INFO:colcon.colcon_core.shell:Creating package script '/home/ubuntu/turtlebot3_ws/install/turtlebot3_description/share/turtlebot3_description/package.sh'
[7.454s] INFO:colcon.colcon_core.shell:Creating package script '/home/ubuntu/turtlebot3_ws/install/turtlebot3_description/share/turtlebot3_description/package.bash'
[7.459s] INFO:colcon.colcon_core.shell:Creating package script '/home/ubuntu/turtlebot3_ws/install/turtlebot3_description/share/turtlebot3_description/package.zsh'
[7.464s] Level 1:colcon.colcon_core.environment:create_file_with_runtime_dependencies(/home/ubuntu/turtlebot3_ws/install/turtlebot3_description/share/colcon-core/packages/turtlebot3_description)
[7.473s] INFO:colcon.colcon_ros.task.ament_python.build:Building ROS package in '/home/ubuntu/turtlebot3_ws/src/py_pubsub' with build type 'ament_python'
[7.474s] Level 1:colcon.colcon_core.shell:create_environment_hook('py_pubsub', 'ament_prefix_path')
[7.480s] INFO:colcon.colcon_core.shell:Creating environment hook '/home/ubuntu/turtlebot3_ws/install/py_pubsub/share/py_pubsub/hook/ament_prefix_path.ps1'
[7.489s] INFO:colcon.colcon_core.shell:Creating environment descriptor '/home/ubuntu/turtlebot3_ws/install/py_pubsub/share/py_pubsub/hook/ament_prefix_path.dsv'
[7.493s] INFO:colcon.colcon_core.shell:Creating environment hook '/home/ubuntu/turtlebot3_ws/install/py_pubsub/share/py_pubsub/hook/ament_prefix_path.sh'
[7.503s] INFO:colcon.colcon_core.shell:Skip shell extension 'powershell' for command environment: Not usable outside of PowerShell
[7.504s] DEBUG:colcon.colcon_core.shell:Skip shell extension 'dsv' for command environment
[7.528s] DEBUG:colcon.colcon_core.shell:Ignoring prefix path '/opt/ros/foxy'
[9.766s] INFO:colcon.colcon_core.task.python.build:Building Python package in '/home/ubuntu/turtlebot3_ws/src/py_pubsub'
[9.772s] INFO:colcon.colcon_core.shell:Skip shell extension 'powershell' for command environment: Not usable outside of PowerShell
[9.773s] DEBUG:colcon.colcon_core.shell:Skip shell extension 'dsv' for command environment
[9.793s] DEBUG:colcon.colcon_core.shell:Ignoring prefix path '/opt/ros/foxy'
[9.828s] Level 1:colcon.colcon_core.environment:create_environment_scripts_only(turtlebot3_node)
[9.836s] Level 1:colcon.colcon_core.environment:checking '/home/ubuntu/turtlebot3_ws/install/turtlebot3_node' for CMake module files
[9.842s] Level 1:colcon.colcon_core.environment:checking '/home/ubuntu/turtlebot3_ws/install/turtlebot3_node' for CMake config files
[9.847s] Level 1:colcon.colcon_core.shell:create_environment_hook('turtlebot3_node', 'cmake_prefix_path')
[9.852s] INFO:colcon.colcon_core.shell:Creating environment hook '/home/ubuntu/turtlebot3_ws/install/turtlebot3_node/share/turtlebot3_node/hook/cmake_prefix_path.ps1'
[9.857s] INFO:colcon.colcon_core.shell:Creating environment descriptor '/home/ubuntu/turtlebot3_ws/install/turtlebot3_node/share/turtlebot3_node/hook/cmake_prefix_path.dsv'
[9.860s] INFO:colcon.colcon_core.shell:Creating environment hook '/home/ubuntu/turtlebot3_ws/install/turtlebot3_node/share/turtlebot3_node/hook/cmake_prefix_path.sh'
[9.866s] Level 1:colcon.colcon_core.environment:checking '/home/ubuntu/turtlebot3_ws/install/turtlebot3_node/lib'
[9.868s] Level 1:colcon.colcon_core.environment:checking '/home/ubuntu/turtlebot3_ws/install/turtlebot3_node/bin'
[9.869s] Level 1:colcon.colcon_core.environment:checking '/home/ubuntu/turtlebot3_ws/install/turtlebot3_node/lib/pkgconfig/turtlebot3_node.pc'
[9.870s] Level 1:colcon.colcon_core.environment:checking '/home/ubuntu/turtlebot3_ws/install/turtlebot3_node/lib/python3.8/site-packages'
[9.876s] INFO:colcon.colcon_core.shell:Creating package script '/home/ubuntu/turtlebot3_ws/install/turtlebot3_node/share/turtlebot3_node/package.ps1'
[9.881s] INFO:colcon.colcon_core.shell:Creating package descriptor '/home/ubuntu/turtlebot3_ws/install/turtlebot3_node/share/turtlebot3_node/package.dsv'
[9.886s] INFO:colcon.colcon_core.shell:Creating package script '/home/ubuntu/turtlebot3_ws/install/turtlebot3_node/share/turtlebot3_node/package.sh'
[9.891s] INFO:colcon.colcon_core.shell:Creating package script '/home/ubuntu/turtlebot3_ws/install/turtlebot3_node/share/turtlebot3_node/package.bash'
[9.895s] INFO:colcon.colcon_core.shell:Creating package script '/home/ubuntu/turtlebot3_ws/install/turtlebot3_node/share/turtlebot3_node/package.zsh'
[9.900s] Level 1:colcon.colcon_core.environment:create_file_with_runtime_dependencies(/home/ubuntu/turtlebot3_ws/install/turtlebot3_node/share/colcon-core/packages/turtlebot3_node)
[9.905s] INFO:colcon.colcon_ros.task.ament_cmake.build:Building ROS package in '/home/ubuntu/turtlebot3_ws/src/turtlebot3/turtlebot3_bringup' with build type 'ament_cmake'
[9.907s] INFO:colcon.colcon_cmake.task.cmake.build:Building CMake package in '/home/ubuntu/turtlebot3_ws/src/turtlebot3/turtlebot3_bringup'
[9.912s] INFO:colcon.colcon_core.shell:Skip shell extension 'powershell' for command environment: Not usable outside of PowerShell
[9.913s] DEBUG:colcon.colcon_core.shell:Skip shell extension 'dsv' for command environment
[9.942s] DEBUG:colcon.colcon_core.shell:Ignoring prefix path '/opt/ros/foxy'
[9.978s] DEBUG:colcon.colcon_core.event_handler.log_command:Invoking command in '/home/ubuntu/turtlebot3_ws/src/py_pubsub': PYTHONPATH=/home/ubuntu/turtlebot3_ws/install/py_pubsub/lib/python3.8/site-packages:${PYTHONPATH} /usr/bin/python3 setup.py egg_info --egg-base ../../build/py_pubsub build --build-base /home/ubuntu/turtlebot3_ws/build/py_pubsub/build install --prefix /home/ubuntu/turtlebot3_ws/install/py_pubsub --record /home/ubuntu/turtlebot3_ws/build/py_pubsub/install.log --single-version-externally-managed
[10.041s] DEBUG:colcon.colcon_core.event_handler.log_command:Invoking command in '/home/ubuntu/turtlebot3_ws/build/turtlebot3_bringup': CMAKE_PREFIX_PATH=/home/ubuntu/turtlebot3_ws/install/turtlebot3_node:/home/ubuntu/turtlebot3_ws/install/turtlebot3_description:/home/ubuntu/turtlebot3_ws/install/turtlebot3:/home/ubuntu/turtlebot3_ws/install/turtlebot3_bringup:/home/ubuntu/turtlebot3_ws/install/turtlebot3_teleop:/home/ubuntu/turtlebot3_ws/install/turtlebot3_example:/home/ubuntu/turtlebot3_ws/install/py_pubsub:/opt/ros/foxy /usr/bin/cmake --build /home/ubuntu/turtlebot3_ws/build/turtlebot3_bringup -- -j4 -l4
[10.304s] DEBUG:colcon.colcon_core.event_handler.log_command:Invoked command in '/home/ubuntu/turtlebot3_ws/build/turtlebot3_example' returned '0': PYTHONPATH=/home/ubuntu/turtlebot3_ws/install/turtlebot3_example/lib/python3.8/site-packages:${PYTHONPATH} /usr/bin/python3 setup.py develop --prefix /home/ubuntu/turtlebot3_ws/install/turtlebot3_example --uninstall --editable --build-directory /home/ubuntu/turtlebot3_ws/build/turtlebot3_example/build
[10.308s] DEBUG:colcon.colcon_core.event_handler.log_command:Invoking command in '/home/ubuntu/turtlebot3_ws/src/turtlebot3/turtlebot3_example': PYTHONPATH=/home/ubuntu/turtlebot3_ws/install/turtlebot3_example/lib/python3.8/site-packages:${PYTHONPATH} /usr/bin/python3 setup.py egg_info --egg-base ../../../build/turtlebot3_example build --build-base /home/ubuntu/turtlebot3_ws/build/turtlebot3_example/build install --prefix /home/ubuntu/turtlebot3_ws/install/turtlebot3_example --record /home/ubuntu/turtlebot3_ws/build/turtlebot3_example/install.log --single-version-externally-managed
[10.406s] DEBUG:colcon.colcon_core.event_handler.log_command:Invoked command in '/home/ubuntu/turtlebot3_ws/build/turtlebot3_teleop' returned '0': PYTHONPATH=/home/ubuntu/turtlebot3_ws/install/turtlebot3_teleop/lib/python3.8/site-packages:${PYTHONPATH} /usr/bin/python3 setup.py develop --prefix /home/ubuntu/turtlebot3_ws/install/turtlebot3_teleop --uninstall --editable --build-directory /home/ubuntu/turtlebot3_ws/build/turtlebot3_teleop/build
[10.410s] DEBUG:colcon.colcon_core.event_handler.log_command:Invoking command in '/home/ubuntu/turtlebot3_ws/src/turtlebot3/turtlebot3_teleop': PYTHONPATH=/home/ubuntu/turtlebot3_ws/install/turtlebot3_teleop/lib/python3.8/site-packages:${PYTHONPATH} /usr/bin/python3 setup.py egg_info --egg-base ../../../build/turtlebot3_teleop build --build-base /home/ubuntu/turtlebot3_ws/build/turtlebot3_teleop/build install --prefix /home/ubuntu/turtlebot3_ws/install/turtlebot3_teleop --record /home/ubuntu/turtlebot3_ws/build/turtlebot3_teleop/install.log --single-version-externally-managed
[10.446s] DEBUG:colcon.colcon_core.event_handler.log_command:Invoked command in '/home/ubuntu/turtlebot3_ws/build/turtlebot3_bringup' returned '0': CMAKE_PREFIX_PATH=/home/ubuntu/turtlebot3_ws/install/turtlebot3_node:/home/ubuntu/turtlebot3_ws/install/turtlebot3_description:/home/ubuntu/turtlebot3_ws/install/turtlebot3:/home/ubuntu/turtlebot3_ws/install/turtlebot3_bringup:/home/ubuntu/turtlebot3_ws/install/turtlebot3_teleop:/home/ubuntu/turtlebot3_ws/install/turtlebot3_example:/home/ubuntu/turtlebot3_ws/install/py_pubsub:/opt/ros/foxy /usr/bin/cmake --build /home/ubuntu/turtlebot3_ws/build/turtlebot3_bringup -- -j4 -l4
[10.668s] DEBUG:colcon.colcon_core.event_handler.log_command:Invoking command in '/home/ubuntu/turtlebot3_ws/build/turtlebot3_bringup': CMAKE_PREFIX_PATH=/home/ubuntu/turtlebot3_ws/install/turtlebot3_node:/home/ubuntu/turtlebot3_ws/install/turtlebot3_description:/home/ubuntu/turtlebot3_ws/install/turtlebot3:/home/ubuntu/turtlebot3_ws/install/turtlebot3_bringup:/home/ubuntu/turtlebot3_ws/install/turtlebot3_teleop:/home/ubuntu/turtlebot3_ws/install/turtlebot3_example:/home/ubuntu/turtlebot3_ws/install/py_pubsub:/opt/ros/foxy /usr/bin/cmake --install /home/ubuntu/turtlebot3_ws/build/turtlebot3_bringup
[10.970s] Level 1:colcon.colcon_core.environment:create_environment_scripts_only(turtlebot3_bringup)
[10.973s] DEBUG:colcon.colcon_core.event_handler.log_command:Invoked command in '/home/ubuntu/turtlebot3_ws/build/turtlebot3_bringup' returned '0': CMAKE_PREFIX_PATH=/home/ubuntu/turtlebot3_ws/install/turtlebot3_node:/home/ubuntu/turtlebot3_ws/install/turtlebot3_description:/home/ubuntu/turtlebot3_ws/install/turtlebot3:/home/ubuntu/turtlebot3_ws/install/turtlebot3_bringup:/home/ubuntu/turtlebot3_ws/install/turtlebot3_teleop:/home/ubuntu/turtlebot3_ws/install/turtlebot3_example:/home/ubuntu/turtlebot3_ws/install/py_pubsub:/opt/ros/foxy /usr/bin/cmake --install /home/ubuntu/turtlebot3_ws/build/turtlebot3_bringup
[10.984s] Level 1:colcon.colcon_core.environment:checking '/home/ubuntu/turtlebot3_ws/install/turtlebot3_bringup' for CMake module files
[10.990s] Level 1:colcon.colcon_core.environment:checking '/home/ubuntu/turtlebot3_ws/install/turtlebot3_bringup' for CMake config files
[10.993s] Level 1:colcon.colcon_core.shell:create_environment_hook('turtlebot3_bringup', 'cmake_prefix_path')
[10.999s] INFO:colcon.colcon_core.shell:Creating environment hook '/home/ubuntu/turtlebot3_ws/install/turtlebot3_bringup/share/turtlebot3_bringup/hook/cmake_prefix_path.ps1'
[11.004s] INFO:colcon.colcon_core.shell:Creating environment descriptor '/home/ubuntu/turtlebot3_ws/install/turtlebot3_bringup/share/turtlebot3_bringup/hook/cmake_prefix_path.dsv'
[11.009s] INFO:colcon.colcon_core.shell:Creating environment hook '/home/ubuntu/turtlebot3_ws/install/turtlebot3_bringup/share/turtlebot3_bringup/hook/cmake_prefix_path.sh'
[11.016s] Level 1:colcon.colcon_core.environment:checking '/home/ubuntu/turtlebot3_ws/install/turtlebot3_bringup/bin'
[11.017s] Level 1:colcon.colcon_core.environment:checking '/home/ubuntu/turtlebot3_ws/install/turtlebot3_bringup/lib/pkgconfig/turtlebot3_bringup.pc'
[11.018s] Level 1:colcon.colcon_core.environment:checking '/home/ubuntu/turtlebot3_ws/install/turtlebot3_bringup/lib/python3.8/site-packages'
[11.025s] INFO:colcon.colcon_core.shell:Creating package script '/home/ubuntu/turtlebot3_ws/install/turtlebot3_bringup/share/turtlebot3_bringup/package.ps1'
[11.031s] INFO:colcon.colcon_core.shell:Creating package descriptor '/home/ubuntu/turtlebot3_ws/install/turtlebot3_bringup/share/turtlebot3_bringup/package.dsv'
[11.036s] INFO:colcon.colcon_core.shell:Creating package script '/home/ubuntu/turtlebot3_ws/install/turtlebot3_bringup/share/turtlebot3_bringup/package.sh'
[11.041s] INFO:colcon.colcon_core.shell:Creating package script '/home/ubuntu/turtlebot3_ws/install/turtlebot3_bringup/share/turtlebot3_bringup/package.bash'
[11.049s] INFO:colcon.colcon_core.shell:Creating package script '/home/ubuntu/turtlebot3_ws/install/turtlebot3_bringup/share/turtlebot3_bringup/package.zsh'
[11.053s] Level 1:colcon.colcon_core.environment:create_file_with_runtime_dependencies(/home/ubuntu/turtlebot3_ws/install/turtlebot3_bringup/share/colcon-core/packages/turtlebot3_bringup)
[11.266s] Level 1:colcon.colcon_core.environment:create_environment_scripts_only(turtlebot3_bringup)
[11.275s] Level 1:colcon.colcon_core.environment:checking '/home/ubuntu/turtlebot3_ws/install/turtlebot3_bringup' for CMake module files
[11.281s] Level 1:colcon.colcon_core.environment:checking '/home/ubuntu/turtlebot3_ws/install/turtlebot3_bringup' for CMake config files
[11.283s] Level 1:colcon.colcon_core.shell:create_environment_hook('turtlebot3_bringup', 'cmake_prefix_path')
[11.289s] INFO:colcon.colcon_core.shell:Creating environment hook '/home/ubuntu/turtlebot3_ws/install/turtlebot3_bringup/share/turtlebot3_bringup/hook/cmake_prefix_path.ps1'
[11.294s] INFO:colcon.colcon_core.shell:Creating environment descriptor '/home/ubuntu/turtlebot3_ws/install/turtlebot3_bringup/share/turtlebot3_bringup/hook/cmake_prefix_path.dsv'
[11.298s] INFO:colcon.colcon_core.shell:Creating environment hook '/home/ubuntu/turtlebot3_ws/install/turtlebot3_bringup/share/turtlebot3_bringup/hook/cmake_prefix_path.sh'
[11.305s] Level 1:colcon.colcon_core.environment:checking '/home/ubuntu/turtlebot3_ws/install/turtlebot3_bringup/bin'
[11.306s] Level 1:colcon.colcon_core.environment:checking '/home/ubuntu/turtlebot3_ws/install/turtlebot3_bringup/lib/pkgconfig/turtlebot3_bringup.pc'
[11.307s] Level 1:colcon.colcon_core.environment:checking '/home/ubuntu/turtlebot3_ws/install/turtlebot3_bringup/lib/python3.8/site-packages'
[11.314s] INFO:colcon.colcon_core.shell:Creating package script '/home/ubuntu/turtlebot3_ws/install/turtlebot3_bringup/share/turtlebot3_bringup/package.ps1'
[11.320s] INFO:colcon.colcon_core.shell:Creating package descriptor '/home/ubuntu/turtlebot3_ws/install/turtlebot3_bringup/share/turtlebot3_bringup/package.dsv'
[11.326s] INFO:colcon.colcon_core.shell:Creating package script '/home/ubuntu/turtlebot3_ws/install/turtlebot3_bringup/share/turtlebot3_bringup/package.sh'
[11.332s] INFO:colcon.colcon_core.shell:Creating package script '/home/ubuntu/turtlebot3_ws/install/turtlebot3_bringup/share/turtlebot3_bringup/package.bash'
[11.337s] INFO:colcon.colcon_core.shell:Creating package script '/home/ubuntu/turtlebot3_ws/install/turtlebot3_bringup/share/turtlebot3_bringup/package.zsh'
[11.342s] Level 1:colcon.colcon_core.environment:create_file_with_runtime_dependencies(/home/ubuntu/turtlebot3_ws/install/turtlebot3_bringup/share/colcon-core/packages/turtlebot3_bringup)
[13.029s] Level 1:colcon.colcon_core.environment:checking '/home/ubuntu/turtlebot3_ws/install/py_pubsub' for CMake module files
[13.033s] DEBUG:colcon.colcon_core.event_handler.log_command:Invoked command in '/home/ubuntu/turtlebot3_ws/src/py_pubsub' returned '0': PYTHONPATH=/home/ubuntu/turtlebot3_ws/install/py_pubsub/lib/python3.8/site-packages:${PYTHONPATH} /usr/bin/python3 setup.py egg_info --egg-base ../../build/py_pubsub build --build-base /home/ubuntu/turtlebot3_ws/build/py_pubsub/build install --prefix /home/ubuntu/turtlebot3_ws/install/py_pubsub --record /home/ubuntu/turtlebot3_ws/build/py_pubsub/install.log --single-version-externally-managed
[13.037s] Level 1:colcon.colcon_core.environment:checking '/home/ubuntu/turtlebot3_ws/install/py_pubsub' for CMake config files
[13.043s] Level 1:colcon.colcon_core.environment:checking '/home/ubuntu/turtlebot3_ws/install/py_pubsub/lib'
[13.044s] Level 1:colcon.colcon_core.environment:checking '/home/ubuntu/turtlebot3_ws/install/py_pubsub/bin'
[13.045s] Level 1:colcon.colcon_core.environment:checking '/home/ubuntu/turtlebot3_ws/install/py_pubsub/lib/pkgconfig/py_pubsub.pc'
[13.046s] Level 1:colcon.colcon_core.environment:checking '/home/ubuntu/turtlebot3_ws/install/py_pubsub/lib/python3.8/site-packages'
[13.047s] Level 1:colcon.colcon_core.shell:create_environment_hook('py_pubsub', 'pythonpath')
[13.052s] INFO:colcon.colcon_core.shell:Creating environment hook '/home/ubuntu/turtlebot3_ws/install/py_pubsub/share/py_pubsub/hook/pythonpath.ps1'
[13.056s] INFO:colcon.colcon_core.shell:Creating environment descriptor '/home/ubuntu/turtlebot3_ws/install/py_pubsub/share/py_pubsub/hook/pythonpath.dsv'
[13.060s] INFO:colcon.colcon_core.shell:Creating environment hook '/home/ubuntu/turtlebot3_ws/install/py_pubsub/share/py_pubsub/hook/pythonpath.sh'
[13.064s] Level 1:colcon.colcon_core.environment:create_environment_scripts_only(py_pubsub)
[13.071s] INFO:colcon.colcon_core.shell:Creating package script '/home/ubuntu/turtlebot3_ws/install/py_pubsub/share/py_pubsub/package.ps1'
[13.076s] INFO:colcon.colcon_core.shell:Creating package descriptor '/home/ubuntu/turtlebot3_ws/install/py_pubsub/share/py_pubsub/package.dsv'
[13.081s] INFO:colcon.colcon_core.shell:Creating package script '/home/ubuntu/turtlebot3_ws/install/py_pubsub/share/py_pubsub/package.sh'
[13.086s] INFO:colcon.colcon_core.shell:Creating package script '/home/ubuntu/turtlebot3_ws/install/py_pubsub/share/py_pubsub/package.bash'
[13.098s] INFO:colcon.colcon_core.shell:Creating package script '/home/ubuntu/turtlebot3_ws/install/py_pubsub/share/py_pubsub/package.zsh'
[13.101s] Level 1:colcon.colcon_core.environment:create_file_with_runtime_dependencies(/home/ubuntu/turtlebot3_ws/install/py_pubsub/share/colcon-core/packages/py_pubsub)
[13.319s] Level 1:colcon.colcon_core.environment:checking '/home/ubuntu/turtlebot3_ws/install/turtlebot3_example' for CMake module files
[13.323s] DEBUG:colcon.colcon_core.event_handler.log_command:Invoked command in '/home/ubuntu/turtlebot3_ws/src/turtlebot3/turtlebot3_example' returned '0': PYTHONPATH=/home/ubuntu/turtlebot3_ws/install/turtlebot3_example/lib/python3.8/site-packages:${PYTHONPATH} /usr/bin/python3 setup.py egg_info --egg-base ../../../build/turtlebot3_example build --build-base /home/ubuntu/turtlebot3_ws/build/turtlebot3_example/build install --prefix /home/ubuntu/turtlebot3_ws/install/turtlebot3_example --record /home/ubuntu/turtlebot3_ws/build/turtlebot3_example/install.log --single-version-externally-managed
[13.327s] Level 1:colcon.colcon_core.environment:checking '/home/ubuntu/turtlebot3_ws/install/turtlebot3_example' for CMake config files
[13.334s] Level 1:colcon.colcon_core.environment:checking '/home/ubuntu/turtlebot3_ws/install/turtlebot3_example/lib'
[13.335s] Level 1:colcon.colcon_core.environment:checking '/home/ubuntu/turtlebot3_ws/install/turtlebot3_example/bin'
[13.336s] Level 1:colcon.colcon_core.environment:checking '/home/ubuntu/turtlebot3_ws/install/turtlebot3_example/lib/pkgconfig/turtlebot3_example.pc'
[13.336s] Level 1:colcon.colcon_core.environment:checking '/home/ubuntu/turtlebot3_ws/install/turtlebot3_example/lib/python3.8/site-packages'
[13.337s] Level 1:colcon.colcon_core.shell:create_environment_hook('turtlebot3_example', 'pythonpath')
[13.340s] INFO:colcon.colcon_core.shell:Creating environment hook '/home/ubuntu/turtlebot3_ws/install/turtlebot3_example/share/turtlebot3_example/hook/pythonpath.ps1'
[13.343s] INFO:colcon.colcon_core.shell:Creating environment descriptor '/home/ubuntu/turtlebot3_ws/install/turtlebot3_example/share/turtlebot3_example/hook/pythonpath.dsv'
[13.346s] INFO:colcon.colcon_core.shell:Creating environment hook '/home/ubuntu/turtlebot3_ws/install/turtlebot3_example/share/turtlebot3_example/hook/pythonpath.sh'
[13.349s] Level 1:colcon.colcon_core.environment:create_environment_scripts_only(turtlebot3_example)
[13.354s] INFO:colcon.colcon_core.shell:Creating package script '/home/ubuntu/turtlebot3_ws/install/turtlebot3_example/share/turtlebot3_example/package.ps1'
[13.358s] INFO:colcon.colcon_core.shell:Creating package descriptor '/home/ubuntu/turtlebot3_ws/install/turtlebot3_example/share/turtlebot3_example/package.dsv'
[13.361s] INFO:colcon.colcon_core.shell:Creating package script '/home/ubuntu/turtlebot3_ws/install/turtlebot3_example/share/turtlebot3_example/package.sh'
[13.365s] INFO:colcon.colcon_core.shell:Creating package script '/home/ubuntu/turtlebot3_ws/install/turtlebot3_example/share/turtlebot3_example/package.bash'
[13.368s] INFO:colcon.colcon_core.shell:Creating package script '/home/ubuntu/turtlebot3_ws/install/turtlebot3_example/share/turtlebot3_example/package.zsh'
[13.371s] Level 1:colcon.colcon_core.environment:create_file_with_runtime_dependencies(/home/ubuntu/turtlebot3_ws/install/turtlebot3_example/share/colcon-core/packages/turtlebot3_example)
[13.383s] Level 1:colcon.colcon_core.environment:checking '/home/ubuntu/turtlebot3_ws/install/turtlebot3_teleop' for CMake module files
[13.388s] DEBUG:colcon.colcon_core.event_handler.log_command:Invoked command in '/home/ubuntu/turtlebot3_ws/src/turtlebot3/turtlebot3_teleop' returned '0': PYTHONPATH=/home/ubuntu/turtlebot3_ws/install/turtlebot3_teleop/lib/python3.8/site-packages:${PYTHONPATH} /usr/bin/python3 setup.py egg_info --egg-base ../../../build/turtlebot3_teleop build --build-base /home/ubuntu/turtlebot3_ws/build/turtlebot3_teleop/build install --prefix /home/ubuntu/turtlebot3_ws/install/turtlebot3_teleop --record /home/ubuntu/turtlebot3_ws/build/turtlebot3_teleop/install.log --single-version-externally-managed
[13.391s] Level 1:colcon.colcon_core.environment:checking '/home/ubuntu/turtlebot3_ws/install/turtlebot3_teleop' for CMake config files
[13.397s] Level 1:colcon.colcon_core.environment:checking '/home/ubuntu/turtlebot3_ws/install/turtlebot3_teleop/lib'
[13.397s] Level 1:colcon.colcon_core.environment:checking '/home/ubuntu/turtlebot3_ws/install/turtlebot3_teleop/bin'
[13.398s] Level 1:colcon.colcon_core.environment:checking '/home/ubuntu/turtlebot3_ws/install/turtlebot3_teleop/lib/pkgconfig/turtlebot3_teleop.pc'
[13.398s] Level 1:colcon.colcon_core.environment:checking '/home/ubuntu/turtlebot3_ws/install/turtlebot3_teleop/lib/python3.8/site-packages'
[13.399s] Level 1:colcon.colcon_core.shell:create_environment_hook('turtlebot3_teleop', 'pythonpath')
[13.402s] INFO:colcon.colcon_core.shell:Creating environment hook '/home/ubuntu/turtlebot3_ws/install/turtlebot3_teleop/share/turtlebot3_teleop/hook/pythonpath.ps1'
[13.406s] INFO:colcon.colcon_core.shell:Creating environment descriptor '/home/ubuntu/turtlebot3_ws/install/turtlebot3_teleop/share/turtlebot3_teleop/hook/pythonpath.dsv'
[13.409s] INFO:colcon.colcon_core.shell:Creating environment hook '/home/ubuntu/turtlebot3_ws/install/turtlebot3_teleop/share/turtlebot3_teleop/hook/pythonpath.sh'
[13.412s] Level 1:colcon.colcon_core.environment:create_environment_scripts_only(turtlebot3_teleop)
[13.416s] INFO:colcon.colcon_core.shell:Creating package script '/home/ubuntu/turtlebot3_ws/install/turtlebot3_teleop/share/turtlebot3_teleop/package.ps1'
[13.420s] INFO:colcon.colcon_core.shell:Creating package descriptor '/home/ubuntu/turtlebot3_ws/install/turtlebot3_teleop/share/turtlebot3_teleop/package.dsv'
[13.424s] INFO:colcon.colcon_core.shell:Creating package script '/home/ubuntu/turtlebot3_ws/install/turtlebot3_teleop/share/turtlebot3_teleop/package.sh'
[13.427s] INFO:colcon.colcon_core.shell:Creating package script '/home/ubuntu/turtlebot3_ws/install/turtlebot3_teleop/share/turtlebot3_teleop/package.bash'
[13.430s] INFO:colcon.colcon_core.shell:Creating package script '/home/ubuntu/turtlebot3_ws/install/turtlebot3_teleop/share/turtlebot3_teleop/package.zsh'
[13.434s] Level 1:colcon.colcon_core.environment:create_file_with_runtime_dependencies(/home/ubuntu/turtlebot3_ws/install/turtlebot3_teleop/share/colcon-core/packages/turtlebot3_teleop)
[13.436s] INFO:colcon.colcon_ros.task.ament_cmake.build:Building ROS package in '/home/ubuntu/turtlebot3_ws/src/turtlebot3/turtlebot3' with build type 'ament_cmake'
[13.438s] INFO:colcon.colcon_cmake.task.cmake.build:Building CMake package in '/home/ubuntu/turtlebot3_ws/src/turtlebot3/turtlebot3'
[13.441s] INFO:colcon.colcon_core.shell:Skip shell extension 'powershell' for command environment: Not usable outside of PowerShell
[13.442s] DEBUG:colcon.colcon_core.shell:Skip shell extension 'dsv' for command environment
[13.462s] DEBUG:colcon.colcon_core.shell:Ignoring prefix path '/opt/ros/foxy'
[13.537s] DEBUG:colcon.colcon_core.event_handler.log_command:Invoking command in '/home/ubuntu/turtlebot3_ws/build/turtlebot3': AMENT_PREFIX_PATH=/home/ubuntu/turtlebot3_ws/install/turtlebot3_teleop:/home/ubuntu/turtlebot3_ws/install/turtlebot3_example:/home/ubuntu/turtlebot3_ws/install/turtlebot3:/home/ubuntu/turtlebot3_ws/install/turtlebot3_bringup:/home/ubuntu/turtlebot3_ws/install/turtlebot3_node:/home/ubuntu/turtlebot3_ws/install/turtlebot3_description:/home/ubuntu/turtlebot3_ws/install/py_pubsub:/opt/ros/foxy CMAKE_PREFIX_PATH=/home/ubuntu/turtlebot3_ws/install/turtlebot3_bringup:/home/ubuntu/turtlebot3_ws/install/turtlebot3_node:/home/ubuntu/turtlebot3_ws/install/turtlebot3_description:/home/ubuntu/turtlebot3_ws/install/turtlebot3:/home/ubuntu/turtlebot3_ws/install/turtlebot3_teleop:/home/ubuntu/turtlebot3_ws/install/turtlebot3_example:/home/ubuntu/turtlebot3_ws/install/py_pubsub:/opt/ros/foxy PYTHONPATH=/home/ubuntu/turtlebot3_ws/install/turtlebot3_teleop/lib/python3.8/site-packages:/home/ubuntu/turtlebot3_ws/install/turtlebot3_example/lib/python3.8/site-packages:/home/ubuntu/turtlebot3_ws/build/turtlebot3_teleop:/home/ubuntu/turtlebot3_ws/build/turtlebot3_example:/home/ubuntu/turtlebot3_ws/install/py_pubsub/lib/python3.8/site-packages:/opt/ros/foxy/lib/python3.8/site-packages /usr/bin/cmake --build /home/ubuntu/turtlebot3_ws/build/turtlebot3 -- -j4 -l4
[13.768s] DEBUG:colcon.colcon_core.event_handler.log_command:Invoked command in '/home/ubuntu/turtlebot3_ws/build/turtlebot3' returned '0': AMENT_PREFIX_PATH=/home/ubuntu/turtlebot3_ws/install/turtlebot3_teleop:/home/ubuntu/turtlebot3_ws/install/turtlebot3_example:/home/ubuntu/turtlebot3_ws/install/turtlebot3:/home/ubuntu/turtlebot3_ws/install/turtlebot3_bringup:/home/ubuntu/turtlebot3_ws/install/turtlebot3_node:/home/ubuntu/turtlebot3_ws/install/turtlebot3_description:/home/ubuntu/turtlebot3_ws/install/py_pubsub:/opt/ros/foxy CMAKE_PREFIX_PATH=/home/ubuntu/turtlebot3_ws/install/turtlebot3_bringup:/home/ubuntu/turtlebot3_ws/install/turtlebot3_node:/home/ubuntu/turtlebot3_ws/install/turtlebot3_description:/home/ubuntu/turtlebot3_ws/install/turtlebot3:/home/ubuntu/turtlebot3_ws/install/turtlebot3_teleop:/home/ubuntu/turtlebot3_ws/install/turtlebot3_example:/home/ubuntu/turtlebot3_ws/install/py_pubsub:/opt/ros/foxy PYTHONPATH=/home/ubuntu/turtlebot3_ws/install/turtlebot3_teleop/lib/python3.8/site-packages:/home/ubuntu/turtlebot3_ws/install/turtlebot3_example/lib/python3.8/site-packages:/home/ubuntu/turtlebot3_ws/build/turtlebot3_teleop:/home/ubuntu/turtlebot3_ws/build/turtlebot3_example:/home/ubuntu/turtlebot3_ws/install/py_pubsub/lib/python3.8/site-packages:/opt/ros/foxy/lib/python3.8/site-packages /usr/bin/cmake --build /home/ubuntu/turtlebot3_ws/build/turtlebot3 -- -j4 -l4
[13.937s] DEBUG:colcon.colcon_core.event_handler.log_command:Invoking command in '/home/ubuntu/turtlebot3_ws/build/turtlebot3': AMENT_PREFIX_PATH=/home/ubuntu/turtlebot3_ws/install/turtlebot3_teleop:/home/ubuntu/turtlebot3_ws/install/turtlebot3_example:/home/ubuntu/turtlebot3_ws/install/turtlebot3:/home/ubuntu/turtlebot3_ws/install/turtlebot3_bringup:/home/ubuntu/turtlebot3_ws/install/turtlebot3_node:/home/ubuntu/turtlebot3_ws/install/turtlebot3_description:/home/ubuntu/turtlebot3_ws/install/py_pubsub:/opt/ros/foxy CMAKE_PREFIX_PATH=/home/ubuntu/turtlebot3_ws/install/turtlebot3_bringup:/home/ubuntu/turtlebot3_ws/install/turtlebot3_node:/home/ubuntu/turtlebot3_ws/install/turtlebot3_description:/home/ubuntu/turtlebot3_ws/install/turtlebot3:/home/ubuntu/turtlebot3_ws/install/turtlebot3_teleop:/home/ubuntu/turtlebot3_ws/install/turtlebot3_example:/home/ubuntu/turtlebot3_ws/install/py_pubsub:/opt/ros/foxy PYTHONPATH=/home/ubuntu/turtlebot3_ws/install/turtlebot3_teleop/lib/python3.8/site-packages:/home/ubuntu/turtlebot3_ws/install/turtlebot3_example/lib/python3.8/site-packages:/home/ubuntu/turtlebot3_ws/build/turtlebot3_teleop:/home/ubuntu/turtlebot3_ws/build/turtlebot3_example:/home/ubuntu/turtlebot3_ws/install/py_pubsub/lib/python3.8/site-packages:/opt/ros/foxy/lib/python3.8/site-packages /usr/bin/cmake --install /home/ubuntu/turtlebot3_ws/build/turtlebot3
[14.084s] Level 1:colcon.colcon_core.environment:create_environment_scripts_only(turtlebot3)
[14.093s] Level 1:colcon.colcon_core.environment:checking '/home/ubuntu/turtlebot3_ws/install/turtlebot3' for CMake module files
[14.097s] DEBUG:colcon.colcon_core.event_handler.log_command:Invoked command in '/home/ubuntu/turtlebot3_ws/build/turtlebot3' returned '0': AMENT_PREFIX_PATH=/home/ubuntu/turtlebot3_ws/install/turtlebot3_teleop:/home/ubuntu/turtlebot3_ws/install/turtlebot3_example:/home/ubuntu/turtlebot3_ws/install/turtlebot3:/home/ubuntu/turtlebot3_ws/install/turtlebot3_bringup:/home/ubuntu/turtlebot3_ws/install/turtlebot3_node:/home/ubuntu/turtlebot3_ws/install/turtlebot3_description:/home/ubuntu/turtlebot3_ws/install/py_pubsub:/opt/ros/foxy CMAKE_PREFIX_PATH=/home/ubuntu/turtlebot3_ws/install/turtlebot3_bringup:/home/ubuntu/turtlebot3_ws/install/turtlebot3_node:/home/ubuntu/turtlebot3_ws/install/turtlebot3_description:/home/ubuntu/turtlebot3_ws/install/turtlebot3:/home/ubuntu/turtlebot3_ws/install/turtlebot3_teleop:/home/ubuntu/turtlebot3_ws/install/turtlebot3_example:/home/ubuntu/turtlebot3_ws/install/py_pubsub:/opt/ros/foxy PYTHONPATH=/home/ubuntu/turtlebot3_ws/install/turtlebot3_teleop/lib/python3.8/site-packages:/home/ubuntu/turtlebot3_ws/install/turtlebot3_example/lib/python3.8/site-packages:/home/ubuntu/turtlebot3_ws/build/turtlebot3_teleop:/home/ubuntu/turtlebot3_ws/build/turtlebot3_example:/home/ubuntu/turtlebot3_ws/install/py_pubsub/lib/python3.8/site-packages:/opt/ros/foxy/lib/python3.8/site-packages /usr/bin/cmake --install /home/ubuntu/turtlebot3_ws/build/turtlebot3
[14.102s] Level 1:colcon.colcon_core.environment:checking '/home/ubuntu/turtlebot3_ws/install/turtlebot3' for CMake config files
[14.105s] Level 1:colcon.colcon_core.shell:create_environment_hook('turtlebot3', 'cmake_prefix_path')
[14.109s] INFO:colcon.colcon_core.shell:Creating environment hook '/home/ubuntu/turtlebot3_ws/install/turtlebot3/share/turtlebot3/hook/cmake_prefix_path.ps1'
[14.112s] INFO:colcon.colcon_core.shell:Creating environment descriptor '/home/ubuntu/turtlebot3_ws/install/turtlebot3/share/turtlebot3/hook/cmake_prefix_path.dsv'
[14.115s] INFO:colcon.colcon_core.shell:Creating environment hook '/home/ubuntu/turtlebot3_ws/install/turtlebot3/share/turtlebot3/hook/cmake_prefix_path.sh'
[14.119s] Level 1:colcon.colcon_core.environment:checking '/home/ubuntu/turtlebot3_ws/install/turtlebot3/bin'
[14.120s] Level 1:colcon.colcon_core.environment:checking '/home/ubuntu/turtlebot3_ws/install/turtlebot3/lib/pkgconfig/turtlebot3.pc'
[14.120s] Level 1:colcon.colcon_core.environment:checking '/home/ubuntu/turtlebot3_ws/install/turtlebot3/lib/python3.8/site-packages'
[14.124s] INFO:colcon.colcon_core.shell:Creating package script '/home/ubuntu/turtlebot3_ws/install/turtlebot3/share/turtlebot3/package.ps1'
[14.128s] INFO:colcon.colcon_core.shell:Creating package descriptor '/home/ubuntu/turtlebot3_ws/install/turtlebot3/share/turtlebot3/package.dsv'
[14.131s] INFO:colcon.colcon_core.shell:Creating package script '/home/ubuntu/turtlebot3_ws/install/turtlebot3/share/turtlebot3/package.sh'
[14.134s] INFO:colcon.colcon_core.shell:Creating package script '/home/ubuntu/turtlebot3_ws/install/turtlebot3/share/turtlebot3/package.bash'
[14.138s] INFO:colcon.colcon_core.shell:Creating package script '/home/ubuntu/turtlebot3_ws/install/turtlebot3/share/turtlebot3/package.zsh'
[14.141s] Level 1:colcon.colcon_core.environment:create_file_with_runtime_dependencies(/home/ubuntu/turtlebot3_ws/install/turtlebot3/share/colcon-core/packages/turtlebot3)
[14.303s] Level 1:colcon.colcon_core.environment:create_environment_scripts_only(turtlebot3)
[14.312s] Level 1:colcon.colcon_core.environment:checking '/home/ubuntu/turtlebot3_ws/install/turtlebot3' for CMake module files
[14.317s] Level 1:colcon.colcon_core.environment:checking '/home/ubuntu/turtlebot3_ws/install/turtlebot3' for CMake config files
[14.320s] Level 1:colcon.colcon_core.shell:create_environment_hook('turtlebot3', 'cmake_prefix_path')
[14.324s] INFO:colcon.colcon_core.shell:Creating environment hook '/home/ubuntu/turtlebot3_ws/install/turtlebot3/share/turtlebot3/hook/cmake_prefix_path.ps1'
[14.327s] INFO:colcon.colcon_core.shell:Creating environment descriptor '/home/ubuntu/turtlebot3_ws/install/turtlebot3/share/turtlebot3/hook/cmake_prefix_path.dsv'
[14.330s] INFO:colcon.colcon_core.shell:Creating environment hook '/home/ubuntu/turtlebot3_ws/install/turtlebot3/share/turtlebot3/hook/cmake_prefix_path.sh'
[14.334s] Level 1:colcon.colcon_core.environment:checking '/home/ubuntu/turtlebot3_ws/install/turtlebot3/bin'
[14.335s] Level 1:colcon.colcon_core.environment:checking '/home/ubuntu/turtlebot3_ws/install/turtlebot3/lib/pkgconfig/turtlebot3.pc'
[14.336s] Level 1:colcon.colcon_core.environment:checking '/home/ubuntu/turtlebot3_ws/install/turtlebot3/lib/python3.8/site-packages'
[14.340s] INFO:colcon.colcon_core.shell:Creating package script '/home/ubuntu/turtlebot3_ws/install/turtlebot3/share/turtlebot3/package.ps1'
[14.344s] INFO:colcon.colcon_core.shell:Creating package descriptor '/home/ubuntu/turtlebot3_ws/install/turtlebot3/share/turtlebot3/package.dsv'
[14.347s] INFO:colcon.colcon_core.shell:Creating package script '/home/ubuntu/turtlebot3_ws/install/turtlebot3/share/turtlebot3/package.sh'
[14.351s] INFO:colcon.colcon_core.shell:Creating package script '/home/ubuntu/turtlebot3_ws/install/turtlebot3/share/turtlebot3/package.bash'
[14.354s] INFO:colcon.colcon_core.shell:Creating package script '/home/ubuntu/turtlebot3_ws/install/turtlebot3/share/turtlebot3/package.zsh'
[14.358s] Level 1:colcon.colcon_core.environment:create_file_with_runtime_dependencies(/home/ubuntu/turtlebot3_ws/install/turtlebot3/share/colcon-core/packages/turtlebot3)
[14.360s] DEBUG:colcon.colcon_parallel_executor.executor.parallel:closing loop
[14.362s] DEBUG:colcon.colcon_parallel_executor.executor.parallel:loop closed
[14.363s] DEBUG:colcon.colcon_parallel_executor.executor.parallel:run_until_complete finished with '0'
[14.364s] DEBUG:colcon.colcon_core.event_reactor:joining thread
[14.406s] INFO:colcon.colcon_core.plugin_system:Skipping extension 'colcon_notification.desktop_notification.notify_send': Could not find 'notify-send'
[14.406s] INFO:colcon.colcon_core.plugin_system:Skipping extension 'colcon_notification.desktop_notification.terminal_notifier': Not used on non-Darwin systems
[14.407s] INFO:colcon.colcon_core.plugin_system:Skipping extension 'colcon_notification.desktop_notification.win32': Not used on non-Windows systems
[14.407s] INFO:colcon.colcon_notification.desktop_notification:Sending desktop notification using 'notify2'
[14.411s] DEBUG:colcon.colcon_notification.desktop_notification.notify2:Failed to initialize notify2: org.freedesktop.DBus.Error.ServiceUnknown: The name org.freedesktop.Notifications was not provided by any .service files
[14.412s] DEBUG:colcon.colcon_core.event_reactor:joined thread
[14.416s] INFO:colcon.colcon_core.shell:Creating prefix script '/home/ubuntu/turtlebot3_ws/install/local_setup.ps1'
[14.425s] INFO:colcon.colcon_core.shell:Creating prefix util module '/home/ubuntu/turtlebot3_ws/install/_local_setup_util_ps1.py'
[14.436s] INFO:colcon.colcon_core.shell:Creating prefix chain script '/home/ubuntu/turtlebot3_ws/install/setup.ps1'
[14.455s] INFO:colcon.colcon_core.shell:Creating prefix script '/home/ubuntu/turtlebot3_ws/install/local_setup.sh'
[14.460s] INFO:colcon.colcon_core.shell:Creating prefix util module '/home/ubuntu/turtlebot3_ws/install/_local_setup_util_sh.py'
[14.463s] INFO:colcon.colcon_core.shell:Creating prefix chain script '/home/ubuntu/turtlebot3_ws/install/setup.sh'
[14.482s] INFO:colcon.colcon_core.shell:Creating prefix script '/home/ubuntu/turtlebot3_ws/install/local_setup.bash'
[14.486s] INFO:colcon.colcon_core.shell:Creating prefix chain script '/home/ubuntu/turtlebot3_ws/install/setup.bash'
[14.504s] INFO:colcon.colcon_core.shell:Creating prefix script '/home/ubuntu/turtlebot3_ws/install/local_setup.zsh'
[14.508s] INFO:colcon.colcon_core.shell:Creating prefix chain script '/home/ubuntu/turtlebot3_ws/install/setup.zsh'
