[0.379s] Invoking command in '/home/ubuntu/turtlebot3_ws/build/turtlebot3_node': /usr/bin/cmake --build /home/ubuntu/turtlebot3_ws/build/turtlebot3_node -- -j4 -l4
[6.324s] [ 85%] Built target turtlebot3_node_lib
[6.332s] [100%] Built target turtlebot3_ros
[6.368s] Invoked command in '/home/ubuntu/turtlebot3_ws/build/turtlebot3_node' returned '0': /usr/bin/cmake --build /home/ubuntu/turtlebot3_ws/build/turtlebot3_node -- -j4 -l4
[7.051s] Invoking command in '/home/ubuntu/turtlebot3_ws/build/turtlebot3_node': /usr/bin/cmake --install /home/ubuntu/turtlebot3_ws/build/turtlebot3_node
[7.225s] -- Install configuration: ""
[7.233s] -- Execute custom install script
[7.245s] -- Up-to-date symlink: /home/ubuntu/turtlebot3_ws/install/turtlebot3_node/share/turtlebot3_node/param/burger.yaml
[7.249s] -- Up-to-date symlink: /home/ubuntu/turtlebot3_ws/install/turtlebot3_node/share/turtlebot3_node/param/waffle.yaml
[7.254s] -- Up-to-date symlink: /home/ubuntu/turtlebot3_ws/install/turtlebot3_node/share/turtlebot3_node/param/waffle_pi.yaml
[7.263s] -- Up-to-date symlink: /home/ubuntu/turtlebot3_ws/install/turtlebot3_node/lib/turtlebot3_node/turtlebot3_ros
[7.270s] -- Up-to-date symlink: /home/ubuntu/turtlebot3_ws/install/turtlebot3_node/share/ament_index/resource_index/package_run_dependencies/turtlebot3_node
[7.279s] -- Up-to-date symlink: /home/ubuntu/turtlebot3_ws/install/turtlebot3_node/share/ament_index/resource_index/parent_prefix_path/turtlebot3_node
[7.286s] -- Up-to-date symlink: /home/ubuntu/turtlebot3_ws/install/turtlebot3_node/share/turtlebot3_node/environment/ament_prefix_path.sh
[7.292s] -- Up-to-date symlink: /home/ubuntu/turtlebot3_ws/install/turtlebot3_node/share/turtlebot3_node/environment/ament_prefix_path.dsv
[7.305s] -- Up-to-date symlink: /home/ubuntu/turtlebot3_ws/install/turtlebot3_node/share/turtlebot3_node/environment/path.sh
[7.307s] -- Up-to-date symlink: /home/ubuntu/turtlebot3_ws/install/turtlebot3_node/share/turtlebot3_node/environment/path.dsv
[7.314s] -- Up-to-date symlink: /home/ubuntu/turtlebot3_ws/install/turtlebot3_node/share/turtlebot3_node/local_setup.bash
[7.325s] -- Up-to-date symlink: /home/ubuntu/turtlebot3_ws/install/turtlebot3_node/share/turtlebot3_node/local_setup.sh
[7.327s] -- Up-to-date symlink: /home/ubuntu/turtlebot3_ws/install/turtlebot3_node/share/turtlebot3_node/local_setup.zsh
[7.336s] -- Up-to-date symlink: /home/ubuntu/turtlebot3_ws/install/turtlebot3_node/share/turtlebot3_node/local_setup.dsv
[7.352s] -- Symlinking: /home/ubuntu/turtlebot3_ws/install/turtlebot3_node/share/turtlebot3_node/package.dsv
[7.474s] -- Up-to-date symlink: /home/ubuntu/turtlebot3_ws/install/turtlebot3_node/share/ament_index/resource_index/packages/turtlebot3_node
[7.481s] -- Up-to-date symlink: /home/ubuntu/turtlebot3_ws/install/turtlebot3_node/share/turtlebot3_node/cmake/ament_cmake_export_include_directories-extras.cmake
[7.488s] -- Up-to-date symlink: /home/ubuntu/turtlebot3_ws/install/turtlebot3_node/share/turtlebot3_node/cmake/turtlebot3_nodeConfig.cmake
[7.495s] -- Up-to-date symlink: /home/ubuntu/turtlebot3_ws/install/turtlebot3_node/share/turtlebot3_node/cmake/turtlebot3_nodeConfig-version.cmake
[7.506s] -- Up-to-date symlink: /home/ubuntu/turtlebot3_ws/install/turtlebot3_node/share/turtlebot3_node/package.xml
[7.648s] Invoked command in '/home/ubuntu/turtlebot3_ws/build/turtlebot3_node' returned '0': /usr/bin/cmake --install /home/ubuntu/turtlebot3_ws/build/turtlebot3_node
