[4.543s] Invoking command in '/home/ubuntu/turtlebot3_ws/src/py_pubsub': PYTHONPATH=/home/ubuntu/turtlebot3_ws/install/py_pubsub/lib/python3.8/site-packages:${PYTHONPATH} /usr/bin/python3 setup.py egg_info --egg-base ../../build/py_pubsub build --build-base /home/ubuntu/turtlebot3_ws/build/py_pubsub/build install --prefix /home/ubuntu/turtlebot3_ws/install/py_pubsub --record /home/ubuntu/turtlebot3_ws/build/py_pubsub/install.log --single-version-externally-managed
[8.502s] running egg_info
[8.511s] writing ../../build/py_pubsub/py_pubsub.egg-info/PKG-INFO
[8.517s] writing dependency_links to ../../build/py_pubsub/py_pubsub.egg-info/dependency_links.txt
[8.521s] writing entry points to ../../build/py_pubsub/py_pubsub.egg-info/entry_points.txt
[8.525s] writing requirements to ../../build/py_pubsub/py_pubsub.egg-info/requires.txt
[8.527s] writing top-level names to ../../build/py_pubsub/py_pubsub.egg-info/top_level.txt
[9.417s] reading manifest file '../../build/py_pubsub/py_pubsub.egg-info/SOURCES.txt'
[9.436s] writing manifest file '../../build/py_pubsub/py_pubsub.egg-info/SOURCES.txt'
[9.440s] running build
[9.442s] running build_py
[9.449s] running install
[9.456s] running install_lib
[9.484s] copying /home/ubuntu/turtlebot3_ws/build/py_pubsub/build/lib/py_pubsub/publisher_member_function.py -> /home/ubuntu/turtlebot3_ws/install/py_pubsub/lib/python3.8/site-packages/py_pubsub
[9.523s] copying /home/ubuntu/turtlebot3_ws/build/py_pubsub/build/lib/py_pubsub/servolisten.py -> /home/ubuntu/turtlebot3_ws/install/py_pubsub/lib/python3.8/site-packages/py_pubsub
[9.533s] byte-compiling /home/ubuntu/turtlebot3_ws/install/py_pubsub/lib/python3.8/site-packages/py_pubsub/publisher_member_function.py to publisher_member_function.cpython-38.pyc
[9.554s] Sorry: IndentationError: expected an indented block (publisher_member_function.py, line 30)
[9.557s] byte-compiling /home/ubuntu/turtlebot3_ws/install/py_pubsub/lib/python3.8/site-packages/py_pubsub/servolisten.py to servolisten.cpython-38.pyc
[9.560s] Sorry: IndentationError: unexpected indent (servolisten.py, line 1)
[9.562s] running install_data
[9.568s] running install_egg_info
[9.595s] removing '/home/ubuntu/turtlebot3_ws/install/py_pubsub/lib/python3.8/site-packages/py_pubsub-0.0.0-py3.8.egg-info' (and everything under it)
[9.600s] error removing /home/ubuntu/turtlebot3_ws/install/py_pubsub/lib/python3.8/site-packages/py_pubsub-0.0.0-py3.8.egg-info: [Errno 13] Permission denied: '/home/ubuntu/turtlebot3_ws/install/py_pubsub/lib/python3.8/site-packages/py_pubsub-0.0.0-py3.8.egg-info/SOURCES.txt'
[9.603s] error removing /home/ubuntu/turtlebot3_ws/install/py_pubsub/lib/python3.8/site-packages/py_pubsub-0.0.0-py3.8.egg-info: [Errno 13] Permission denied: '/home/ubuntu/turtlebot3_ws/install/py_pubsub/lib/python3.8/site-packages/py_pubsub-0.0.0-py3.8.egg-info/top_level.txt'
[9.606s] error removing /home/ubuntu/turtlebot3_ws/install/py_pubsub/lib/python3.8/site-packages/py_pubsub-0.0.0-py3.8.egg-info: [Errno 13] Permission denied: '/home/ubuntu/turtlebot3_ws/install/py_pubsub/lib/python3.8/site-packages/py_pubsub-0.0.0-py3.8.egg-info/requires.txt'
[9.609s] error removing /home/ubuntu/turtlebot3_ws/install/py_pubsub/lib/python3.8/site-packages/py_pubsub-0.0.0-py3.8.egg-info: [Errno 13] Permission denied: '/home/ubuntu/turtlebot3_ws/install/py_pubsub/lib/python3.8/site-packages/py_pubsub-0.0.0-py3.8.egg-info/zip-safe'
[9.611s] error removing /home/ubuntu/turtlebot3_ws/install/py_pubsub/lib/python3.8/site-packages/py_pubsub-0.0.0-py3.8.egg-info: [Errno 13] Permission denied: '/home/ubuntu/turtlebot3_ws/install/py_pubsub/lib/python3.8/site-packages/py_pubsub-0.0.0-py3.8.egg-info/dependency_links.txt'
[9.614s] error removing /home/ubuntu/turtlebot3_ws/install/py_pubsub/lib/python3.8/site-packages/py_pubsub-0.0.0-py3.8.egg-info: [Errno 13] Permission denied: '/home/ubuntu/turtlebot3_ws/install/py_pubsub/lib/python3.8/site-packages/py_pubsub-0.0.0-py3.8.egg-info/PKG-INFO'
[9.619s] error removing /home/ubuntu/turtlebot3_ws/install/py_pubsub/lib/python3.8/site-packages/py_pubsub-0.0.0-py3.8.egg-info: [Errno 13] Permission denied: '/home/ubuntu/turtlebot3_ws/install/py_pubsub/lib/python3.8/site-packages/py_pubsub-0.0.0-py3.8.egg-info/entry_points.txt'
[9.623s] error removing /home/ubuntu/turtlebot3_ws/install/py_pubsub/lib/python3.8/site-packages/py_pubsub-0.0.0-py3.8.egg-info: [Errno 39] Directory not empty: '/home/ubuntu/turtlebot3_ws/install/py_pubsub/lib/python3.8/site-packages/py_pubsub-0.0.0-py3.8.egg-info'
[9.626s] Copying ../../build/py_pubsub/py_pubsub.egg-info to /home/ubuntu/turtlebot3_ws/install/py_pubsub/lib/python3.8/site-packages/py_pubsub-0.0.0-py3.8.egg-info
[9.629s] error: [Errno 13] Permission denied: '/home/ubuntu/turtlebot3_ws/install/py_pubsub/lib/python3.8/site-packages/py_pubsub-0.0.0-py3.8.egg-info/SOURCES.txt'
[9.959s] Invoked command in '/home/ubuntu/turtlebot3_ws/src/py_pubsub' returned '1': PYTHONPATH=/home/ubuntu/turtlebot3_ws/install/py_pubsub/lib/python3.8/site-packages:${PYTHONPATH} /usr/bin/python3 setup.py egg_info --egg-base ../../build/py_pubsub build --build-base /home/ubuntu/turtlebot3_ws/build/py_pubsub/build install --prefix /home/ubuntu/turtlebot3_ws/install/py_pubsub --record /home/ubuntu/turtlebot3_ws/build/py_pubsub/install.log --single-version-externally-managed
