[4.838s] Invoking command in '/home/ubuntu/turtlebot3_ws/src/py_pubsub': PYTHONPATH=/home/ubuntu/turtlebot3_ws/install/py_pubsub/lib/python3.8/site-packages: /usr/bin/python3 setup.py egg_info --egg-base ../../build/py_pubsub build --build-base /home/ubuntu/turtlebot3_ws/build/py_pubsub/build install --prefix /home/ubuntu/turtlebot3_ws/install/py_pubsub --record /home/ubuntu/turtlebot3_ws/build/py_pubsub/install.log --single-version-externally-managed
[9.406s] running egg_info
[9.423s] writing ../../build/py_pubsub/py_pubsub.egg-info/PKG-INFO
[9.431s] writing dependency_links to ../../build/py_pubsub/py_pubsub.egg-info/dependency_links.txt
[9.434s] writing entry points to ../../build/py_pubsub/py_pubsub.egg-info/entry_points.txt
[9.436s] writing requirements to ../../build/py_pubsub/py_pubsub.egg-info/requires.txt
[9.443s] writing top-level names to ../../build/py_pubsub/py_pubsub.egg-info/top_level.txt
[10.220s] reading manifest file '../../build/py_pubsub/py_pubsub.egg-info/SOURCES.txt'
[10.248s] writing manifest file '../../build/py_pubsub/py_pubsub.egg-info/SOURCES.txt'
[10.251s] running build
[10.254s] running build_py
[10.257s] running install
[10.263s] running install_lib
[10.280s] copying /home/ubuntu/turtlebot3_ws/build/py_pubsub/build/lib/py_pubsub/servolisten.py -> /home/ubuntu/turtlebot3_ws/install/py_pubsub/lib/python3.8/site-packages/py_pubsub
[10.330s] byte-compiling /home/ubuntu/turtlebot3_ws/install/py_pubsub/lib/python3.8/site-packages/py_pubsub/servolisten.py to servolisten.cpython-38.pyc
[10.367s] running install_data
[10.374s] running install_egg_info
[10.400s] removing '/home/ubuntu/turtlebot3_ws/install/py_pubsub/lib/python3.8/site-packages/py_pubsub-0.0.0-py3.8.egg-info' (and everything under it)
[10.410s] Copying ../../build/py_pubsub/py_pubsub.egg-info to /home/ubuntu/turtlebot3_ws/install/py_pubsub/lib/python3.8/site-packages/py_pubsub-0.0.0-py3.8.egg-info
[10.431s] running install_scripts
[10.738s] Installing servo script to /home/ubuntu/turtlebot3_ws/install/py_pubsub/lib/py_pubsub
[10.745s] Installing talker script to /home/ubuntu/turtlebot3_ws/install/py_pubsub/lib/py_pubsub
[10.758s] writing list of installed files to '/home/ubuntu/turtlebot3_ws/build/py_pubsub/install.log'
[11.170s] Invoked command in '/home/ubuntu/turtlebot3_ws/src/py_pubsub' returned '0': PYTHONPATH=/home/ubuntu/turtlebot3_ws/install/py_pubsub/lib/python3.8/site-packages: /usr/bin/python3 setup.py egg_info --egg-base ../../build/py_pubsub build --build-base /home/ubuntu/turtlebot3_ws/build/py_pubsub/build install --prefix /home/ubuntu/turtlebot3_ws/install/py_pubsub --record /home/ubuntu/turtlebot3_ws/build/py_pubsub/install.log --single-version-externally-managed
