[0.619s] Invoking command in '/home/ubuntu/turtlebot3_ws/build/turtlebot3_description': CMAKE_PREFIX_PATH=${CMAKE_PREFIX_PATH}:/home/ubuntu/turtlebot3_ws/install/turtlebot3_teleop:/home/ubuntu/turtlebot3_ws/install/turtlebot3_example:/home/ubuntu/turtlebot3_ws/install/py_pubsub:/opt/ros/foxy /usr/bin/cmake --build /home/ubuntu/turtlebot3_ws/build/turtlebot3_description -- -j4 -l4
[8.822s] Invoked command in '/home/ubuntu/turtlebot3_ws/build/turtlebot3_description' returned '0': CMAKE_PREFIX_PATH=${CMAKE_PREFIX_PATH}:/home/ubuntu/turtlebot3_ws/install/turtlebot3_teleop:/home/ubuntu/turtlebot3_ws/install/turtlebot3_example:/home/ubuntu/turtlebot3_ws/install/py_pubsub:/opt/ros/foxy /usr/bin/cmake --build /home/ubuntu/turtlebot3_ws/build/turtlebot3_description -- -j4 -l4
[9.414s] Invoking command in '/home/ubuntu/turtlebot3_ws/build/turtlebot3_description': CMAKE_PREFIX_PATH=${CMAKE_PREFIX_PATH}:/home/ubuntu/turtlebot3_ws/install/turtlebot3_teleop:/home/ubuntu/turtlebot3_ws/install/turtlebot3_example:/home/ubuntu/turtlebot3_ws/install/py_pubsub:/opt/ros/foxy /usr/bin/cmake --install /home/ubuntu/turtlebot3_ws/build/turtlebot3_description
[9.627s] -- Install configuration: ""
[9.637s] -- Execute custom install script
[9.676s] -- Up-to-date symlink: /home/ubuntu/turtlebot3_ws/install/turtlebot3_description/share/turtlebot3_description/meshes/bases/burger_base.stl
[9.688s] -- Up-to-date symlink: /home/ubuntu/turtlebot3_ws/install/turtlebot3_description/share/turtlebot3_description/meshes/bases/waffle_base.stl
[9.698s] -- Up-to-date symlink: /home/ubuntu/turtlebot3_ws/install/turtlebot3_description/share/turtlebot3_description/meshes/bases/waffle_pi_base.stl
[9.709s] -- Up-to-date symlink: /home/ubuntu/turtlebot3_ws/install/turtlebot3_description/share/turtlebot3_description/meshes/sensors/astra.dae
[9.721s] -- Up-to-date symlink: /home/ubuntu/turtlebot3_ws/install/turtlebot3_description/share/turtlebot3_description/meshes/sensors/astra.jpg
[9.730s] -- Up-to-date symlink: /home/ubuntu/turtlebot3_ws/install/turtlebot3_description/share/turtlebot3_description/meshes/sensors/lds.stl
[9.740s] -- Up-to-date symlink: /home/ubuntu/turtlebot3_ws/install/turtlebot3_description/share/turtlebot3_description/meshes/sensors/r200.dae
[9.749s] -- Up-to-date symlink: /home/ubuntu/turtlebot3_ws/install/turtlebot3_description/share/turtlebot3_description/meshes/sensors/r200.jpg
[9.767s] -- Up-to-date symlink: /home/ubuntu/turtlebot3_ws/install/turtlebot3_description/share/turtlebot3_description/meshes/wheels/left_tire.stl
[9.774s] -- Up-to-date symlink: /home/ubuntu/turtlebot3_ws/install/turtlebot3_description/share/turtlebot3_description/meshes/wheels/right_tire.stl
[9.788s] -- Up-to-date symlink: /home/ubuntu/turtlebot3_ws/install/turtlebot3_description/share/turtlebot3_description/rviz/model.rviz
[9.801s] -- Up-to-date symlink: /home/ubuntu/turtlebot3_ws/install/turtlebot3_description/share/turtlebot3_description/urdf/common_properties.urdf
[9.811s] -- Up-to-date symlink: /home/ubuntu/turtlebot3_ws/install/turtlebot3_description/share/turtlebot3_description/urdf/turtlebot3_burger.urdf
[9.828s] -- Up-to-date symlink: /home/ubuntu/turtlebot3_ws/install/turtlebot3_description/share/turtlebot3_description/urdf/turtlebot3_waffle.urdf
[9.839s] -- Up-to-date symlink: /home/ubuntu/turtlebot3_ws/install/turtlebot3_description/share/turtlebot3_description/urdf/turtlebot3_waffle_pi.urdf
[9.849s] -- Up-to-date symlink: /home/ubuntu/turtlebot3_ws/install/turtlebot3_description/share/ament_index/resource_index/package_run_dependencies/turtlebot3_description
[9.870s] -- Up-to-date symlink: /home/ubuntu/turtlebot3_ws/install/turtlebot3_description/share/ament_index/resource_index/parent_prefix_path/turtlebot3_description
[9.879s] -- Up-to-date symlink: /home/ubuntu/turtlebot3_ws/install/turtlebot3_description/share/turtlebot3_description/environment/ament_prefix_path.sh
[9.885s] -- Up-to-date symlink: /home/ubuntu/turtlebot3_ws/install/turtlebot3_description/share/turtlebot3_description/environment/ament_prefix_path.dsv
[9.895s] -- Up-to-date symlink: /home/ubuntu/turtlebot3_ws/install/turtlebot3_description/share/turtlebot3_description/environment/path.sh
[9.901s] -- Up-to-date symlink: /home/ubuntu/turtlebot3_ws/install/turtlebot3_description/share/turtlebot3_description/environment/path.dsv
[9.916s] -- Up-to-date symlink: /home/ubuntu/turtlebot3_ws/install/turtlebot3_description/share/turtlebot3_description/local_setup.bash
[9.924s] -- Up-to-date symlink: /home/ubuntu/turtlebot3_ws/install/turtlebot3_description/share/turtlebot3_description/local_setup.sh
[9.934s] -- Up-to-date symlink: /home/ubuntu/turtlebot3_ws/install/turtlebot3_description/share/turtlebot3_description/local_setup.zsh
[9.942s] -- Up-to-date symlink: /home/ubuntu/turtlebot3_ws/install/turtlebot3_description/share/turtlebot3_description/local_setup.dsv
[9.948s] -- Symlinking: /home/ubuntu/turtlebot3_ws/install/turtlebot3_description/share/turtlebot3_description/package.dsv
[10.137s] -- Up-to-date symlink: /home/ubuntu/turtlebot3_ws/install/turtlebot3_description/share/ament_index/resource_index/packages/turtlebot3_description
[10.153s] -- Up-to-date symlink: /home/ubuntu/turtlebot3_ws/install/turtlebot3_description/share/turtlebot3_description/cmake/turtlebot3_descriptionConfig.cmake
[10.173s] -- Up-to-date symlink: /home/ubuntu/turtlebot3_ws/install/turtlebot3_description/share/turtlebot3_description/cmake/turtlebot3_descriptionConfig-version.cmake
[10.183s] -- Up-to-date symlink: /home/ubuntu/turtlebot3_ws/install/turtlebot3_description/share/turtlebot3_description/package.xml
[10.220s] Invoked command in '/home/ubuntu/turtlebot3_ws/build/turtlebot3_description' returned '0': CMAKE_PREFIX_PATH=${CMAKE_PREFIX_PATH}:/home/ubuntu/turtlebot3_ws/install/turtlebot3_teleop:/home/ubuntu/turtlebot3_ws/install/turtlebot3_example:/home/ubuntu/turtlebot3_ws/install/py_pubsub:/opt/ros/foxy /usr/bin/cmake --install /home/ubuntu/turtlebot3_ws/build/turtlebot3_description
