[6.338s] Invoking command in '/home/ubuntu/turtlebot3_ws/build/turtlebot3_teleop': PYTHONPATH=/home/ubuntu/turtlebot3_ws/install/turtlebot3_teleop/lib/python3.8/site-packages: /usr/bin/python3 setup.py develop --prefix /home/ubuntu/turtlebot3_ws/install/turtlebot3_teleop --uninstall --editable --build-directory /home/ubuntu/turtlebot3_ws/build/turtlebot3_teleop/build
[10.052s] running develop
[12.205s] Invoked command in '/home/ubuntu/turtlebot3_ws/build/turtlebot3_teleop' returned '0': PYTHONPATH=/home/ubuntu/turtlebot3_ws/install/turtlebot3_teleop/lib/python3.8/site-packages: /usr/bin/python3 setup.py develop --prefix /home/ubuntu/turtlebot3_ws/install/turtlebot3_teleop --uninstall --editable --build-directory /home/ubuntu/turtlebot3_ws/build/turtlebot3_teleop/build
[12.210s] Invoking command in '/home/ubuntu/turtlebot3_ws/src/turtlebot3/turtlebot3_teleop': PYTHONPATH=/home/ubuntu/turtlebot3_ws/install/turtlebot3_teleop/lib/python3.8/site-packages: /usr/bin/python3 setup.py egg_info --egg-base ../../../build/turtlebot3_teleop build --build-base /home/ubuntu/turtlebot3_ws/build/turtlebot3_teleop/build install --prefix /home/ubuntu/turtlebot3_ws/install/turtlebot3_teleop --record /home/ubuntu/turtlebot3_ws/build/turtlebot3_teleop/install.log --single-version-externally-managed
[15.610s] running egg_info
[15.620s] writing ../../../build/turtlebot3_teleop/turtlebot3_teleop.egg-info/PKG-INFO
[15.624s] writing dependency_links to ../../../build/turtlebot3_teleop/turtlebot3_teleop.egg-info/dependency_links.txt
[15.629s] writing entry points to ../../../build/turtlebot3_teleop/turtlebot3_teleop.egg-info/entry_points.txt
[15.635s] writing requirements to ../../../build/turtlebot3_teleop/turtlebot3_teleop.egg-info/requires.txt
[15.640s] writing top-level names to ../../../build/turtlebot3_teleop/turtlebot3_teleop.egg-info/top_level.txt
[16.237s] reading manifest file '../../../build/turtlebot3_teleop/turtlebot3_teleop.egg-info/SOURCES.txt'
[16.255s] writing manifest file '../../../build/turtlebot3_teleop/turtlebot3_teleop.egg-info/SOURCES.txt'
[16.257s] running build
[16.258s] running build_py
[16.265s] running install
[16.286s] running install_lib
[16.302s] running install_data
[16.310s] running install_egg_info
[16.335s] removing '/home/ubuntu/turtlebot3_ws/install/turtlebot3_teleop/lib/python3.8/site-packages/turtlebot3_teleop-2.1.2-py3.8.egg-info' (and everything under it)
[16.341s] Copying ../../../build/turtlebot3_teleop/turtlebot3_teleop.egg-info to /home/ubuntu/turtlebot3_ws/install/turtlebot3_teleop/lib/python3.8/site-packages/turtlebot3_teleop-2.1.2-py3.8.egg-info
[16.363s] running install_scripts
[16.635s] Installing teleop_keyboard script to /home/ubuntu/turtlebot3_ws/install/turtlebot3_teleop/lib/turtlebot3_teleop
[16.643s] writing list of installed files to '/home/ubuntu/turtlebot3_ws/build/turtlebot3_teleop/install.log'
[17.012s] Invoked command in '/home/ubuntu/turtlebot3_ws/src/turtlebot3/turtlebot3_teleop' returned '0': PYTHONPATH=/home/ubuntu/turtlebot3_ws/install/turtlebot3_teleop/lib/python3.8/site-packages: /usr/bin/python3 setup.py egg_info --egg-base ../../../build/turtlebot3_teleop build --build-base /home/ubuntu/turtlebot3_ws/build/turtlebot3_teleop/build install --prefix /home/ubuntu/turtlebot3_ws/install/turtlebot3_teleop --record /home/ubuntu/turtlebot3_ws/build/turtlebot3_teleop/install.log --single-version-externally-managed
