[6.337s] Invoking command in '/home/ubuntu/turtlebot3_ws/build/turtlebot3_teleop': PYTHONPATH=/home/ubuntu/turtlebot3_ws/install/turtlebot3_teleop/lib/python3.8/site-packages: /usr/bin/python3 setup.py develop --prefix /home/ubuntu/turtlebot3_ws/install/turtlebot3_teleop --uninstall --editable --build-directory /home/ubuntu/turtlebot3_ws/build/turtlebot3_teleop/build
[10.059s] running develop
[12.221s] Invoked command in '/home/ubuntu/turtlebot3_ws/build/turtlebot3_teleop' returned '0': PYTHONPATH=/home/ubuntu/turtlebot3_ws/install/turtlebot3_teleop/lib/python3.8/site-packages: /usr/bin/python3 setup.py develop --prefix /home/ubuntu/turtlebot3_ws/install/turtlebot3_teleop --uninstall --editable --build-directory /home/ubuntu/turtlebot3_ws/build/turtlebot3_teleop/build
[12.227s] Invoking command in '/home/ubuntu/turtlebot3_ws/src/turtlebot3/turtlebot3_teleop': PYTHONPATH=/home/ubuntu/turtlebot3_ws/install/turtlebot3_teleop/lib/python3.8/site-packages: /usr/bin/python3 setup.py egg_info --egg-base ../../../build/turtlebot3_teleop build --build-base /home/ubuntu/turtlebot3_ws/build/turtlebot3_teleop/build install --prefix /home/ubuntu/turtlebot3_ws/install/turtlebot3_teleop --record /home/ubuntu/turtlebot3_ws/build/turtlebot3_teleop/install.log --single-version-externally-managed
[15.674s] running egg_info
[15.685s] writing ../../../build/turtlebot3_teleop/turtlebot3_teleop.egg-info/PKG-INFO
[15.688s] writing dependency_links to ../../../build/turtlebot3_teleop/turtlebot3_teleop.egg-info/dependency_links.txt
[15.691s] writing entry points to ../../../build/turtlebot3_teleop/turtlebot3_teleop.egg-info/entry_points.txt
[15.695s] writing requirements to ../../../build/turtlebot3_teleop/turtlebot3_teleop.egg-info/requires.txt
[15.698s] writing top-level names to ../../../build/turtlebot3_teleop/turtlebot3_teleop.egg-info/top_level.txt
[16.312s] reading manifest file '../../../build/turtlebot3_teleop/turtlebot3_teleop.egg-info/SOURCES.txt'
[16.333s] writing manifest file '../../../build/turtlebot3_teleop/turtlebot3_teleop.egg-info/SOURCES.txt'
[16.336s] running build
[16.338s] running build_py
[16.343s] running install
[16.354s] running install_lib
[16.382s] running install_data
[16.398s] running install_egg_info
[16.416s] removing '/home/ubuntu/turtlebot3_ws/install/turtlebot3_teleop/lib/python3.8/site-packages/turtlebot3_teleop-2.1.2-py3.8.egg-info' (and everything under it)
[16.423s] Copying ../../../build/turtlebot3_teleop/turtlebot3_teleop.egg-info to /home/ubuntu/turtlebot3_ws/install/turtlebot3_teleop/lib/python3.8/site-packages/turtlebot3_teleop-2.1.2-py3.8.egg-info
[16.444s] running install_scripts
[16.718s] Installing teleop_keyboard script to /home/ubuntu/turtlebot3_ws/install/turtlebot3_teleop/lib/turtlebot3_teleop
[16.771s] writing list of installed files to '/home/ubuntu/turtlebot3_ws/build/turtlebot3_teleop/install.log'
[17.116s] Invoked command in '/home/ubuntu/turtlebot3_ws/src/turtlebot3/turtlebot3_teleop' returned '0': PYTHONPATH=/home/ubuntu/turtlebot3_ws/install/turtlebot3_teleop/lib/python3.8/site-packages: /usr/bin/python3 setup.py egg_info --egg-base ../../../build/turtlebot3_teleop build --build-base /home/ubuntu/turtlebot3_ws/build/turtlebot3_teleop/build install --prefix /home/ubuntu/turtlebot3_ws/install/turtlebot3_teleop --record /home/ubuntu/turtlebot3_ws/build/turtlebot3_teleop/install.log --single-version-externally-managed
