[3.956s] Invoking command in '/home/ubuntu/turtlebot3_ws/src/py_pubsub': PYTHONPATH=/home/ubuntu/turtlebot3_ws/install/py_pubsub/lib/python3.8/site-packages: /usr/bin/python3 setup.py egg_info --egg-base ../../build/py_pubsub build --build-base /home/ubuntu/turtlebot3_ws/build/py_pubsub/build install --prefix /home/ubuntu/turtlebot3_ws/install/py_pubsub --record /home/ubuntu/turtlebot3_ws/build/py_pubsub/install.log --single-version-externally-managed
[7.477s] running egg_info
[7.486s] writing ../../build/py_pubsub/py_pubsub.egg-info/PKG-INFO
[7.490s] writing dependency_links to ../../build/py_pubsub/py_pubsub.egg-info/dependency_links.txt
[7.499s] writing entry points to ../../build/py_pubsub/py_pubsub.egg-info/entry_points.txt
[7.502s] writing requirements to ../../build/py_pubsub/py_pubsub.egg-info/requires.txt
[7.504s] writing top-level names to ../../build/py_pubsub/py_pubsub.egg-info/top_level.txt
[8.136s] reading manifest file '../../build/py_pubsub/py_pubsub.egg-info/SOURCES.txt'
[8.153s] writing manifest file '../../build/py_pubsub/py_pubsub.egg-info/SOURCES.txt'
[8.155s] running build
[8.157s] running build_py
[8.160s] running install
[8.171s] running install_lib
[8.187s] copying /home/ubuntu/turtlebot3_ws/build/py_pubsub/build/lib/py_pubsub/servolisten.py -> /home/ubuntu/turtlebot3_ws/install/py_pubsub/lib/python3.8/site-packages/py_pubsub
[8.197s] byte-compiling /home/ubuntu/turtlebot3_ws/install/py_pubsub/lib/python3.8/site-packages/py_pubsub/servolisten.py to servolisten.cpython-38.pyc
[8.221s] running install_data
[8.228s] running install_egg_info
[8.250s] removing '/home/ubuntu/turtlebot3_ws/install/py_pubsub/lib/python3.8/site-packages/py_pubsub-0.0.0-py3.8.egg-info' (and everything under it)
[8.256s] Copying ../../build/py_pubsub/py_pubsub.egg-info to /home/ubuntu/turtlebot3_ws/install/py_pubsub/lib/python3.8/site-packages/py_pubsub-0.0.0-py3.8.egg-info
[8.276s] running install_scripts
[8.543s] Installing servo script to /home/ubuntu/turtlebot3_ws/install/py_pubsub/lib/py_pubsub
[8.546s] Installing talker script to /home/ubuntu/turtlebot3_ws/install/py_pubsub/lib/py_pubsub
[8.553s] writing list of installed files to '/home/ubuntu/turtlebot3_ws/build/py_pubsub/install.log'
[8.916s] Invoked command in '/home/ubuntu/turtlebot3_ws/src/py_pubsub' returned '0': PYTHONPATH=/home/ubuntu/turtlebot3_ws/install/py_pubsub/lib/python3.8/site-packages: /usr/bin/python3 setup.py egg_info --egg-base ../../build/py_pubsub build --build-base /home/ubuntu/turtlebot3_ws/build/py_pubsub/build install --prefix /home/ubuntu/turtlebot3_ws/install/py_pubsub --record /home/ubuntu/turtlebot3_ws/build/py_pubsub/install.log --single-version-externally-managed
