[4.186s] DEBUG:colcon:Command line arguments: ['/usr/bin/colcon', 'build']
[4.188s] DEBUG:colcon:Parsed command line arguments: Namespace(ament_cmake_args=None, base_paths=['.'], build_base='build', catkin_cmake_args=None, catkin_skip_building_tests=False, cmake_args=None, cmake_clean_cache=False, cmake_clean_first=False, cmake_force_configure=False, cmake_target=None, cmake_target_skip_unavailable=False, continue_on_error=False, event_handlers=None, executor='parallel', ignore_user_meta=False, install_base='install', log_base=None, log_level=None, main=<bound method BuildVerb.main of <colcon_core.verb.build.BuildVerb object at 0xffff99ea1130>>, merge_install=False, metas=['./colcon.meta'], packages_above=None, packages_above_and_dependencies=None, packages_above_depth=None, packages_end=None, packages_ignore=None, packages_ignore_regex=None, packages_select=None, packages_select_build_failed=False, packages_select_by_dep=None, packages_select_regex=None, packages_select_test_failures=False, packages_skip=None, packages_skip_build_finished=False, packages_skip_by_dep=None, packages_skip_regex=None, packages_skip_test_passed=False, packages_skip_up_to=None, packages_start=None, packages_up_to=None, packages_up_to_regex=None, parallel_workers=4, paths=None, symlink_install=False, test_result_base=None, verb_extension=<colcon_core.verb.build.BuildVerb object at 0xffff99ea1130>, verb_name='build', verb_parser=<colcon_defaults.argument_parser.defaults.DefaultArgumentsDecorator object at 0xffff99ea1670>)
[4.265s] Level 1:colcon.colcon_core.package_discovery:discover_packages(colcon_meta) check parameters
[4.267s] Level 1:colcon.colcon_core.package_discovery:discover_packages(recursive) check parameters
[4.267s] Level 1:colcon.colcon_core.package_discovery:discover_packages(ignore) check parameters
[4.268s] Level 1:colcon.colcon_core.package_discovery:discover_packages(path) check parameters
[4.268s] Level 1:colcon.colcon_core.package_discovery:discover_packages(colcon_meta) discover
[4.269s] Level 1:colcon.colcon_core.package_discovery:discover_packages(recursive) discover
[4.270s] INFO:colcon.colcon_core.package_discovery:Crawling recursively for packages in '/home/ubuntu/turtlebot3_ws'
[4.271s] Level 1:colcon.colcon_core.package_identification:_identify(.) by extensions ['ignore', 'ignore_ament_install']
[4.273s] Level 1:colcon.colcon_core.package_identification:_identify(.) by extension 'ignore'
[4.274s] Level 1:colcon.colcon_core.package_identification:_identify(.) by extension 'ignore_ament_install'
[4.275s] Level 1:colcon.colcon_core.package_identification:_identify(.) by extensions ['colcon_pkg']
[4.275s] Level 1:colcon.colcon_core.package_identification:_identify(.) by extension 'colcon_pkg'
[4.276s] Level 1:colcon.colcon_core.package_identification:_identify(.) by extensions ['colcon_meta']
[4.276s] Level 1:colcon.colcon_core.package_identification:_identify(.) by extension 'colcon_meta'
[4.277s] Level 1:colcon.colcon_core.package_identification:_identify(.) by extensions ['ros']
[4.278s] Level 1:colcon.colcon_core.package_identification:_identify(.) by extension 'ros'
[4.444s] Level 1:colcon.colcon_core.package_identification:_identify(.) by extensions ['cmake', 'python']
[4.445s] Level 1:colcon.colcon_core.package_identification:_identify(.) by extension 'cmake'
[4.446s] Level 1:colcon.colcon_core.package_identification:_identify(.) by extension 'python'
[4.447s] Level 1:colcon.colcon_core.package_identification:_identify(.) by extensions ['python_setup_py']
[4.447s] Level 1:colcon.colcon_core.package_identification:_identify(.) by extension 'python_setup_py'
[4.449s] Level 1:colcon.colcon_core.package_identification:_identify(build) by extensions ['ignore', 'ignore_ament_install']
[4.451s] Level 1:colcon.colcon_core.package_identification:_identify(build) by extension 'ignore'
[4.452s] Level 1:colcon.colcon_core.package_identification:_identify(build) ignored
[4.454s] Level 1:colcon.colcon_core.package_identification:_identify(install) by extensions ['ignore', 'ignore_ament_install']
[4.455s] Level 1:colcon.colcon_core.package_identification:_identify(install) by extension 'ignore'
[4.456s] Level 1:colcon.colcon_core.package_identification:_identify(install) ignored
[4.459s] Level 1:colcon.colcon_core.package_identification:_identify(log) by extensions ['ignore', 'ignore_ament_install']
[4.461s] Level 1:colcon.colcon_core.package_identification:_identify(log) by extension 'ignore'
[4.461s] Level 1:colcon.colcon_core.package_identification:_identify(log) ignored
[4.463s] Level 1:colcon.colcon_core.package_identification:_identify(src) by extensions ['ignore', 'ignore_ament_install']
[4.464s] Level 1:colcon.colcon_core.package_identification:_identify(src) by extension 'ignore'
[4.465s] Level 1:colcon.colcon_core.package_identification:_identify(src) by extension 'ignore_ament_install'
[4.466s] Level 1:colcon.colcon_core.package_identification:_identify(src) by extensions ['colcon_pkg']
[4.466s] Level 1:colcon.colcon_core.package_identification:_identify(src) by extension 'colcon_pkg'
[4.467s] Level 1:colcon.colcon_core.package_identification:_identify(src) by extensions ['colcon_meta']
[4.468s] Level 1:colcon.colcon_core.package_identification:_identify(src) by extension 'colcon_meta'
[4.469s] Level 1:colcon.colcon_core.package_identification:_identify(src) by extensions ['ros']
[4.469s] Level 1:colcon.colcon_core.package_identification:_identify(src) by extension 'ros'
[4.470s] Level 1:colcon.colcon_core.package_identification:_identify(src) by extensions ['cmake', 'python']
[4.471s] Level 1:colcon.colcon_core.package_identification:_identify(src) by extension 'cmake'
[4.472s] Level 1:colcon.colcon_core.package_identification:_identify(src) by extension 'python'
[4.473s] Level 1:colcon.colcon_core.package_identification:_identify(src) by extensions ['python_setup_py']
[4.473s] Level 1:colcon.colcon_core.package_identification:_identify(src) by extension 'python_setup_py'
[4.475s] Level 1:colcon.colcon_core.package_identification:_identify(src/py_pubsub) by extensions ['ignore', 'ignore_ament_install']
[4.476s] Level 1:colcon.colcon_core.package_identification:_identify(src/py_pubsub) by extension 'ignore'
[4.477s] Level 1:colcon.colcon_core.package_identification:_identify(src/py_pubsub) by extension 'ignore_ament_install'
[4.478s] Level 1:colcon.colcon_core.package_identification:_identify(src/py_pubsub) by extensions ['colcon_pkg']
[4.479s] Level 1:colcon.colcon_core.package_identification:_identify(src/py_pubsub) by extension 'colcon_pkg'
[4.480s] Level 1:colcon.colcon_core.package_identification:_identify(src/py_pubsub) by extensions ['colcon_meta']
[4.480s] Level 1:colcon.colcon_core.package_identification:_identify(src/py_pubsub) by extension 'colcon_meta'
[4.481s] Level 1:colcon.colcon_core.package_identification:_identify(src/py_pubsub) by extensions ['ros']
[4.481s] Level 1:colcon.colcon_core.package_identification:_identify(src/py_pubsub) by extension 'ros'
[4.514s] DEBUG:colcon.colcon_core.package_identification:Package 'src/py_pubsub' with type 'ros.ament_python' and name 'py_pubsub'
[4.517s] Level 1:colcon.colcon_core.package_identification:_identify(src/turtlebot3) by extensions ['ignore', 'ignore_ament_install']
[4.518s] Level 1:colcon.colcon_core.package_identification:_identify(src/turtlebot3) by extension 'ignore'
[4.519s] Level 1:colcon.colcon_core.package_identification:_identify(src/turtlebot3) by extension 'ignore_ament_install'
[4.520s] Level 1:colcon.colcon_core.package_identification:_identify(src/turtlebot3) by extensions ['colcon_pkg']
[4.521s] Level 1:colcon.colcon_core.package_identification:_identify(src/turtlebot3) by extension 'colcon_pkg'
[4.521s] Level 1:colcon.colcon_core.package_identification:_identify(src/turtlebot3) by extensions ['colcon_meta']
[4.522s] Level 1:colcon.colcon_core.package_identification:_identify(src/turtlebot3) by extension 'colcon_meta'
[4.523s] Level 1:colcon.colcon_core.package_identification:_identify(src/turtlebot3) by extensions ['ros']
[4.523s] Level 1:colcon.colcon_core.package_identification:_identify(src/turtlebot3) by extension 'ros'
[4.525s] Level 1:colcon.colcon_core.package_identification:_identify(src/turtlebot3) by extensions ['cmake', 'python']
[4.525s] Level 1:colcon.colcon_core.package_identification:_identify(src/turtlebot3) by extension 'cmake'
[4.526s] Level 1:colcon.colcon_core.package_identification:_identify(src/turtlebot3) by extension 'python'
[4.527s] Level 1:colcon.colcon_core.package_identification:_identify(src/turtlebot3) by extensions ['python_setup_py']
[4.528s] Level 1:colcon.colcon_core.package_identification:_identify(src/turtlebot3) by extension 'python_setup_py'
[4.529s] Level 1:colcon.colcon_core.package_identification:_identify(src/turtlebot3/turtlebot3) by extensions ['ignore', 'ignore_ament_install']
[4.531s] Level 1:colcon.colcon_core.package_identification:_identify(src/turtlebot3/turtlebot3) by extension 'ignore'
[4.532s] Level 1:colcon.colcon_core.package_identification:_identify(src/turtlebot3/turtlebot3) by extension 'ignore_ament_install'
[4.533s] Level 1:colcon.colcon_core.package_identification:_identify(src/turtlebot3/turtlebot3) by extensions ['colcon_pkg']
[4.533s] Level 1:colcon.colcon_core.package_identification:_identify(src/turtlebot3/turtlebot3) by extension 'colcon_pkg'
[4.534s] Level 1:colcon.colcon_core.package_identification:_identify(src/turtlebot3/turtlebot3) by extensions ['colcon_meta']
[4.535s] Level 1:colcon.colcon_core.package_identification:_identify(src/turtlebot3/turtlebot3) by extension 'colcon_meta'
[4.536s] Level 1:colcon.colcon_core.package_identification:_identify(src/turtlebot3/turtlebot3) by extensions ['ros']
[4.536s] Level 1:colcon.colcon_core.package_identification:_identify(src/turtlebot3/turtlebot3) by extension 'ros'
[4.548s] DEBUG:colcon.colcon_core.package_identification:Package 'src/turtlebot3/turtlebot3' with type 'ros.ament_cmake' and name 'turtlebot3'
[4.550s] Level 1:colcon.colcon_core.package_identification:_identify(src/turtlebot3/turtlebot3_bringup) by extensions ['ignore', 'ignore_ament_install']
[4.551s] Level 1:colcon.colcon_core.package_identification:_identify(src/turtlebot3/turtlebot3_bringup) by extension 'ignore'
[4.552s] Level 1:colcon.colcon_core.package_identification:_identify(src/turtlebot3/turtlebot3_bringup) by extension 'ignore_ament_install'
[4.553s] Level 1:colcon.colcon_core.package_identification:_identify(src/turtlebot3/turtlebot3_bringup) by extensions ['colcon_pkg']
[4.554s] Level 1:colcon.colcon_core.package_identification:_identify(src/turtlebot3/turtlebot3_bringup) by extension 'colcon_pkg'
[4.554s] Level 1:colcon.colcon_core.package_identification:_identify(src/turtlebot3/turtlebot3_bringup) by extensions ['colcon_meta']
[4.555s] Level 1:colcon.colcon_core.package_identification:_identify(src/turtlebot3/turtlebot3_bringup) by extension 'colcon_meta'
[4.556s] Level 1:colcon.colcon_core.package_identification:_identify(src/turtlebot3/turtlebot3_bringup) by extensions ['ros']
[4.556s] Level 1:colcon.colcon_core.package_identification:_identify(src/turtlebot3/turtlebot3_bringup) by extension 'ros'
[4.566s] DEBUG:colcon.colcon_core.package_identification:Package 'src/turtlebot3/turtlebot3_bringup' with type 'ros.ament_cmake' and name 'turtlebot3_bringup'
[4.568s] Level 1:colcon.colcon_core.package_identification:_identify(src/turtlebot3/turtlebot3_description) by extensions ['ignore', 'ignore_ament_install']
[4.569s] Level 1:colcon.colcon_core.package_identification:_identify(src/turtlebot3/turtlebot3_description) by extension 'ignore'
[4.570s] Level 1:colcon.colcon_core.package_identification:_identify(src/turtlebot3/turtlebot3_description) by extension 'ignore_ament_install'
[4.571s] Level 1:colcon.colcon_core.package_identification:_identify(src/turtlebot3/turtlebot3_description) by extensions ['colcon_pkg']
[4.572s] Level 1:colcon.colcon_core.package_identification:_identify(src/turtlebot3/turtlebot3_description) by extension 'colcon_pkg'
[4.573s] Level 1:colcon.colcon_core.package_identification:_identify(src/turtlebot3/turtlebot3_description) by extensions ['colcon_meta']
[4.573s] Level 1:colcon.colcon_core.package_identification:_identify(src/turtlebot3/turtlebot3_description) by extension 'colcon_meta'
[4.574s] Level 1:colcon.colcon_core.package_identification:_identify(src/turtlebot3/turtlebot3_description) by extensions ['ros']
[4.575s] Level 1:colcon.colcon_core.package_identification:_identify(src/turtlebot3/turtlebot3_description) by extension 'ros'
[4.585s] DEBUG:colcon.colcon_core.package_identification:Package 'src/turtlebot3/turtlebot3_description' with type 'ros.ament_cmake' and name 'turtlebot3_description'
[4.587s] Level 1:colcon.colcon_core.package_identification:_identify(src/turtlebot3/turtlebot3_example) by extensions ['ignore', 'ignore_ament_install']
[4.588s] Level 1:colcon.colcon_core.package_identification:_identify(src/turtlebot3/turtlebot3_example) by extension 'ignore'
[4.589s] Level 1:colcon.colcon_core.package_identification:_identify(src/turtlebot3/turtlebot3_example) by extension 'ignore_ament_install'
[4.590s] Level 1:colcon.colcon_core.package_identification:_identify(src/turtlebot3/turtlebot3_example) by extensions ['colcon_pkg']
[4.591s] Level 1:colcon.colcon_core.package_identification:_identify(src/turtlebot3/turtlebot3_example) by extension 'colcon_pkg'
[4.592s] Level 1:colcon.colcon_core.package_identification:_identify(src/turtlebot3/turtlebot3_example) by extensions ['colcon_meta']
[4.592s] Level 1:colcon.colcon_core.package_identification:_identify(src/turtlebot3/turtlebot3_example) by extension 'colcon_meta'
[4.593s] Level 1:colcon.colcon_core.package_identification:_identify(src/turtlebot3/turtlebot3_example) by extensions ['ros']
[4.594s] Level 1:colcon.colcon_core.package_identification:_identify(src/turtlebot3/turtlebot3_example) by extension 'ros'
[4.610s] DEBUG:colcon.colcon_core.package_identification:Package 'src/turtlebot3/turtlebot3_example' with type 'ros.ament_python' and name 'turtlebot3_example'
[4.613s] Level 1:colcon.colcon_core.package_identification:_identify(src/turtlebot3/turtlebot3_node) by extensions ['ignore', 'ignore_ament_install']
[4.614s] Level 1:colcon.colcon_core.package_identification:_identify(src/turtlebot3/turtlebot3_node) by extension 'ignore'
[4.615s] Level 1:colcon.colcon_core.package_identification:_identify(src/turtlebot3/turtlebot3_node) by extension 'ignore_ament_install'
[4.616s] Level 1:colcon.colcon_core.package_identification:_identify(src/turtlebot3/turtlebot3_node) by extensions ['colcon_pkg']
[4.616s] Level 1:colcon.colcon_core.package_identification:_identify(src/turtlebot3/turtlebot3_node) by extension 'colcon_pkg'
[4.617s] Level 1:colcon.colcon_core.package_identification:_identify(src/turtlebot3/turtlebot3_node) by extensions ['colcon_meta']
[4.618s] Level 1:colcon.colcon_core.package_identification:_identify(src/turtlebot3/turtlebot3_node) by extension 'colcon_meta'
[4.619s] Level 1:colcon.colcon_core.package_identification:_identify(src/turtlebot3/turtlebot3_node) by extensions ['ros']
[4.619s] Level 1:colcon.colcon_core.package_identification:_identify(src/turtlebot3/turtlebot3_node) by extension 'ros'
[4.663s] DEBUG:colcon.colcon_core.package_identification:Package 'src/turtlebot3/turtlebot3_node' with type 'ros.ament_cmake' and name 'turtlebot3_node'
[4.665s] Level 1:colcon.colcon_core.package_identification:_identify(src/turtlebot3/turtlebot3_teleop) by extensions ['ignore', 'ignore_ament_install']
[4.667s] Level 1:colcon.colcon_core.package_identification:_identify(src/turtlebot3/turtlebot3_teleop) by extension 'ignore'
[4.668s] Level 1:colcon.colcon_core.package_identification:_identify(src/turtlebot3/turtlebot3_teleop) by extension 'ignore_ament_install'
[4.669s] Level 1:colcon.colcon_core.package_identification:_identify(src/turtlebot3/turtlebot3_teleop) by extensions ['colcon_pkg']
[4.669s] Level 1:colcon.colcon_core.package_identification:_identify(src/turtlebot3/turtlebot3_teleop) by extension 'colcon_pkg'
[4.670s] Level 1:colcon.colcon_core.package_identification:_identify(src/turtlebot3/turtlebot3_teleop) by extensions ['colcon_meta']
[4.670s] Level 1:colcon.colcon_core.package_identification:_identify(src/turtlebot3/turtlebot3_teleop) by extension 'colcon_meta'
[4.672s] Level 1:colcon.colcon_core.package_identification:_identify(src/turtlebot3/turtlebot3_teleop) by extensions ['ros']
[4.672s] Level 1:colcon.colcon_core.package_identification:_identify(src/turtlebot3/turtlebot3_teleop) by extension 'ros'
[4.681s] DEBUG:colcon.colcon_core.package_identification:Package 'src/turtlebot3/turtlebot3_teleop' with type 'ros.ament_python' and name 'turtlebot3_teleop'
[4.682s] Level 1:colcon.colcon_core.package_discovery:discover_packages(recursive) using defaults
[4.683s] Level 1:colcon.colcon_core.package_discovery:discover_packages(ignore) discover
[4.684s] Level 1:colcon.colcon_core.package_discovery:discover_packages(ignore) using defaults
[4.684s] Level 1:colcon.colcon_core.package_discovery:discover_packages(path) discover
[4.685s] Level 1:colcon.colcon_core.package_discovery:discover_packages(path) using defaults
[4.970s] Level 5:colcon.colcon_core.verb:set package 'py_pubsub' build argument 'cmake_args' from command line to 'None'
[4.970s] Level 5:colcon.colcon_core.verb:set package 'py_pubsub' build argument 'cmake_target' from command line to 'None'
[4.971s] Level 5:colcon.colcon_core.verb:set package 'py_pubsub' build argument 'cmake_target_skip_unavailable' from command line to 'False'
[4.972s] Level 5:colcon.colcon_core.verb:set package 'py_pubsub' build argument 'cmake_clean_cache' from command line to 'False'
[4.972s] Level 5:colcon.colcon_core.verb:set package 'py_pubsub' build argument 'cmake_clean_first' from command line to 'False'
[4.972s] Level 5:colcon.colcon_core.verb:set package 'py_pubsub' build argument 'cmake_force_configure' from command line to 'False'
[4.973s] Level 5:colcon.colcon_core.verb:set package 'py_pubsub' build argument 'ament_cmake_args' from command line to 'None'
[4.973s] Level 5:colcon.colcon_core.verb:set package 'py_pubsub' build argument 'catkin_cmake_args' from command line to 'None'
[4.974s] Level 5:colcon.colcon_core.verb:set package 'py_pubsub' build argument 'catkin_skip_building_tests' from command line to 'False'
[4.974s] DEBUG:colcon.colcon_core.verb:Building package 'py_pubsub' with the following arguments: {'ament_cmake_args': None, 'build_base': '/home/ubuntu/turtlebot3_ws/build/py_pubsub', 'catkin_cmake_args': None, 'catkin_skip_building_tests': False, 'cmake_args': None, 'cmake_clean_cache': False, 'cmake_clean_first': False, 'cmake_force_configure': False, 'cmake_target': None, 'cmake_target_skip_unavailable': False, 'install_base': '/home/ubuntu/turtlebot3_ws/install/py_pubsub', 'merge_install': False, 'path': '/home/ubuntu/turtlebot3_ws/src/py_pubsub', 'symlink_install': False, 'test_result_base': None}
[5.018s] Level 5:colcon.colcon_core.verb:set package 'turtlebot3_description' build argument 'cmake_args' from command line to 'None'
[5.019s] Level 5:colcon.colcon_core.verb:set package 'turtlebot3_description' build argument 'cmake_target' from command line to 'None'
[5.020s] Level 5:colcon.colcon_core.verb:set package 'turtlebot3_description' build argument 'cmake_target_skip_unavailable' from command line to 'False'
[5.020s] Level 5:colcon.colcon_core.verb:set package 'turtlebot3_description' build argument 'cmake_clean_cache' from command line to 'False'
[5.021s] Level 5:colcon.colcon_core.verb:set package 'turtlebot3_description' build argument 'cmake_clean_first' from command line to 'False'
[5.021s] Level 5:colcon.colcon_core.verb:set package 'turtlebot3_description' build argument 'cmake_force_configure' from command line to 'False'
[5.021s] Level 5:colcon.colcon_core.verb:set package 'turtlebot3_description' build argument 'ament_cmake_args' from command line to 'None'
[5.022s] Level 5:colcon.colcon_core.verb:set package 'turtlebot3_description' build argument 'catkin_cmake_args' from command line to 'None'
[5.022s] Level 5:colcon.colcon_core.verb:set package 'turtlebot3_description' build argument 'catkin_skip_building_tests' from command line to 'False'
[5.023s] DEBUG:colcon.colcon_core.verb:Building package 'turtlebot3_description' with the following arguments: {'ament_cmake_args': None, 'build_base': '/home/ubuntu/turtlebot3_ws/build/turtlebot3_description', 'catkin_cmake_args': None, 'catkin_skip_building_tests': False, 'cmake_args': None, 'cmake_clean_cache': False, 'cmake_clean_first': False, 'cmake_force_configure': False, 'cmake_target': None, 'cmake_target_skip_unavailable': False, 'install_base': '/home/ubuntu/turtlebot3_ws/install/turtlebot3_description', 'merge_install': False, 'path': '/home/ubuntu/turtlebot3_ws/src/turtlebot3/turtlebot3_description', 'symlink_install': False, 'test_result_base': None}
[5.066s] Level 5:colcon.colcon_core.verb:set package 'turtlebot3_example' build argument 'cmake_args' from command line to 'None'
[5.066s] Level 5:colcon.colcon_core.verb:set package 'turtlebot3_example' build argument 'cmake_target' from command line to 'None'
[5.067s] Level 5:colcon.colcon_core.verb:set package 'turtlebot3_example' build argument 'cmake_target_skip_unavailable' from command line to 'False'
[5.067s] Level 5:colcon.colcon_core.verb:set package 'turtlebot3_example' build argument 'cmake_clean_cache' from command line to 'False'
[5.068s] Level 5:colcon.colcon_core.verb:set package 'turtlebot3_example' build argument 'cmake_clean_first' from command line to 'False'
[5.068s] Level 5:colcon.colcon_core.verb:set package 'turtlebot3_example' build argument 'cmake_force_configure' from command line to 'False'
[5.069s] Level 5:colcon.colcon_core.verb:set package 'turtlebot3_example' build argument 'ament_cmake_args' from command line to 'None'
[5.069s] Level 5:colcon.colcon_core.verb:set package 'turtlebot3_example' build argument 'catkin_cmake_args' from command line to 'None'
[5.070s] Level 5:colcon.colcon_core.verb:set package 'turtlebot3_example' build argument 'catkin_skip_building_tests' from command line to 'False'
[5.070s] DEBUG:colcon.colcon_core.verb:Building package 'turtlebot3_example' with the following arguments: {'ament_cmake_args': None, 'build_base': '/home/ubuntu/turtlebot3_ws/build/turtlebot3_example', 'catkin_cmake_args': None, 'catkin_skip_building_tests': False, 'cmake_args': None, 'cmake_clean_cache': False, 'cmake_clean_first': False, 'cmake_force_configure': False, 'cmake_target': None, 'cmake_target_skip_unavailable': False, 'install_base': '/home/ubuntu/turtlebot3_ws/install/turtlebot3_example', 'merge_install': False, 'path': '/home/ubuntu/turtlebot3_ws/src/turtlebot3/turtlebot3_example', 'symlink_install': False, 'test_result_base': None}
[5.113s] Level 5:colcon.colcon_core.verb:set package 'turtlebot3_node' build argument 'cmake_args' from command line to 'None'
[5.113s] Level 5:colcon.colcon_core.verb:set package 'turtlebot3_node' build argument 'cmake_target' from command line to 'None'
[5.114s] Level 5:colcon.colcon_core.verb:set package 'turtlebot3_node' build argument 'cmake_target_skip_unavailable' from command line to 'False'
[5.114s] Level 5:colcon.colcon_core.verb:set package 'turtlebot3_node' build argument 'cmake_clean_cache' from command line to 'False'
[5.115s] Level 5:colcon.colcon_core.verb:set package 'turtlebot3_node' build argument 'cmake_clean_first' from command line to 'False'
[5.115s] Level 5:colcon.colcon_core.verb:set package 'turtlebot3_node' build argument 'cmake_force_configure' from command line to 'False'
[5.116s] Level 5:colcon.colcon_core.verb:set package 'turtlebot3_node' build argument 'ament_cmake_args' from command line to 'None'
[5.116s] Level 5:colcon.colcon_core.verb:set package 'turtlebot3_node' build argument 'catkin_cmake_args' from command line to 'None'
[5.117s] Level 5:colcon.colcon_core.verb:set package 'turtlebot3_node' build argument 'catkin_skip_building_tests' from command line to 'False'
[5.117s] DEBUG:colcon.colcon_core.verb:Building package 'turtlebot3_node' with the following arguments: {'ament_cmake_args': None, 'build_base': '/home/ubuntu/turtlebot3_ws/build/turtlebot3_node', 'catkin_cmake_args': None, 'catkin_skip_building_tests': False, 'cmake_args': None, 'cmake_clean_cache': False, 'cmake_clean_first': False, 'cmake_force_configure': False, 'cmake_target': None, 'cmake_target_skip_unavailable': False, 'install_base': '/home/ubuntu/turtlebot3_ws/install/turtlebot3_node', 'merge_install': False, 'path': '/home/ubuntu/turtlebot3_ws/src/turtlebot3/turtlebot3_node', 'symlink_install': False, 'test_result_base': None}
[5.160s] Level 5:colcon.colcon_core.verb:set package 'turtlebot3_teleop' build argument 'cmake_args' from command line to 'None'
[5.161s] Level 5:colcon.colcon_core.verb:set package 'turtlebot3_teleop' build argument 'cmake_target' from command line to 'None'
[5.161s] Level 5:colcon.colcon_core.verb:set package 'turtlebot3_teleop' build argument 'cmake_target_skip_unavailable' from command line to 'False'
[5.162s] Level 5:colcon.colcon_core.verb:set package 'turtlebot3_teleop' build argument 'cmake_clean_cache' from command line to 'False'
[5.162s] Level 5:colcon.colcon_core.verb:set package 'turtlebot3_teleop' build argument 'cmake_clean_first' from command line to 'False'
[5.163s] Level 5:colcon.colcon_core.verb:set package 'turtlebot3_teleop' build argument 'cmake_force_configure' from command line to 'False'
[5.163s] Level 5:colcon.colcon_core.verb:set package 'turtlebot3_teleop' build argument 'ament_cmake_args' from command line to 'None'
[5.164s] Level 5:colcon.colcon_core.verb:set package 'turtlebot3_teleop' build argument 'catkin_cmake_args' from command line to 'None'
[5.164s] Level 5:colcon.colcon_core.verb:set package 'turtlebot3_teleop' build argument 'catkin_skip_building_tests' from command line to 'False'
[5.165s] DEBUG:colcon.colcon_core.verb:Building package 'turtlebot3_teleop' with the following arguments: {'ament_cmake_args': None, 'build_base': '/home/ubuntu/turtlebot3_ws/build/turtlebot3_teleop', 'catkin_cmake_args': None, 'catkin_skip_building_tests': False, 'cmake_args': None, 'cmake_clean_cache': False, 'cmake_clean_first': False, 'cmake_force_configure': False, 'cmake_target': None, 'cmake_target_skip_unavailable': False, 'install_base': '/home/ubuntu/turtlebot3_ws/install/turtlebot3_teleop', 'merge_install': False, 'path': '/home/ubuntu/turtlebot3_ws/src/turtlebot3/turtlebot3_teleop', 'symlink_install': False, 'test_result_base': None}
[5.207s] Level 5:colcon.colcon_core.verb:set package 'turtlebot3_bringup' build argument 'cmake_args' from command line to 'None'
[5.208s] Level 5:colcon.colcon_core.verb:set package 'turtlebot3_bringup' build argument 'cmake_target' from command line to 'None'
[5.209s] Level 5:colcon.colcon_core.verb:set package 'turtlebot3_bringup' build argument 'cmake_target_skip_unavailable' from command line to 'False'
[5.209s] Level 5:colcon.colcon_core.verb:set package 'turtlebot3_bringup' build argument 'cmake_clean_cache' from command line to 'False'
[5.209s] Level 5:colcon.colcon_core.verb:set package 'turtlebot3_bringup' build argument 'cmake_clean_first' from command line to 'False'
[5.210s] Level 5:colcon.colcon_core.verb:set package 'turtlebot3_bringup' build argument 'cmake_force_configure' from command line to 'False'
[5.210s] Level 5:colcon.colcon_core.verb:set package 'turtlebot3_bringup' build argument 'ament_cmake_args' from command line to 'None'
[5.211s] Level 5:colcon.colcon_core.verb:set package 'turtlebot3_bringup' build argument 'catkin_cmake_args' from command line to 'None'
[5.211s] Level 5:colcon.colcon_core.verb:set package 'turtlebot3_bringup' build argument 'catkin_skip_building_tests' from command line to 'False'
[5.212s] DEBUG:colcon.colcon_core.verb:Building package 'turtlebot3_bringup' with the following arguments: {'ament_cmake_args': None, 'build_base': '/home/ubuntu/turtlebot3_ws/build/turtlebot3_bringup', 'catkin_cmake_args': None, 'catkin_skip_building_tests': False, 'cmake_args': None, 'cmake_clean_cache': False, 'cmake_clean_first': False, 'cmake_force_configure': False, 'cmake_target': None, 'cmake_target_skip_unavailable': False, 'install_base': '/home/ubuntu/turtlebot3_ws/install/turtlebot3_bringup', 'merge_install': False, 'path': '/home/ubuntu/turtlebot3_ws/src/turtlebot3/turtlebot3_bringup', 'symlink_install': False, 'test_result_base': None}
[5.254s] Level 5:colcon.colcon_core.verb:set package 'turtlebot3' build argument 'cmake_args' from command line to 'None'
[5.255s] Level 5:colcon.colcon_core.verb:set package 'turtlebot3' build argument 'cmake_target' from command line to 'None'
[5.256s] Level 5:colcon.colcon_core.verb:set package 'turtlebot3' build argument 'cmake_target_skip_unavailable' from command line to 'False'
[5.256s] Level 5:colcon.colcon_core.verb:set package 'turtlebot3' build argument 'cmake_clean_cache' from command line to 'False'
[5.257s] Level 5:colcon.colcon_core.verb:set package 'turtlebot3' build argument 'cmake_clean_first' from command line to 'False'
[5.257s] Level 5:colcon.colcon_core.verb:set package 'turtlebot3' build argument 'cmake_force_configure' from command line to 'False'
[5.258s] Level 5:colcon.colcon_core.verb:set package 'turtlebot3' build argument 'ament_cmake_args' from command line to 'None'
[5.258s] Level 5:colcon.colcon_core.verb:set package 'turtlebot3' build argument 'catkin_cmake_args' from command line to 'None'
[5.258s] Level 5:colcon.colcon_core.verb:set package 'turtlebot3' build argument 'catkin_skip_building_tests' from command line to 'False'
[5.259s] DEBUG:colcon.colcon_core.verb:Building package 'turtlebot3' with the following arguments: {'ament_cmake_args': None, 'build_base': '/home/ubuntu/turtlebot3_ws/build/turtlebot3', 'catkin_cmake_args': None, 'catkin_skip_building_tests': False, 'cmake_args': None, 'cmake_clean_cache': False, 'cmake_clean_first': False, 'cmake_force_configure': False, 'cmake_target': None, 'cmake_target_skip_unavailable': False, 'install_base': '/home/ubuntu/turtlebot3_ws/install/turtlebot3', 'merge_install': False, 'path': '/home/ubuntu/turtlebot3_ws/src/turtlebot3/turtlebot3', 'symlink_install': False, 'test_result_base': None}
[5.263s] INFO:colcon.colcon_core.executor:Executing jobs using 'parallel' executor
[5.289s] DEBUG:colcon.colcon_parallel_executor.executor.parallel:run_until_complete
[5.294s] INFO:colcon.colcon_ros.task.ament_cmake.build:Building ROS package in '/home/ubuntu/turtlebot3_ws/src/turtlebot3/turtlebot3_description' with build type 'ament_cmake'
[5.296s] INFO:colcon.colcon_cmake.task.cmake.build:Building CMake package in '/home/ubuntu/turtlebot3_ws/src/turtlebot3/turtlebot3_description'
[5.348s] INFO:colcon.colcon_core.plugin_system:Skipping extension 'colcon_core.shell.bat': Not used on non-Windows systems
[5.351s] INFO:colcon.colcon_core.shell:Skip shell extension 'powershell' for command environment: Not usable outside of PowerShell
[5.352s] DEBUG:colcon.colcon_core.shell:Skip shell extension 'dsv' for command environment
[5.415s] INFO:colcon.colcon_ros.task.ament_cmake.build:Building ROS package in '/home/ubuntu/turtlebot3_ws/src/turtlebot3/turtlebot3_node' with build type 'ament_cmake'
[5.418s] INFO:colcon.colcon_cmake.task.cmake.build:Building CMake package in '/home/ubuntu/turtlebot3_ws/src/turtlebot3/turtlebot3_node'
[5.428s] INFO:colcon.colcon_core.shell:Skip shell extension 'powershell' for command environment: Not usable outside of PowerShell
[5.430s] DEBUG:colcon.colcon_core.shell:Skip shell extension 'dsv' for command environment
[5.475s] INFO:colcon.colcon_ros.task.ament_python.build:Building ROS package in '/home/ubuntu/turtlebot3_ws/src/turtlebot3/turtlebot3_example' with build type 'ament_python'
[5.478s] Level 1:colcon.colcon_core.shell:create_environment_hook('turtlebot3_example', 'ament_prefix_path')
[5.489s] INFO:colcon.colcon_core.shell:Creating environment hook '/home/ubuntu/turtlebot3_ws/install/turtlebot3_example/share/turtlebot3_example/hook/ament_prefix_path.ps1'
[5.500s] INFO:colcon.colcon_core.shell:Creating environment descriptor '/home/ubuntu/turtlebot3_ws/install/turtlebot3_example/share/turtlebot3_example/hook/ament_prefix_path.dsv'
[5.507s] INFO:colcon.colcon_core.shell:Creating environment hook '/home/ubuntu/turtlebot3_ws/install/turtlebot3_example/share/turtlebot3_example/hook/ament_prefix_path.sh'
[5.523s] INFO:colcon.colcon_core.shell:Skip shell extension 'powershell' for command environment: Not usable outside of PowerShell
[5.524s] DEBUG:colcon.colcon_core.shell:Skip shell extension 'dsv' for command environment
[5.570s] INFO:colcon.colcon_ros.task.ament_python.build:Building ROS package in '/home/ubuntu/turtlebot3_ws/src/turtlebot3/turtlebot3_teleop' with build type 'ament_python'
[5.573s] Level 1:colcon.colcon_core.shell:create_environment_hook('turtlebot3_teleop', 'ament_prefix_path')
[5.583s] INFO:colcon.colcon_core.shell:Creating environment hook '/home/ubuntu/turtlebot3_ws/install/turtlebot3_teleop/share/turtlebot3_teleop/hook/ament_prefix_path.ps1'
[5.591s] INFO:colcon.colcon_core.shell:Creating environment descriptor '/home/ubuntu/turtlebot3_ws/install/turtlebot3_teleop/share/turtlebot3_teleop/hook/ament_prefix_path.dsv'
[5.598s] INFO:colcon.colcon_core.shell:Creating environment hook '/home/ubuntu/turtlebot3_ws/install/turtlebot3_teleop/share/turtlebot3_teleop/hook/ament_prefix_path.sh'
[5.610s] INFO:colcon.colcon_core.shell:Skip shell extension 'powershell' for command environment: Not usable outside of PowerShell
[5.611s] DEBUG:colcon.colcon_core.shell:Skip shell extension 'dsv' for command environment
[5.719s] DEBUG:colcon.colcon_core.event_handler.log_command:Invoking command in '/home/ubuntu/turtlebot3_ws/build/turtlebot3_description': /usr/bin/cmake --build /home/ubuntu/turtlebot3_ws/build/turtlebot3_description -- -j4 -l4
[5.800s] DEBUG:colcon.colcon_core.event_handler.log_command:Invoking command in '/home/ubuntu/turtlebot3_ws/build/turtlebot3_node': /usr/bin/cmake --build /home/ubuntu/turtlebot3_ws/build/turtlebot3_node -- -j4 -l4
[8.767s] INFO:colcon.colcon_core.task.python.build:Building Python package in '/home/ubuntu/turtlebot3_ws/src/turtlebot3/turtlebot3_example'
[8.776s] INFO:colcon.colcon_core.shell:Skip shell extension 'powershell' for command environment: Not usable outside of PowerShell
[8.777s] DEBUG:colcon.colcon_core.shell:Skip shell extension 'dsv' for command environment
[11.646s] INFO:colcon.colcon_core.task.python.build:Building Python package in '/home/ubuntu/turtlebot3_ws/src/turtlebot3/turtlebot3_teleop'
[11.656s] INFO:colcon.colcon_core.shell:Skip shell extension 'powershell' for command environment: Not usable outside of PowerShell
[11.657s] DEBUG:colcon.colcon_core.shell:Skip shell extension 'dsv' for command environment
[11.742s] DEBUG:colcon.colcon_core.event_handler.log_command:Invoked command in '/home/ubuntu/turtlebot3_ws/build/turtlebot3_description' returned '0': /usr/bin/cmake --build /home/ubuntu/turtlebot3_ws/build/turtlebot3_description -- -j4 -l4
[11.770s] DEBUG:colcon.colcon_core.event_handler.log_command:Invoked command in '/home/ubuntu/turtlebot3_ws/build/turtlebot3_node' returned '0': /usr/bin/cmake --build /home/ubuntu/turtlebot3_ws/build/turtlebot3_node -- -j4 -l4
[11.842s] DEBUG:colcon.colcon_core.event_handler.log_command:Invoking command in '/home/ubuntu/turtlebot3_ws/build/turtlebot3_example': PYTHONPATH=/home/ubuntu/turtlebot3_ws/install/turtlebot3_example/lib/python3.8/site-packages: /usr/bin/python3 setup.py develop --prefix /home/ubuntu/turtlebot3_ws/install/turtlebot3_example --uninstall --editable --build-directory /home/ubuntu/turtlebot3_ws/build/turtlebot3_example/build
[11.901s] DEBUG:colcon.colcon_core.event_handler.log_command:Invoking command in '/home/ubuntu/turtlebot3_ws/build/turtlebot3_teleop': PYTHONPATH=/home/ubuntu/turtlebot3_ws/install/turtlebot3_teleop/lib/python3.8/site-packages: /usr/bin/python3 setup.py develop --prefix /home/ubuntu/turtlebot3_ws/install/turtlebot3_teleop --uninstall --editable --build-directory /home/ubuntu/turtlebot3_ws/build/turtlebot3_teleop/build
[12.186s] DEBUG:colcon.colcon_core.event_handler.log_command:Invoking command in '/home/ubuntu/turtlebot3_ws/build/turtlebot3_description': /usr/bin/cmake --install /home/ubuntu/turtlebot3_ws/build/turtlebot3_description
[12.459s] DEBUG:colcon.colcon_core.event_handler.log_command:Invoking command in '/home/ubuntu/turtlebot3_ws/build/turtlebot3_node': /usr/bin/cmake --install /home/ubuntu/turtlebot3_ws/build/turtlebot3_node
[12.775s] Level 1:colcon.colcon_core.environment:create_environment_scripts_only(turtlebot3_description)
[12.786s] DEBUG:colcon.colcon_core.event_handler.log_command:Invoked command in '/home/ubuntu/turtlebot3_ws/build/turtlebot3_description' returned '0': /usr/bin/cmake --install /home/ubuntu/turtlebot3_ws/build/turtlebot3_description
[12.842s] Level 1:colcon.colcon_core.environment:checking '/home/ubuntu/turtlebot3_ws/install/turtlebot3_description' for CMake module files
[12.862s] Level 1:colcon.colcon_core.environment:checking '/home/ubuntu/turtlebot3_ws/install/turtlebot3_description' for CMake config files
[12.885s] Level 1:colcon.colcon_core.shell:create_environment_hook('turtlebot3_description', 'cmake_prefix_path')
[12.896s] INFO:colcon.colcon_core.shell:Creating environment hook '/home/ubuntu/turtlebot3_ws/install/turtlebot3_description/share/turtlebot3_description/hook/cmake_prefix_path.ps1'
[12.904s] INFO:colcon.colcon_core.shell:Creating environment descriptor '/home/ubuntu/turtlebot3_ws/install/turtlebot3_description/share/turtlebot3_description/hook/cmake_prefix_path.dsv'
[12.910s] INFO:colcon.colcon_core.shell:Creating environment hook '/home/ubuntu/turtlebot3_ws/install/turtlebot3_description/share/turtlebot3_description/hook/cmake_prefix_path.sh'
[12.921s] Level 1:colcon.colcon_core.environment:checking '/home/ubuntu/turtlebot3_ws/install/turtlebot3_description/bin'
[12.923s] Level 1:colcon.colcon_core.environment:checking '/home/ubuntu/turtlebot3_ws/install/turtlebot3_description/lib/pkgconfig/turtlebot3_description.pc'
[12.924s] Level 1:colcon.colcon_core.environment:checking '/home/ubuntu/turtlebot3_ws/install/turtlebot3_description/lib/python3.8/site-packages'
[12.935s] INFO:colcon.colcon_core.shell:Creating package script '/home/ubuntu/turtlebot3_ws/install/turtlebot3_description/share/turtlebot3_description/package.ps1'
[12.949s] INFO:colcon.colcon_core.shell:Creating package descriptor '/home/ubuntu/turtlebot3_ws/install/turtlebot3_description/share/turtlebot3_description/package.dsv'
[12.959s] INFO:colcon.colcon_core.shell:Creating package script '/home/ubuntu/turtlebot3_ws/install/turtlebot3_description/share/turtlebot3_description/package.sh'
[12.975s] INFO:colcon.colcon_core.shell:Creating package script '/home/ubuntu/turtlebot3_ws/install/turtlebot3_description/share/turtlebot3_description/package.bash'
[12.990s] INFO:colcon.colcon_core.shell:Creating package script '/home/ubuntu/turtlebot3_ws/install/turtlebot3_description/share/turtlebot3_description/package.zsh'
[13.005s] Level 1:colcon.colcon_core.environment:create_file_with_runtime_dependencies(/home/ubuntu/turtlebot3_ws/install/turtlebot3_description/share/colcon-core/packages/turtlebot3_description)
[13.048s] Level 1:colcon.colcon_core.environment:create_environment_scripts_only(turtlebot3_node)
[13.058s] DEBUG:colcon.colcon_core.event_handler.log_command:Invoked command in '/home/ubuntu/turtlebot3_ws/build/turtlebot3_node' returned '0': /usr/bin/cmake --install /home/ubuntu/turtlebot3_ws/build/turtlebot3_node
[13.069s] Level 1:colcon.colcon_core.environment:checking '/home/ubuntu/turtlebot3_ws/install/turtlebot3_node' for CMake module files
[13.088s] Level 1:colcon.colcon_core.environment:checking '/home/ubuntu/turtlebot3_ws/install/turtlebot3_node' for CMake config files
[13.098s] Level 1:colcon.colcon_core.shell:create_environment_hook('turtlebot3_node', 'cmake_prefix_path')
[13.107s] INFO:colcon.colcon_core.shell:Creating environment hook '/home/ubuntu/turtlebot3_ws/install/turtlebot3_node/share/turtlebot3_node/hook/cmake_prefix_path.ps1'
[13.115s] INFO:colcon.colcon_core.shell:Creating environment descriptor '/home/ubuntu/turtlebot3_ws/install/turtlebot3_node/share/turtlebot3_node/hook/cmake_prefix_path.dsv'
[13.123s] INFO:colcon.colcon_core.shell:Creating environment hook '/home/ubuntu/turtlebot3_ws/install/turtlebot3_node/share/turtlebot3_node/hook/cmake_prefix_path.sh'
[13.134s] Level 1:colcon.colcon_core.environment:checking '/home/ubuntu/turtlebot3_ws/install/turtlebot3_node/lib'
[13.137s] Level 1:colcon.colcon_core.environment:checking '/home/ubuntu/turtlebot3_ws/install/turtlebot3_node/bin'
[13.139s] Level 1:colcon.colcon_core.environment:checking '/home/ubuntu/turtlebot3_ws/install/turtlebot3_node/lib/pkgconfig/turtlebot3_node.pc'
[13.141s] Level 1:colcon.colcon_core.environment:checking '/home/ubuntu/turtlebot3_ws/install/turtlebot3_node/lib/python3.8/site-packages'
[13.152s] INFO:colcon.colcon_core.shell:Creating package script '/home/ubuntu/turtlebot3_ws/install/turtlebot3_node/share/turtlebot3_node/package.ps1'
[13.160s] INFO:colcon.colcon_core.shell:Creating package descriptor '/home/ubuntu/turtlebot3_ws/install/turtlebot3_node/share/turtlebot3_node/package.dsv'
[13.168s] INFO:colcon.colcon_core.shell:Creating package script '/home/ubuntu/turtlebot3_ws/install/turtlebot3_node/share/turtlebot3_node/package.sh'
[13.177s] INFO:colcon.colcon_core.shell:Creating package script '/home/ubuntu/turtlebot3_ws/install/turtlebot3_node/share/turtlebot3_node/package.bash'
[13.189s] INFO:colcon.colcon_core.shell:Creating package script '/home/ubuntu/turtlebot3_ws/install/turtlebot3_node/share/turtlebot3_node/package.zsh'
[13.197s] Level 1:colcon.colcon_core.environment:create_file_with_runtime_dependencies(/home/ubuntu/turtlebot3_ws/install/turtlebot3_node/share/colcon-core/packages/turtlebot3_node)
[13.286s] Level 1:colcon.colcon_core.environment:create_environment_scripts_only(turtlebot3_description)
[13.309s] Level 1:colcon.colcon_core.environment:checking '/home/ubuntu/turtlebot3_ws/install/turtlebot3_description' for CMake module files
[13.322s] Level 1:colcon.colcon_core.environment:checking '/home/ubuntu/turtlebot3_ws/install/turtlebot3_description' for CMake config files
[13.331s] Level 1:colcon.colcon_core.shell:create_environment_hook('turtlebot3_description', 'cmake_prefix_path')
[13.340s] INFO:colcon.colcon_core.shell:Creating environment hook '/home/ubuntu/turtlebot3_ws/install/turtlebot3_description/share/turtlebot3_description/hook/cmake_prefix_path.ps1'
[13.348s] INFO:colcon.colcon_core.shell:Creating environment descriptor '/home/ubuntu/turtlebot3_ws/install/turtlebot3_description/share/turtlebot3_description/hook/cmake_prefix_path.dsv'
[13.355s] INFO:colcon.colcon_core.shell:Creating environment hook '/home/ubuntu/turtlebot3_ws/install/turtlebot3_description/share/turtlebot3_description/hook/cmake_prefix_path.sh'
[13.365s] Level 1:colcon.colcon_core.environment:checking '/home/ubuntu/turtlebot3_ws/install/turtlebot3_description/bin'
[13.367s] Level 1:colcon.colcon_core.environment:checking '/home/ubuntu/turtlebot3_ws/install/turtlebot3_description/lib/pkgconfig/turtlebot3_description.pc'
[13.369s] Level 1:colcon.colcon_core.environment:checking '/home/ubuntu/turtlebot3_ws/install/turtlebot3_description/lib/python3.8/site-packages'
[13.379s] INFO:colcon.colcon_core.shell:Creating package script '/home/ubuntu/turtlebot3_ws/install/turtlebot3_description/share/turtlebot3_description/package.ps1'
[13.388s] INFO:colcon.colcon_core.shell:Creating package descriptor '/home/ubuntu/turtlebot3_ws/install/turtlebot3_description/share/turtlebot3_description/package.dsv'
[13.401s] INFO:colcon.colcon_core.shell:Creating package script '/home/ubuntu/turtlebot3_ws/install/turtlebot3_description/share/turtlebot3_description/package.sh'
[13.410s] INFO:colcon.colcon_core.shell:Creating package script '/home/ubuntu/turtlebot3_ws/install/turtlebot3_description/share/turtlebot3_description/package.bash'
[13.418s] INFO:colcon.colcon_core.shell:Creating package script '/home/ubuntu/turtlebot3_ws/install/turtlebot3_description/share/turtlebot3_description/package.zsh'
[13.426s] Level 1:colcon.colcon_core.environment:create_file_with_runtime_dependencies(/home/ubuntu/turtlebot3_ws/install/turtlebot3_description/share/colcon-core/packages/turtlebot3_description)
[13.442s] INFO:colcon.colcon_ros.task.ament_python.build:Building ROS package in '/home/ubuntu/turtlebot3_ws/src/py_pubsub' with build type 'ament_python'
[13.445s] Level 1:colcon.colcon_core.shell:create_environment_hook('py_pubsub', 'ament_prefix_path')
[13.456s] INFO:colcon.colcon_core.shell:Creating environment hook '/home/ubuntu/turtlebot3_ws/install/py_pubsub/share/py_pubsub/hook/ament_prefix_path.ps1'
[13.463s] INFO:colcon.colcon_core.shell:Creating environment descriptor '/home/ubuntu/turtlebot3_ws/install/py_pubsub/share/py_pubsub/hook/ament_prefix_path.dsv'
[13.470s] INFO:colcon.colcon_core.shell:Creating environment hook '/home/ubuntu/turtlebot3_ws/install/py_pubsub/share/py_pubsub/hook/ament_prefix_path.sh'
[13.487s] INFO:colcon.colcon_core.shell:Skip shell extension 'powershell' for command environment: Not usable outside of PowerShell
[13.489s] DEBUG:colcon.colcon_core.shell:Skip shell extension 'dsv' for command environment
[17.011s] INFO:colcon.colcon_core.task.python.build:Building Python package in '/home/ubuntu/turtlebot3_ws/src/py_pubsub'
[17.022s] INFO:colcon.colcon_core.shell:Skip shell extension 'powershell' for command environment: Not usable outside of PowerShell
[17.023s] DEBUG:colcon.colcon_core.shell:Skip shell extension 'dsv' for command environment
[17.104s] Level 1:colcon.colcon_core.environment:create_environment_scripts_only(turtlebot3_node)
[17.120s] Level 1:colcon.colcon_core.environment:checking '/home/ubuntu/turtlebot3_ws/install/turtlebot3_node' for CMake module files
[17.133s] Level 1:colcon.colcon_core.environment:checking '/home/ubuntu/turtlebot3_ws/install/turtlebot3_node' for CMake config files
[17.143s] Level 1:colcon.colcon_core.shell:create_environment_hook('turtlebot3_node', 'cmake_prefix_path')
[17.151s] INFO:colcon.colcon_core.shell:Creating environment hook '/home/ubuntu/turtlebot3_ws/install/turtlebot3_node/share/turtlebot3_node/hook/cmake_prefix_path.ps1'
[17.159s] INFO:colcon.colcon_core.shell:Creating environment descriptor '/home/ubuntu/turtlebot3_ws/install/turtlebot3_node/share/turtlebot3_node/hook/cmake_prefix_path.dsv'
[17.166s] INFO:colcon.colcon_core.shell:Creating environment hook '/home/ubuntu/turtlebot3_ws/install/turtlebot3_node/share/turtlebot3_node/hook/cmake_prefix_path.sh'
[17.178s] Level 1:colcon.colcon_core.environment:checking '/home/ubuntu/turtlebot3_ws/install/turtlebot3_node/lib'
[17.180s] Level 1:colcon.colcon_core.environment:checking '/home/ubuntu/turtlebot3_ws/install/turtlebot3_node/bin'
[17.182s] Level 1:colcon.colcon_core.environment:checking '/home/ubuntu/turtlebot3_ws/install/turtlebot3_node/lib/pkgconfig/turtlebot3_node.pc'
[17.184s] Level 1:colcon.colcon_core.environment:checking '/home/ubuntu/turtlebot3_ws/install/turtlebot3_node/lib/python3.8/site-packages'
[17.194s] INFO:colcon.colcon_core.shell:Creating package script '/home/ubuntu/turtlebot3_ws/install/turtlebot3_node/share/turtlebot3_node/package.ps1'
[17.203s] INFO:colcon.colcon_core.shell:Creating package descriptor '/home/ubuntu/turtlebot3_ws/install/turtlebot3_node/share/turtlebot3_node/package.dsv'
[17.212s] INFO:colcon.colcon_core.shell:Creating package script '/home/ubuntu/turtlebot3_ws/install/turtlebot3_node/share/turtlebot3_node/package.sh'
[17.221s] INFO:colcon.colcon_core.shell:Creating package script '/home/ubuntu/turtlebot3_ws/install/turtlebot3_node/share/turtlebot3_node/package.bash'
[17.229s] INFO:colcon.colcon_core.shell:Creating package script '/home/ubuntu/turtlebot3_ws/install/turtlebot3_node/share/turtlebot3_node/package.zsh'
[17.236s] Level 1:colcon.colcon_core.environment:create_file_with_runtime_dependencies(/home/ubuntu/turtlebot3_ws/install/turtlebot3_node/share/colcon-core/packages/turtlebot3_node)
[17.250s] INFO:colcon.colcon_ros.task.ament_cmake.build:Building ROS package in '/home/ubuntu/turtlebot3_ws/src/turtlebot3/turtlebot3_bringup' with build type 'ament_cmake'
[17.252s] INFO:colcon.colcon_cmake.task.cmake.build:Building CMake package in '/home/ubuntu/turtlebot3_ws/src/turtlebot3/turtlebot3_bringup'
[17.263s] INFO:colcon.colcon_core.shell:Skip shell extension 'powershell' for command environment: Not usable outside of PowerShell
[17.265s] DEBUG:colcon.colcon_core.shell:Skip shell extension 'dsv' for command environment
[17.377s] DEBUG:colcon.colcon_core.event_handler.log_command:Invoking command in '/home/ubuntu/turtlebot3_ws/src/py_pubsub': PYTHONPATH=/home/ubuntu/turtlebot3_ws/install/py_pubsub/lib/python3.8/site-packages: /usr/bin/python3 setup.py egg_info --egg-base ../../build/py_pubsub build --build-base /home/ubuntu/turtlebot3_ws/build/py_pubsub/build install --prefix /home/ubuntu/turtlebot3_ws/install/py_pubsub --record /home/ubuntu/turtlebot3_ws/build/py_pubsub/install.log --single-version-externally-managed
[17.442s] DEBUG:colcon.colcon_core.event_handler.log_command:Invoking command in '/home/ubuntu/turtlebot3_ws/build/turtlebot3_bringup': AMENT_PREFIX_PATH=/home/ubuntu/turtlebot3_ws/install/turtlebot3_node:/home/ubuntu/turtlebot3_ws/install/turtlebot3_description CMAKE_PREFIX_PATH=/home/ubuntu/turtlebot3_ws/install/turtlebot3_node:/home/ubuntu/turtlebot3_ws/install/turtlebot3_description /usr/bin/cmake --build /home/ubuntu/turtlebot3_ws/build/turtlebot3_bringup -- -j4 -l4
[17.711s] DEBUG:colcon.colcon_core.event_handler.log_command:Invoked command in '/home/ubuntu/turtlebot3_ws/build/turtlebot3_example' returned '0': PYTHONPATH=/home/ubuntu/turtlebot3_ws/install/turtlebot3_example/lib/python3.8/site-packages: /usr/bin/python3 setup.py develop --prefix /home/ubuntu/turtlebot3_ws/install/turtlebot3_example --uninstall --editable --build-directory /home/ubuntu/turtlebot3_ws/build/turtlebot3_example/build
[17.716s] DEBUG:colcon.colcon_core.event_handler.log_command:Invoking command in '/home/ubuntu/turtlebot3_ws/src/turtlebot3/turtlebot3_example': PYTHONPATH=/home/ubuntu/turtlebot3_ws/install/turtlebot3_example/lib/python3.8/site-packages: /usr/bin/python3 setup.py egg_info --egg-base ../../../build/turtlebot3_example build --build-base /home/ubuntu/turtlebot3_ws/build/turtlebot3_example/build install --prefix /home/ubuntu/turtlebot3_ws/install/turtlebot3_example --record /home/ubuntu/turtlebot3_ws/build/turtlebot3_example/install.log --single-version-externally-managed
[17.790s] DEBUG:colcon.colcon_core.event_handler.log_command:Invoked command in '/home/ubuntu/turtlebot3_ws/build/turtlebot3_teleop' returned '0': PYTHONPATH=/home/ubuntu/turtlebot3_ws/install/turtlebot3_teleop/lib/python3.8/site-packages: /usr/bin/python3 setup.py develop --prefix /home/ubuntu/turtlebot3_ws/install/turtlebot3_teleop --uninstall --editable --build-directory /home/ubuntu/turtlebot3_ws/build/turtlebot3_teleop/build
[17.799s] DEBUG:colcon.colcon_core.event_handler.log_command:Invoking command in '/home/ubuntu/turtlebot3_ws/src/turtlebot3/turtlebot3_teleop': PYTHONPATH=/home/ubuntu/turtlebot3_ws/install/turtlebot3_teleop/lib/python3.8/site-packages: /usr/bin/python3 setup.py egg_info --egg-base ../../../build/turtlebot3_teleop build --build-base /home/ubuntu/turtlebot3_ws/build/turtlebot3_teleop/build install --prefix /home/ubuntu/turtlebot3_ws/install/turtlebot3_teleop --record /home/ubuntu/turtlebot3_ws/build/turtlebot3_teleop/install.log --single-version-externally-managed
[18.053s] DEBUG:colcon.colcon_core.event_handler.log_command:Invoked command in '/home/ubuntu/turtlebot3_ws/build/turtlebot3_bringup' returned '0': AMENT_PREFIX_PATH=/home/ubuntu/turtlebot3_ws/install/turtlebot3_node:/home/ubuntu/turtlebot3_ws/install/turtlebot3_description CMAKE_PREFIX_PATH=/home/ubuntu/turtlebot3_ws/install/turtlebot3_node:/home/ubuntu/turtlebot3_ws/install/turtlebot3_description /usr/bin/cmake --build /home/ubuntu/turtlebot3_ws/build/turtlebot3_bringup -- -j4 -l4
[18.372s] DEBUG:colcon.colcon_core.event_handler.log_command:Invoking command in '/home/ubuntu/turtlebot3_ws/build/turtlebot3_bringup': AMENT_PREFIX_PATH=/home/ubuntu/turtlebot3_ws/install/turtlebot3_node:/home/ubuntu/turtlebot3_ws/install/turtlebot3_description CMAKE_PREFIX_PATH=/home/ubuntu/turtlebot3_ws/install/turtlebot3_node:/home/ubuntu/turtlebot3_ws/install/turtlebot3_description /usr/bin/cmake --install /home/ubuntu/turtlebot3_ws/build/turtlebot3_bringup
[18.822s] Level 1:colcon.colcon_core.environment:create_environment_scripts_only(turtlebot3_bringup)
[18.828s] DEBUG:colcon.colcon_core.event_handler.log_command:Invoked command in '/home/ubuntu/turtlebot3_ws/build/turtlebot3_bringup' returned '0': AMENT_PREFIX_PATH=/home/ubuntu/turtlebot3_ws/install/turtlebot3_node:/home/ubuntu/turtlebot3_ws/install/turtlebot3_description CMAKE_PREFIX_PATH=/home/ubuntu/turtlebot3_ws/install/turtlebot3_node:/home/ubuntu/turtlebot3_ws/install/turtlebot3_description /usr/bin/cmake --install /home/ubuntu/turtlebot3_ws/build/turtlebot3_bringup
[18.847s] Level 1:colcon.colcon_core.environment:checking '/home/ubuntu/turtlebot3_ws/install/turtlebot3_bringup' for CMake module files
[18.861s] Level 1:colcon.colcon_core.environment:checking '/home/ubuntu/turtlebot3_ws/install/turtlebot3_bringup' for CMake config files
[18.866s] Level 1:colcon.colcon_core.shell:create_environment_hook('turtlebot3_bringup', 'cmake_prefix_path')
[18.876s] INFO:colcon.colcon_core.shell:Creating environment hook '/home/ubuntu/turtlebot3_ws/install/turtlebot3_bringup/share/turtlebot3_bringup/hook/cmake_prefix_path.ps1'
[18.883s] INFO:colcon.colcon_core.shell:Creating environment descriptor '/home/ubuntu/turtlebot3_ws/install/turtlebot3_bringup/share/turtlebot3_bringup/hook/cmake_prefix_path.dsv'
[18.890s] INFO:colcon.colcon_core.shell:Creating environment hook '/home/ubuntu/turtlebot3_ws/install/turtlebot3_bringup/share/turtlebot3_bringup/hook/cmake_prefix_path.sh'
[18.901s] Level 1:colcon.colcon_core.environment:checking '/home/ubuntu/turtlebot3_ws/install/turtlebot3_bringup/bin'
[18.903s] Level 1:colcon.colcon_core.environment:checking '/home/ubuntu/turtlebot3_ws/install/turtlebot3_bringup/lib/pkgconfig/turtlebot3_bringup.pc'
[18.905s] Level 1:colcon.colcon_core.environment:checking '/home/ubuntu/turtlebot3_ws/install/turtlebot3_bringup/lib/python3.8/site-packages'
[18.916s] INFO:colcon.colcon_core.shell:Creating package script '/home/ubuntu/turtlebot3_ws/install/turtlebot3_bringup/share/turtlebot3_bringup/package.ps1'
[18.930s] INFO:colcon.colcon_core.shell:Creating package descriptor '/home/ubuntu/turtlebot3_ws/install/turtlebot3_bringup/share/turtlebot3_bringup/package.dsv'
[18.952s] INFO:colcon.colcon_core.shell:Creating package script '/home/ubuntu/turtlebot3_ws/install/turtlebot3_bringup/share/turtlebot3_bringup/package.sh'
[18.960s] INFO:colcon.colcon_core.shell:Creating package script '/home/ubuntu/turtlebot3_ws/install/turtlebot3_bringup/share/turtlebot3_bringup/package.bash'
[18.966s] INFO:colcon.colcon_core.shell:Creating package script '/home/ubuntu/turtlebot3_ws/install/turtlebot3_bringup/share/turtlebot3_bringup/package.zsh'
[18.972s] Level 1:colcon.colcon_core.environment:create_file_with_runtime_dependencies(/home/ubuntu/turtlebot3_ws/install/turtlebot3_bringup/share/colcon-core/packages/turtlebot3_bringup)
[19.286s] Level 1:colcon.colcon_core.environment:create_environment_scripts_only(turtlebot3_bringup)
[19.301s] Level 1:colcon.colcon_core.environment:checking '/home/ubuntu/turtlebot3_ws/install/turtlebot3_bringup' for CMake module files
[19.314s] Level 1:colcon.colcon_core.environment:checking '/home/ubuntu/turtlebot3_ws/install/turtlebot3_bringup' for CMake config files
[19.319s] Level 1:colcon.colcon_core.shell:create_environment_hook('turtlebot3_bringup', 'cmake_prefix_path')
[19.329s] INFO:colcon.colcon_core.shell:Creating environment hook '/home/ubuntu/turtlebot3_ws/install/turtlebot3_bringup/share/turtlebot3_bringup/hook/cmake_prefix_path.ps1'
[19.341s] INFO:colcon.colcon_core.shell:Creating environment descriptor '/home/ubuntu/turtlebot3_ws/install/turtlebot3_bringup/share/turtlebot3_bringup/hook/cmake_prefix_path.dsv'
[19.348s] INFO:colcon.colcon_core.shell:Creating environment hook '/home/ubuntu/turtlebot3_ws/install/turtlebot3_bringup/share/turtlebot3_bringup/hook/cmake_prefix_path.sh'
[19.356s] Level 1:colcon.colcon_core.environment:checking '/home/ubuntu/turtlebot3_ws/install/turtlebot3_bringup/bin'
[19.358s] Level 1:colcon.colcon_core.environment:checking '/home/ubuntu/turtlebot3_ws/install/turtlebot3_bringup/lib/pkgconfig/turtlebot3_bringup.pc'
[19.360s] Level 1:colcon.colcon_core.environment:checking '/home/ubuntu/turtlebot3_ws/install/turtlebot3_bringup/lib/python3.8/site-packages'
[19.370s] INFO:colcon.colcon_core.shell:Creating package script '/home/ubuntu/turtlebot3_ws/install/turtlebot3_bringup/share/turtlebot3_bringup/package.ps1'
[19.378s] INFO:colcon.colcon_core.shell:Creating package descriptor '/home/ubuntu/turtlebot3_ws/install/turtlebot3_bringup/share/turtlebot3_bringup/package.dsv'
[19.388s] INFO:colcon.colcon_core.shell:Creating package script '/home/ubuntu/turtlebot3_ws/install/turtlebot3_bringup/share/turtlebot3_bringup/package.sh'
[19.396s] INFO:colcon.colcon_core.shell:Creating package script '/home/ubuntu/turtlebot3_ws/install/turtlebot3_bringup/share/turtlebot3_bringup/package.bash'
[19.404s] INFO:colcon.colcon_core.shell:Creating package script '/home/ubuntu/turtlebot3_ws/install/turtlebot3_bringup/share/turtlebot3_bringup/package.zsh'
[19.412s] Level 1:colcon.colcon_core.environment:create_file_with_runtime_dependencies(/home/ubuntu/turtlebot3_ws/install/turtlebot3_bringup/share/colcon-core/packages/turtlebot3_bringup)
[21.585s] DEBUG:colcon.colcon_parallel_executor.executor.parallel:run_until_complete was interrupted
[21.587s] DEBUG:colcon.colcon_parallel_executor.executor.parallel:run_until_complete again
[21.892s] DEBUG:colcon.colcon_core.event_handler.log_command:Invoked command in '/home/ubuntu/turtlebot3_ws/src/turtlebot3/turtlebot3_teleop' returned '-2': PYTHONPATH=/home/ubuntu/turtlebot3_ws/install/turtlebot3_teleop/lib/python3.8/site-packages: /usr/bin/python3 setup.py egg_info --egg-base ../../../build/turtlebot3_teleop build --build-base /home/ubuntu/turtlebot3_ws/build/turtlebot3_teleop/build install --prefix /home/ubuntu/turtlebot3_ws/install/turtlebot3_teleop --record /home/ubuntu/turtlebot3_ws/build/turtlebot3_teleop/install.log --single-version-externally-managed
[21.901s] DEBUG:colcon.colcon_core.event_handler.log_command:Invoked command in '/home/ubuntu/turtlebot3_ws/src/turtlebot3/turtlebot3_example' returned '-2': PYTHONPATH=/home/ubuntu/turtlebot3_ws/install/turtlebot3_example/lib/python3.8/site-packages: /usr/bin/python3 setup.py egg_info --egg-base ../../../build/turtlebot3_example build --build-base /home/ubuntu/turtlebot3_ws/build/turtlebot3_example/build install --prefix /home/ubuntu/turtlebot3_ws/install/turtlebot3_example --record /home/ubuntu/turtlebot3_ws/build/turtlebot3_example/install.log --single-version-externally-managed
[21.909s] DEBUG:colcon.colcon_core.event_handler.log_command:Invoked command in '/home/ubuntu/turtlebot3_ws/src/py_pubsub' returned '-2': PYTHONPATH=/home/ubuntu/turtlebot3_ws/install/py_pubsub/lib/python3.8/site-packages: /usr/bin/python3 setup.py egg_info --egg-base ../../build/py_pubsub build --build-base /home/ubuntu/turtlebot3_ws/build/py_pubsub/build install --prefix /home/ubuntu/turtlebot3_ws/install/py_pubsub --record /home/ubuntu/turtlebot3_ws/build/py_pubsub/install.log --single-version-externally-managed
[21.911s] DEBUG:colcon.colcon_parallel_executor.executor.parallel:run_until_complete finished
[21.912s] DEBUG:colcon.colcon_parallel_executor.executor.parallel:closing loop
[21.915s] DEBUG:colcon.colcon_parallel_executor.executor.parallel:loop closed
[21.917s] DEBUG:colcon.colcon_core.event_reactor:joining thread
[21.995s] INFO:colcon.colcon_core.plugin_system:Skipping extension 'colcon_notification.desktop_notification.notify_send': Could not find 'notify-send'
[21.996s] INFO:colcon.colcon_core.plugin_system:Skipping extension 'colcon_notification.desktop_notification.terminal_notifier': Not used on non-Darwin systems
[21.997s] INFO:colcon.colcon_core.plugin_system:Skipping extension 'colcon_notification.desktop_notification.win32': Not used on non-Windows systems
[21.998s] INFO:colcon.colcon_notification.desktop_notification:Sending desktop notification using 'notify2'
[21.999s] DEBUG:colcon.colcon_notification.desktop_notification.notify2:Failed to initialize notify2: org.freedesktop.DBus.Error.NotSupported: Unable to autolaunch a dbus-daemon without a $DISPLAY for X11
[22.000s] DEBUG:colcon.colcon_core.event_reactor:joined thread
[22.007s] INFO:colcon.colcon_core.shell:Creating prefix script '/home/ubuntu/turtlebot3_ws/install/local_setup.ps1'
[22.021s] INFO:colcon.colcon_core.shell:Creating prefix util module '/home/ubuntu/turtlebot3_ws/install/_local_setup_util_ps1.py'
[22.042s] INFO:colcon.colcon_core.shell:Creating prefix chain script '/home/ubuntu/turtlebot3_ws/install/setup.ps1'
[22.073s] INFO:colcon.colcon_core.shell:Creating prefix script '/home/ubuntu/turtlebot3_ws/install/local_setup.sh'
[22.082s] INFO:colcon.colcon_core.shell:Creating prefix util module '/home/ubuntu/turtlebot3_ws/install/_local_setup_util_sh.py'
[22.089s] INFO:colcon.colcon_core.shell:Creating prefix chain script '/home/ubuntu/turtlebot3_ws/install/setup.sh'
[22.121s] INFO:colcon.colcon_core.shell:Creating prefix script '/home/ubuntu/turtlebot3_ws/install/local_setup.bash'
[22.129s] INFO:colcon.colcon_core.shell:Creating prefix chain script '/home/ubuntu/turtlebot3_ws/install/setup.bash'
[22.159s] INFO:colcon.colcon_core.shell:Creating prefix script '/home/ubuntu/turtlebot3_ws/install/local_setup.zsh'
[22.167s] INFO:colcon.colcon_core.shell:Creating prefix chain script '/home/ubuntu/turtlebot3_ws/install/setup.zsh'
