[3.905s] Invoking command in '/home/ubuntu/turtlebot3_ws/src/py_pubsub': PYTHONPATH=/home/ubuntu/turtlebot3_ws/install/py_pubsub/lib/python3.8/site-packages: /usr/bin/python3 setup.py egg_info --egg-base ../../build/py_pubsub build --build-base /home/ubuntu/turtlebot3_ws/build/py_pubsub/build install --prefix /home/ubuntu/turtlebot3_ws/install/py_pubsub --record /home/ubuntu/turtlebot3_ws/build/py_pubsub/install.log --single-version-externally-managed
[7.560s] running egg_info
[7.568s] writing ../../build/py_pubsub/py_pubsub.egg-info/PKG-INFO
[7.572s] writing dependency_links to ../../build/py_pubsub/py_pubsub.egg-info/dependency_links.txt
[7.575s] writing entry points to ../../build/py_pubsub/py_pubsub.egg-info/entry_points.txt
[7.579s] writing requirements to ../../build/py_pubsub/py_pubsub.egg-info/requires.txt
[7.582s] writing top-level names to ../../build/py_pubsub/py_pubsub.egg-info/top_level.txt
[8.219s] reading manifest file '../../build/py_pubsub/py_pubsub.egg-info/SOURCES.txt'
[8.238s] writing manifest file '../../build/py_pubsub/py_pubsub.egg-info/SOURCES.txt'
[8.240s] running build
[8.243s] running build_py
[8.245s] running install
[8.254s] running install_lib
[8.271s] copying /home/ubuntu/turtlebot3_ws/build/py_pubsub/build/lib/py_pubsub/servolisten.py -> /home/ubuntu/turtlebot3_ws/install/py_pubsub/lib/python3.8/site-packages/py_pubsub
[8.305s] byte-compiling /home/ubuntu/turtlebot3_ws/install/py_pubsub/lib/python3.8/site-packages/py_pubsub/servolisten.py to servolisten.cpython-38.pyc
[8.338s] running install_data
[8.345s] running install_egg_info
[8.366s] removing '/home/ubuntu/turtlebot3_ws/install/py_pubsub/lib/python3.8/site-packages/py_pubsub-0.0.0-py3.8.egg-info' (and everything under it)
[8.372s] Copying ../../build/py_pubsub/py_pubsub.egg-info to /home/ubuntu/turtlebot3_ws/install/py_pubsub/lib/python3.8/site-packages/py_pubsub-0.0.0-py3.8.egg-info
[8.393s] running install_scripts
[8.657s] Installing servo script to /home/ubuntu/turtlebot3_ws/install/py_pubsub/lib/py_pubsub
[8.660s] Installing talker script to /home/ubuntu/turtlebot3_ws/install/py_pubsub/lib/py_pubsub
[8.666s] writing list of installed files to '/home/ubuntu/turtlebot3_ws/build/py_pubsub/install.log'
[9.032s] Invoked command in '/home/ubuntu/turtlebot3_ws/src/py_pubsub' returned '0': PYTHONPATH=/home/ubuntu/turtlebot3_ws/install/py_pubsub/lib/python3.8/site-packages: /usr/bin/python3 setup.py egg_info --egg-base ../../build/py_pubsub build --build-base /home/ubuntu/turtlebot3_ws/build/py_pubsub/build install --prefix /home/ubuntu/turtlebot3_ws/install/py_pubsub --record /home/ubuntu/turtlebot3_ws/build/py_pubsub/install.log --single-version-externally-managed
