[4.368s] DEBUG:colcon:Command line arguments: ['/usr/bin/colcon', 'build']
[4.370s] DEBUG:colcon:Parsed command line arguments: Namespace(ament_cmake_args=None, base_paths=['.'], build_base='build', catkin_cmake_args=None, catkin_skip_building_tests=False, cmake_args=None, cmake_clean_cache=False, cmake_clean_first=False, cmake_force_configure=False, cmake_target=None, cmake_target_skip_unavailable=False, continue_on_error=False, event_handlers=None, executor='parallel', ignore_user_meta=False, install_base='install', log_base=None, log_level=None, main=<bound method BuildVerb.main of <colcon_core.verb.build.BuildVerb object at 0xffffab51e820>>, merge_install=False, metas=['./colcon.meta'], packages_above=None, packages_above_and_dependencies=None, packages_above_depth=None, packages_end=None, packages_ignore=None, packages_ignore_regex=None, packages_select=None, packages_select_build_failed=False, packages_select_by_dep=None, packages_select_regex=None, packages_select_test_failures=False, packages_skip=None, packages_skip_build_finished=False, packages_skip_by_dep=None, packages_skip_regex=None, packages_skip_test_passed=False, packages_skip_up_to=None, packages_start=None, packages_up_to=None, packages_up_to_regex=None, parallel_workers=4, paths=None, symlink_install=False, test_result_base=None, verb_extension=<colcon_core.verb.build.BuildVerb object at 0xffffab51e820>, verb_name='build', verb_parser=<colcon_defaults.argument_parser.defaults.DefaultArgumentsDecorator object at 0xffffab51ed90>)
[4.451s] Level 1:colcon.colcon_core.package_discovery:discover_packages(colcon_meta) check parameters
[4.452s] Level 1:colcon.colcon_core.package_discovery:discover_packages(recursive) check parameters
[4.453s] Level 1:colcon.colcon_core.package_discovery:discover_packages(ignore) check parameters
[4.453s] Level 1:colcon.colcon_core.package_discovery:discover_packages(path) check parameters
[4.454s] Level 1:colcon.colcon_core.package_discovery:discover_packages(colcon_meta) discover
[4.455s] Level 1:colcon.colcon_core.package_discovery:discover_packages(recursive) discover
[4.456s] INFO:colcon.colcon_core.package_discovery:Crawling recursively for packages in '/home/ubuntu/turtlebot3_ws'
[4.457s] Level 1:colcon.colcon_core.package_identification:_identify(.) by extensions ['ignore', 'ignore_ament_install']
[4.458s] Level 1:colcon.colcon_core.package_identification:_identify(.) by extension 'ignore'
[4.459s] Level 1:colcon.colcon_core.package_identification:_identify(.) by extension 'ignore_ament_install'
[4.460s] Level 1:colcon.colcon_core.package_identification:_identify(.) by extensions ['colcon_pkg']
[4.461s] Level 1:colcon.colcon_core.package_identification:_identify(.) by extension 'colcon_pkg'
[4.462s] Level 1:colcon.colcon_core.package_identification:_identify(.) by extensions ['colcon_meta']
[4.462s] Level 1:colcon.colcon_core.package_identification:_identify(.) by extension 'colcon_meta'
[4.463s] Level 1:colcon.colcon_core.package_identification:_identify(.) by extensions ['ros']
[4.463s] Level 1:colcon.colcon_core.package_identification:_identify(.) by extension 'ros'
[4.631s] Level 1:colcon.colcon_core.package_identification:_identify(.) by extensions ['cmake', 'python']
[4.632s] Level 1:colcon.colcon_core.package_identification:_identify(.) by extension 'cmake'
[4.633s] Level 1:colcon.colcon_core.package_identification:_identify(.) by extension 'python'
[4.634s] Level 1:colcon.colcon_core.package_identification:_identify(.) by extensions ['python_setup_py']
[4.634s] Level 1:colcon.colcon_core.package_identification:_identify(.) by extension 'python_setup_py'
[4.636s] Level 1:colcon.colcon_core.package_identification:_identify(build) by extensions ['ignore', 'ignore_ament_install']
[4.638s] Level 1:colcon.colcon_core.package_identification:_identify(build) by extension 'ignore'
[4.639s] Level 1:colcon.colcon_core.package_identification:_identify(build) ignored
[4.641s] Level 1:colcon.colcon_core.package_identification:_identify(install) by extensions ['ignore', 'ignore_ament_install']
[4.642s] Level 1:colcon.colcon_core.package_identification:_identify(install) by extension 'ignore'
[4.643s] Level 1:colcon.colcon_core.package_identification:_identify(install) ignored
[4.645s] Level 1:colcon.colcon_core.package_identification:_identify(log) by extensions ['ignore', 'ignore_ament_install']
[4.647s] Level 1:colcon.colcon_core.package_identification:_identify(log) by extension 'ignore'
[4.648s] Level 1:colcon.colcon_core.package_identification:_identify(log) ignored
[4.649s] Level 1:colcon.colcon_core.package_identification:_identify(src) by extensions ['ignore', 'ignore_ament_install']
[4.650s] Level 1:colcon.colcon_core.package_identification:_identify(src) by extension 'ignore'
[4.651s] Level 1:colcon.colcon_core.package_identification:_identify(src) by extension 'ignore_ament_install'
[4.652s] Level 1:colcon.colcon_core.package_identification:_identify(src) by extensions ['colcon_pkg']
[4.653s] Level 1:colcon.colcon_core.package_identification:_identify(src) by extension 'colcon_pkg'
[4.653s] Level 1:colcon.colcon_core.package_identification:_identify(src) by extensions ['colcon_meta']
[4.654s] Level 1:colcon.colcon_core.package_identification:_identify(src) by extension 'colcon_meta'
[4.655s] Level 1:colcon.colcon_core.package_identification:_identify(src) by extensions ['ros']
[4.655s] Level 1:colcon.colcon_core.package_identification:_identify(src) by extension 'ros'
[4.657s] Level 1:colcon.colcon_core.package_identification:_identify(src) by extensions ['cmake', 'python']
[4.657s] Level 1:colcon.colcon_core.package_identification:_identify(src) by extension 'cmake'
[4.658s] Level 1:colcon.colcon_core.package_identification:_identify(src) by extension 'python'
[4.659s] Level 1:colcon.colcon_core.package_identification:_identify(src) by extensions ['python_setup_py']
[4.659s] Level 1:colcon.colcon_core.package_identification:_identify(src) by extension 'python_setup_py'
[4.661s] Level 1:colcon.colcon_core.package_identification:_identify(src/py_pubsub) by extensions ['ignore', 'ignore_ament_install']
[4.663s] Level 1:colcon.colcon_core.package_identification:_identify(src/py_pubsub) by extension 'ignore'
[4.664s] Level 1:colcon.colcon_core.package_identification:_identify(src/py_pubsub) by extension 'ignore_ament_install'
[4.665s] Level 1:colcon.colcon_core.package_identification:_identify(src/py_pubsub) by extensions ['colcon_pkg']
[4.665s] Level 1:colcon.colcon_core.package_identification:_identify(src/py_pubsub) by extension 'colcon_pkg'
[4.666s] Level 1:colcon.colcon_core.package_identification:_identify(src/py_pubsub) by extensions ['colcon_meta']
[4.666s] Level 1:colcon.colcon_core.package_identification:_identify(src/py_pubsub) by extension 'colcon_meta'
[4.667s] Level 1:colcon.colcon_core.package_identification:_identify(src/py_pubsub) by extensions ['ros']
[4.668s] Level 1:colcon.colcon_core.package_identification:_identify(src/py_pubsub) by extension 'ros'
[4.701s] DEBUG:colcon.colcon_core.package_identification:Package 'src/py_pubsub' with type 'ros.ament_python' and name 'py_pubsub'
[4.703s] Level 1:colcon.colcon_core.package_identification:_identify(src/turtlebot3) by extensions ['ignore', 'ignore_ament_install']
[4.705s] Level 1:colcon.colcon_core.package_identification:_identify(src/turtlebot3) by extension 'ignore'
[4.705s] Level 1:colcon.colcon_core.package_identification:_identify(src/turtlebot3) by extension 'ignore_ament_install'
[4.706s] Level 1:colcon.colcon_core.package_identification:_identify(src/turtlebot3) by extensions ['colcon_pkg']
[4.707s] Level 1:colcon.colcon_core.package_identification:_identify(src/turtlebot3) by extension 'colcon_pkg'
[4.708s] Level 1:colcon.colcon_core.package_identification:_identify(src/turtlebot3) by extensions ['colcon_meta']
[4.708s] Level 1:colcon.colcon_core.package_identification:_identify(src/turtlebot3) by extension 'colcon_meta'
[4.709s] Level 1:colcon.colcon_core.package_identification:_identify(src/turtlebot3) by extensions ['ros']
[4.710s] Level 1:colcon.colcon_core.package_identification:_identify(src/turtlebot3) by extension 'ros'
[4.711s] Level 1:colcon.colcon_core.package_identification:_identify(src/turtlebot3) by extensions ['cmake', 'python']
[4.712s] Level 1:colcon.colcon_core.package_identification:_identify(src/turtlebot3) by extension 'cmake'
[4.713s] Level 1:colcon.colcon_core.package_identification:_identify(src/turtlebot3) by extension 'python'
[4.713s] Level 1:colcon.colcon_core.package_identification:_identify(src/turtlebot3) by extensions ['python_setup_py']
[4.714s] Level 1:colcon.colcon_core.package_identification:_identify(src/turtlebot3) by extension 'python_setup_py'
[4.716s] Level 1:colcon.colcon_core.package_identification:_identify(src/turtlebot3/turtlebot3) by extensions ['ignore', 'ignore_ament_install']
[4.717s] Level 1:colcon.colcon_core.package_identification:_identify(src/turtlebot3/turtlebot3) by extension 'ignore'
[4.718s] Level 1:colcon.colcon_core.package_identification:_identify(src/turtlebot3/turtlebot3) by extension 'ignore_ament_install'
[4.719s] Level 1:colcon.colcon_core.package_identification:_identify(src/turtlebot3/turtlebot3) by extensions ['colcon_pkg']
[4.720s] Level 1:colcon.colcon_core.package_identification:_identify(src/turtlebot3/turtlebot3) by extension 'colcon_pkg'
[4.721s] Level 1:colcon.colcon_core.package_identification:_identify(src/turtlebot3/turtlebot3) by extensions ['colcon_meta']
[4.721s] Level 1:colcon.colcon_core.package_identification:_identify(src/turtlebot3/turtlebot3) by extension 'colcon_meta'
[4.722s] Level 1:colcon.colcon_core.package_identification:_identify(src/turtlebot3/turtlebot3) by extensions ['ros']
[4.723s] Level 1:colcon.colcon_core.package_identification:_identify(src/turtlebot3/turtlebot3) by extension 'ros'
[4.733s] DEBUG:colcon.colcon_core.package_identification:Package 'src/turtlebot3/turtlebot3' with type 'ros.ament_cmake' and name 'turtlebot3'
[4.735s] Level 1:colcon.colcon_core.package_identification:_identify(src/turtlebot3/turtlebot3_bringup) by extensions ['ignore', 'ignore_ament_install']
[4.737s] Level 1:colcon.colcon_core.package_identification:_identify(src/turtlebot3/turtlebot3_bringup) by extension 'ignore'
[4.737s] Level 1:colcon.colcon_core.package_identification:_identify(src/turtlebot3/turtlebot3_bringup) by extension 'ignore_ament_install'
[4.738s] Level 1:colcon.colcon_core.package_identification:_identify(src/turtlebot3/turtlebot3_bringup) by extensions ['colcon_pkg']
[4.739s] Level 1:colcon.colcon_core.package_identification:_identify(src/turtlebot3/turtlebot3_bringup) by extension 'colcon_pkg'
[4.740s] Level 1:colcon.colcon_core.package_identification:_identify(src/turtlebot3/turtlebot3_bringup) by extensions ['colcon_meta']
[4.740s] Level 1:colcon.colcon_core.package_identification:_identify(src/turtlebot3/turtlebot3_bringup) by extension 'colcon_meta'
[4.741s] Level 1:colcon.colcon_core.package_identification:_identify(src/turtlebot3/turtlebot3_bringup) by extensions ['ros']
[4.742s] Level 1:colcon.colcon_core.package_identification:_identify(src/turtlebot3/turtlebot3_bringup) by extension 'ros'
[4.752s] DEBUG:colcon.colcon_core.package_identification:Package 'src/turtlebot3/turtlebot3_bringup' with type 'ros.ament_cmake' and name 'turtlebot3_bringup'
[4.754s] Level 1:colcon.colcon_core.package_identification:_identify(src/turtlebot3/turtlebot3_description) by extensions ['ignore', 'ignore_ament_install']
[4.756s] Level 1:colcon.colcon_core.package_identification:_identify(src/turtlebot3/turtlebot3_description) by extension 'ignore'
[4.757s] Level 1:colcon.colcon_core.package_identification:_identify(src/turtlebot3/turtlebot3_description) by extension 'ignore_ament_install'
[4.758s] Level 1:colcon.colcon_core.package_identification:_identify(src/turtlebot3/turtlebot3_description) by extensions ['colcon_pkg']
[4.759s] Level 1:colcon.colcon_core.package_identification:_identify(src/turtlebot3/turtlebot3_description) by extension 'colcon_pkg'
[4.759s] Level 1:colcon.colcon_core.package_identification:_identify(src/turtlebot3/turtlebot3_description) by extensions ['colcon_meta']
[4.760s] Level 1:colcon.colcon_core.package_identification:_identify(src/turtlebot3/turtlebot3_description) by extension 'colcon_meta'
[4.761s] Level 1:colcon.colcon_core.package_identification:_identify(src/turtlebot3/turtlebot3_description) by extensions ['ros']
[4.761s] Level 1:colcon.colcon_core.package_identification:_identify(src/turtlebot3/turtlebot3_description) by extension 'ros'
[4.771s] DEBUG:colcon.colcon_core.package_identification:Package 'src/turtlebot3/turtlebot3_description' with type 'ros.ament_cmake' and name 'turtlebot3_description'
[4.773s] Level 1:colcon.colcon_core.package_identification:_identify(src/turtlebot3/turtlebot3_example) by extensions ['ignore', 'ignore_ament_install']
[4.775s] Level 1:colcon.colcon_core.package_identification:_identify(src/turtlebot3/turtlebot3_example) by extension 'ignore'
[4.776s] Level 1:colcon.colcon_core.package_identification:_identify(src/turtlebot3/turtlebot3_example) by extension 'ignore_ament_install'
[4.777s] Level 1:colcon.colcon_core.package_identification:_identify(src/turtlebot3/turtlebot3_example) by extensions ['colcon_pkg']
[4.777s] Level 1:colcon.colcon_core.package_identification:_identify(src/turtlebot3/turtlebot3_example) by extension 'colcon_pkg'
[4.778s] Level 1:colcon.colcon_core.package_identification:_identify(src/turtlebot3/turtlebot3_example) by extensions ['colcon_meta']
[4.778s] Level 1:colcon.colcon_core.package_identification:_identify(src/turtlebot3/turtlebot3_example) by extension 'colcon_meta'
[4.780s] Level 1:colcon.colcon_core.package_identification:_identify(src/turtlebot3/turtlebot3_example) by extensions ['ros']
[4.780s] Level 1:colcon.colcon_core.package_identification:_identify(src/turtlebot3/turtlebot3_example) by extension 'ros'
[4.797s] DEBUG:colcon.colcon_core.package_identification:Package 'src/turtlebot3/turtlebot3_example' with type 'ros.ament_python' and name 'turtlebot3_example'
[4.799s] Level 1:colcon.colcon_core.package_identification:_identify(src/turtlebot3/turtlebot3_node) by extensions ['ignore', 'ignore_ament_install']
[4.801s] Level 1:colcon.colcon_core.package_identification:_identify(src/turtlebot3/turtlebot3_node) by extension 'ignore'
[4.802s] Level 1:colcon.colcon_core.package_identification:_identify(src/turtlebot3/turtlebot3_node) by extension 'ignore_ament_install'
[4.803s] Level 1:colcon.colcon_core.package_identification:_identify(src/turtlebot3/turtlebot3_node) by extensions ['colcon_pkg']
[4.803s] Level 1:colcon.colcon_core.package_identification:_identify(src/turtlebot3/turtlebot3_node) by extension 'colcon_pkg'
[4.804s] Level 1:colcon.colcon_core.package_identification:_identify(src/turtlebot3/turtlebot3_node) by extensions ['colcon_meta']
[4.805s] Level 1:colcon.colcon_core.package_identification:_identify(src/turtlebot3/turtlebot3_node) by extension 'colcon_meta'
[4.806s] Level 1:colcon.colcon_core.package_identification:_identify(src/turtlebot3/turtlebot3_node) by extensions ['ros']
[4.806s] Level 1:colcon.colcon_core.package_identification:_identify(src/turtlebot3/turtlebot3_node) by extension 'ros'
[4.848s] DEBUG:colcon.colcon_core.package_identification:Package 'src/turtlebot3/turtlebot3_node' with type 'ros.ament_cmake' and name 'turtlebot3_node'
[4.850s] Level 1:colcon.colcon_core.package_identification:_identify(src/turtlebot3/turtlebot3_teleop) by extensions ['ignore', 'ignore_ament_install']
[4.852s] Level 1:colcon.colcon_core.package_identification:_identify(src/turtlebot3/turtlebot3_teleop) by extension 'ignore'
[4.853s] Level 1:colcon.colcon_core.package_identification:_identify(src/turtlebot3/turtlebot3_teleop) by extension 'ignore_ament_install'
[4.854s] Level 1:colcon.colcon_core.package_identification:_identify(src/turtlebot3/turtlebot3_teleop) by extensions ['colcon_pkg']
[4.854s] Level 1:colcon.colcon_core.package_identification:_identify(src/turtlebot3/turtlebot3_teleop) by extension 'colcon_pkg'
[4.855s] Level 1:colcon.colcon_core.package_identification:_identify(src/turtlebot3/turtlebot3_teleop) by extensions ['colcon_meta']
[4.855s] Level 1:colcon.colcon_core.package_identification:_identify(src/turtlebot3/turtlebot3_teleop) by extension 'colcon_meta'
[4.856s] Level 1:colcon.colcon_core.package_identification:_identify(src/turtlebot3/turtlebot3_teleop) by extensions ['ros']
[4.857s] Level 1:colcon.colcon_core.package_identification:_identify(src/turtlebot3/turtlebot3_teleop) by extension 'ros'
[4.866s] DEBUG:colcon.colcon_core.package_identification:Package 'src/turtlebot3/turtlebot3_teleop' with type 'ros.ament_python' and name 'turtlebot3_teleop'
[4.867s] Level 1:colcon.colcon_core.package_discovery:discover_packages(recursive) using defaults
[4.868s] Level 1:colcon.colcon_core.package_discovery:discover_packages(ignore) discover
[4.869s] Level 1:colcon.colcon_core.package_discovery:discover_packages(ignore) using defaults
[4.869s] Level 1:colcon.colcon_core.package_discovery:discover_packages(path) discover
[4.870s] Level 1:colcon.colcon_core.package_discovery:discover_packages(path) using defaults
[5.165s] Level 5:colcon.colcon_core.verb:set package 'py_pubsub' build argument 'cmake_args' from command line to 'None'
[5.166s] Level 5:colcon.colcon_core.verb:set package 'py_pubsub' build argument 'cmake_target' from command line to 'None'
[5.166s] Level 5:colcon.colcon_core.verb:set package 'py_pubsub' build argument 'cmake_target_skip_unavailable' from command line to 'False'
[5.167s] Level 5:colcon.colcon_core.verb:set package 'py_pubsub' build argument 'cmake_clean_cache' from command line to 'False'
[5.167s] Level 5:colcon.colcon_core.verb:set package 'py_pubsub' build argument 'cmake_clean_first' from command line to 'False'
[5.168s] Level 5:colcon.colcon_core.verb:set package 'py_pubsub' build argument 'cmake_force_configure' from command line to 'False'
[5.168s] Level 5:colcon.colcon_core.verb:set package 'py_pubsub' build argument 'ament_cmake_args' from command line to 'None'
[5.169s] Level 5:colcon.colcon_core.verb:set package 'py_pubsub' build argument 'catkin_cmake_args' from command line to 'None'
[5.169s] Level 5:colcon.colcon_core.verb:set package 'py_pubsub' build argument 'catkin_skip_building_tests' from command line to 'False'
[5.170s] DEBUG:colcon.colcon_core.verb:Building package 'py_pubsub' with the following arguments: {'ament_cmake_args': None, 'build_base': '/home/ubuntu/turtlebot3_ws/build/py_pubsub', 'catkin_cmake_args': None, 'catkin_skip_building_tests': False, 'cmake_args': None, 'cmake_clean_cache': False, 'cmake_clean_first': False, 'cmake_force_configure': False, 'cmake_target': None, 'cmake_target_skip_unavailable': False, 'install_base': '/home/ubuntu/turtlebot3_ws/install/py_pubsub', 'merge_install': False, 'path': '/home/ubuntu/turtlebot3_ws/src/py_pubsub', 'symlink_install': False, 'test_result_base': None}
[5.215s] Level 5:colcon.colcon_core.verb:set package 'turtlebot3_description' build argument 'cmake_args' from command line to 'None'
[5.216s] Level 5:colcon.colcon_core.verb:set package 'turtlebot3_description' build argument 'cmake_target' from command line to 'None'
[5.216s] Level 5:colcon.colcon_core.verb:set package 'turtlebot3_description' build argument 'cmake_target_skip_unavailable' from command line to 'False'
[5.217s] Level 5:colcon.colcon_core.verb:set package 'turtlebot3_description' build argument 'cmake_clean_cache' from command line to 'False'
[5.217s] Level 5:colcon.colcon_core.verb:set package 'turtlebot3_description' build argument 'cmake_clean_first' from command line to 'False'
[5.218s] Level 5:colcon.colcon_core.verb:set package 'turtlebot3_description' build argument 'cmake_force_configure' from command line to 'False'
[5.218s] Level 5:colcon.colcon_core.verb:set package 'turtlebot3_description' build argument 'ament_cmake_args' from command line to 'None'
[5.219s] Level 5:colcon.colcon_core.verb:set package 'turtlebot3_description' build argument 'catkin_cmake_args' from command line to 'None'
[5.219s] Level 5:colcon.colcon_core.verb:set package 'turtlebot3_description' build argument 'catkin_skip_building_tests' from command line to 'False'
[5.220s] DEBUG:colcon.colcon_core.verb:Building package 'turtlebot3_description' with the following arguments: {'ament_cmake_args': None, 'build_base': '/home/ubuntu/turtlebot3_ws/build/turtlebot3_description', 'catkin_cmake_args': None, 'catkin_skip_building_tests': False, 'cmake_args': None, 'cmake_clean_cache': False, 'cmake_clean_first': False, 'cmake_force_configure': False, 'cmake_target': None, 'cmake_target_skip_unavailable': False, 'install_base': '/home/ubuntu/turtlebot3_ws/install/turtlebot3_description', 'merge_install': False, 'path': '/home/ubuntu/turtlebot3_ws/src/turtlebot3/turtlebot3_description', 'symlink_install': False, 'test_result_base': None}
[5.263s] Level 5:colcon.colcon_core.verb:set package 'turtlebot3_example' build argument 'cmake_args' from command line to 'None'
[5.264s] Level 5:colcon.colcon_core.verb:set package 'turtlebot3_example' build argument 'cmake_target' from command line to 'None'
[5.264s] Level 5:colcon.colcon_core.verb:set package 'turtlebot3_example' build argument 'cmake_target_skip_unavailable' from command line to 'False'
[5.265s] Level 5:colcon.colcon_core.verb:set package 'turtlebot3_example' build argument 'cmake_clean_cache' from command line to 'False'
[5.265s] Level 5:colcon.colcon_core.verb:set package 'turtlebot3_example' build argument 'cmake_clean_first' from command line to 'False'
[5.266s] Level 5:colcon.colcon_core.verb:set package 'turtlebot3_example' build argument 'cmake_force_configure' from command line to 'False'
[5.266s] Level 5:colcon.colcon_core.verb:set package 'turtlebot3_example' build argument 'ament_cmake_args' from command line to 'None'
[5.267s] Level 5:colcon.colcon_core.verb:set package 'turtlebot3_example' build argument 'catkin_cmake_args' from command line to 'None'
[5.267s] Level 5:colcon.colcon_core.verb:set package 'turtlebot3_example' build argument 'catkin_skip_building_tests' from command line to 'False'
[5.268s] DEBUG:colcon.colcon_core.verb:Building package 'turtlebot3_example' with the following arguments: {'ament_cmake_args': None, 'build_base': '/home/ubuntu/turtlebot3_ws/build/turtlebot3_example', 'catkin_cmake_args': None, 'catkin_skip_building_tests': False, 'cmake_args': None, 'cmake_clean_cache': False, 'cmake_clean_first': False, 'cmake_force_configure': False, 'cmake_target': None, 'cmake_target_skip_unavailable': False, 'install_base': '/home/ubuntu/turtlebot3_ws/install/turtlebot3_example', 'merge_install': False, 'path': '/home/ubuntu/turtlebot3_ws/src/turtlebot3/turtlebot3_example', 'symlink_install': False, 'test_result_base': None}
[5.311s] Level 5:colcon.colcon_core.verb:set package 'turtlebot3_node' build argument 'cmake_args' from command line to 'None'
[5.312s] Level 5:colcon.colcon_core.verb:set package 'turtlebot3_node' build argument 'cmake_target' from command line to 'None'
[5.312s] Level 5:colcon.colcon_core.verb:set package 'turtlebot3_node' build argument 'cmake_target_skip_unavailable' from command line to 'False'
[5.313s] Level 5:colcon.colcon_core.verb:set package 'turtlebot3_node' build argument 'cmake_clean_cache' from command line to 'False'
[5.313s] Level 5:colcon.colcon_core.verb:set package 'turtlebot3_node' build argument 'cmake_clean_first' from command line to 'False'
[5.314s] Level 5:colcon.colcon_core.verb:set package 'turtlebot3_node' build argument 'cmake_force_configure' from command line to 'False'
[5.314s] Level 5:colcon.colcon_core.verb:set package 'turtlebot3_node' build argument 'ament_cmake_args' from command line to 'None'
[5.315s] Level 5:colcon.colcon_core.verb:set package 'turtlebot3_node' build argument 'catkin_cmake_args' from command line to 'None'
[5.315s] Level 5:colcon.colcon_core.verb:set package 'turtlebot3_node' build argument 'catkin_skip_building_tests' from command line to 'False'
[5.316s] DEBUG:colcon.colcon_core.verb:Building package 'turtlebot3_node' with the following arguments: {'ament_cmake_args': None, 'build_base': '/home/ubuntu/turtlebot3_ws/build/turtlebot3_node', 'catkin_cmake_args': None, 'catkin_skip_building_tests': False, 'cmake_args': None, 'cmake_clean_cache': False, 'cmake_clean_first': False, 'cmake_force_configure': False, 'cmake_target': None, 'cmake_target_skip_unavailable': False, 'install_base': '/home/ubuntu/turtlebot3_ws/install/turtlebot3_node', 'merge_install': False, 'path': '/home/ubuntu/turtlebot3_ws/src/turtlebot3/turtlebot3_node', 'symlink_install': False, 'test_result_base': None}
[5.359s] Level 5:colcon.colcon_core.verb:set package 'turtlebot3_teleop' build argument 'cmake_args' from command line to 'None'
[5.360s] Level 5:colcon.colcon_core.verb:set package 'turtlebot3_teleop' build argument 'cmake_target' from command line to 'None'
[5.361s] Level 5:colcon.colcon_core.verb:set package 'turtlebot3_teleop' build argument 'cmake_target_skip_unavailable' from command line to 'False'
[5.361s] Level 5:colcon.colcon_core.verb:set package 'turtlebot3_teleop' build argument 'cmake_clean_cache' from command line to 'False'
[5.362s] Level 5:colcon.colcon_core.verb:set package 'turtlebot3_teleop' build argument 'cmake_clean_first' from command line to 'False'
[5.362s] Level 5:colcon.colcon_core.verb:set package 'turtlebot3_teleop' build argument 'cmake_force_configure' from command line to 'False'
[5.362s] Level 5:colcon.colcon_core.verb:set package 'turtlebot3_teleop' build argument 'ament_cmake_args' from command line to 'None'
[5.363s] Level 5:colcon.colcon_core.verb:set package 'turtlebot3_teleop' build argument 'catkin_cmake_args' from command line to 'None'
[5.363s] Level 5:colcon.colcon_core.verb:set package 'turtlebot3_teleop' build argument 'catkin_skip_building_tests' from command line to 'False'
[5.364s] DEBUG:colcon.colcon_core.verb:Building package 'turtlebot3_teleop' with the following arguments: {'ament_cmake_args': None, 'build_base': '/home/ubuntu/turtlebot3_ws/build/turtlebot3_teleop', 'catkin_cmake_args': None, 'catkin_skip_building_tests': False, 'cmake_args': None, 'cmake_clean_cache': False, 'cmake_clean_first': False, 'cmake_force_configure': False, 'cmake_target': None, 'cmake_target_skip_unavailable': False, 'install_base': '/home/ubuntu/turtlebot3_ws/install/turtlebot3_teleop', 'merge_install': False, 'path': '/home/ubuntu/turtlebot3_ws/src/turtlebot3/turtlebot3_teleop', 'symlink_install': False, 'test_result_base': None}
[5.407s] Level 5:colcon.colcon_core.verb:set package 'turtlebot3_bringup' build argument 'cmake_args' from command line to 'None'
[5.408s] Level 5:colcon.colcon_core.verb:set package 'turtlebot3_bringup' build argument 'cmake_target' from command line to 'None'
[5.409s] Level 5:colcon.colcon_core.verb:set package 'turtlebot3_bringup' build argument 'cmake_target_skip_unavailable' from command line to 'False'
[5.409s] Level 5:colcon.colcon_core.verb:set package 'turtlebot3_bringup' build argument 'cmake_clean_cache' from command line to 'False'
[5.410s] Level 5:colcon.colcon_core.verb:set package 'turtlebot3_bringup' build argument 'cmake_clean_first' from command line to 'False'
[5.410s] Level 5:colcon.colcon_core.verb:set package 'turtlebot3_bringup' build argument 'cmake_force_configure' from command line to 'False'
[5.410s] Level 5:colcon.colcon_core.verb:set package 'turtlebot3_bringup' build argument 'ament_cmake_args' from command line to 'None'
[5.411s] Level 5:colcon.colcon_core.verb:set package 'turtlebot3_bringup' build argument 'catkin_cmake_args' from command line to 'None'
[5.411s] Level 5:colcon.colcon_core.verb:set package 'turtlebot3_bringup' build argument 'catkin_skip_building_tests' from command line to 'False'
[5.412s] DEBUG:colcon.colcon_core.verb:Building package 'turtlebot3_bringup' with the following arguments: {'ament_cmake_args': None, 'build_base': '/home/ubuntu/turtlebot3_ws/build/turtlebot3_bringup', 'catkin_cmake_args': None, 'catkin_skip_building_tests': False, 'cmake_args': None, 'cmake_clean_cache': False, 'cmake_clean_first': False, 'cmake_force_configure': False, 'cmake_target': None, 'cmake_target_skip_unavailable': False, 'install_base': '/home/ubuntu/turtlebot3_ws/install/turtlebot3_bringup', 'merge_install': False, 'path': '/home/ubuntu/turtlebot3_ws/src/turtlebot3/turtlebot3_bringup', 'symlink_install': False, 'test_result_base': None}
[5.455s] Level 5:colcon.colcon_core.verb:set package 'turtlebot3' build argument 'cmake_args' from command line to 'None'
[5.456s] Level 5:colcon.colcon_core.verb:set package 'turtlebot3' build argument 'cmake_target' from command line to 'None'
[5.457s] Level 5:colcon.colcon_core.verb:set package 'turtlebot3' build argument 'cmake_target_skip_unavailable' from command line to 'False'
[5.457s] Level 5:colcon.colcon_core.verb:set package 'turtlebot3' build argument 'cmake_clean_cache' from command line to 'False'
[5.458s] Level 5:colcon.colcon_core.verb:set package 'turtlebot3' build argument 'cmake_clean_first' from command line to 'False'
[5.458s] Level 5:colcon.colcon_core.verb:set package 'turtlebot3' build argument 'cmake_force_configure' from command line to 'False'
[5.458s] Level 5:colcon.colcon_core.verb:set package 'turtlebot3' build argument 'ament_cmake_args' from command line to 'None'
[5.459s] Level 5:colcon.colcon_core.verb:set package 'turtlebot3' build argument 'catkin_cmake_args' from command line to 'None'
[5.459s] Level 5:colcon.colcon_core.verb:set package 'turtlebot3' build argument 'catkin_skip_building_tests' from command line to 'False'
[5.460s] DEBUG:colcon.colcon_core.verb:Building package 'turtlebot3' with the following arguments: {'ament_cmake_args': None, 'build_base': '/home/ubuntu/turtlebot3_ws/build/turtlebot3', 'catkin_cmake_args': None, 'catkin_skip_building_tests': False, 'cmake_args': None, 'cmake_clean_cache': False, 'cmake_clean_first': False, 'cmake_force_configure': False, 'cmake_target': None, 'cmake_target_skip_unavailable': False, 'install_base': '/home/ubuntu/turtlebot3_ws/install/turtlebot3', 'merge_install': False, 'path': '/home/ubuntu/turtlebot3_ws/src/turtlebot3/turtlebot3', 'symlink_install': False, 'test_result_base': None}
[5.465s] INFO:colcon.colcon_core.executor:Executing jobs using 'parallel' executor
[5.491s] DEBUG:colcon.colcon_parallel_executor.executor.parallel:run_until_complete
[5.496s] INFO:colcon.colcon_ros.task.ament_cmake.build:Building ROS package in '/home/ubuntu/turtlebot3_ws/src/turtlebot3/turtlebot3_description' with build type 'ament_cmake'
[5.498s] INFO:colcon.colcon_cmake.task.cmake.build:Building CMake package in '/home/ubuntu/turtlebot3_ws/src/turtlebot3/turtlebot3_description'
[5.552s] INFO:colcon.colcon_core.plugin_system:Skipping extension 'colcon_core.shell.bat': Not used on non-Windows systems
[5.555s] INFO:colcon.colcon_core.shell:Skip shell extension 'powershell' for command environment: Not usable outside of PowerShell
[5.556s] DEBUG:colcon.colcon_core.shell:Skip shell extension 'dsv' for command environment
[5.606s] DEBUG:colcon.colcon_core.shell:Ignoring prefix path '/opt/ros/foxy'
[5.638s] INFO:colcon.colcon_ros.task.ament_cmake.build:Building ROS package in '/home/ubuntu/turtlebot3_ws/src/turtlebot3/turtlebot3_node' with build type 'ament_cmake'
[5.641s] INFO:colcon.colcon_cmake.task.cmake.build:Building CMake package in '/home/ubuntu/turtlebot3_ws/src/turtlebot3/turtlebot3_node'
[5.652s] INFO:colcon.colcon_core.shell:Skip shell extension 'powershell' for command environment: Not usable outside of PowerShell
[5.654s] DEBUG:colcon.colcon_core.shell:Skip shell extension 'dsv' for command environment
[5.692s] DEBUG:colcon.colcon_core.shell:Ignoring prefix path '/opt/ros/foxy'
[5.720s] INFO:colcon.colcon_ros.task.ament_python.build:Building ROS package in '/home/ubuntu/turtlebot3_ws/src/turtlebot3/turtlebot3_example' with build type 'ament_python'
[5.723s] Level 1:colcon.colcon_core.shell:create_environment_hook('turtlebot3_example', 'ament_prefix_path')
[5.734s] INFO:colcon.colcon_core.shell:Creating environment hook '/home/ubuntu/turtlebot3_ws/install/turtlebot3_example/share/turtlebot3_example/hook/ament_prefix_path.ps1'
[5.744s] INFO:colcon.colcon_core.shell:Creating environment descriptor '/home/ubuntu/turtlebot3_ws/install/turtlebot3_example/share/turtlebot3_example/hook/ament_prefix_path.dsv'
[5.751s] INFO:colcon.colcon_core.shell:Creating environment hook '/home/ubuntu/turtlebot3_ws/install/turtlebot3_example/share/turtlebot3_example/hook/ament_prefix_path.sh'
[5.770s] INFO:colcon.colcon_core.shell:Skip shell extension 'powershell' for command environment: Not usable outside of PowerShell
[5.771s] DEBUG:colcon.colcon_core.shell:Skip shell extension 'dsv' for command environment
[5.808s] DEBUG:colcon.colcon_core.shell:Ignoring prefix path '/opt/ros/foxy'
[5.836s] INFO:colcon.colcon_ros.task.ament_python.build:Building ROS package in '/home/ubuntu/turtlebot3_ws/src/turtlebot3/turtlebot3_teleop' with build type 'ament_python'
[5.839s] Level 1:colcon.colcon_core.shell:create_environment_hook('turtlebot3_teleop', 'ament_prefix_path')
[5.849s] INFO:colcon.colcon_core.shell:Creating environment hook '/home/ubuntu/turtlebot3_ws/install/turtlebot3_teleop/share/turtlebot3_teleop/hook/ament_prefix_path.ps1'
[5.857s] INFO:colcon.colcon_core.shell:Creating environment descriptor '/home/ubuntu/turtlebot3_ws/install/turtlebot3_teleop/share/turtlebot3_teleop/hook/ament_prefix_path.dsv'
[5.863s] INFO:colcon.colcon_core.shell:Creating environment hook '/home/ubuntu/turtlebot3_ws/install/turtlebot3_teleop/share/turtlebot3_teleop/hook/ament_prefix_path.sh'
[5.876s] INFO:colcon.colcon_core.shell:Skip shell extension 'powershell' for command environment: Not usable outside of PowerShell
[5.877s] DEBUG:colcon.colcon_core.shell:Skip shell extension 'dsv' for command environment
[5.915s] DEBUG:colcon.colcon_core.shell:Ignoring prefix path '/opt/ros/foxy'
[6.006s] DEBUG:colcon.colcon_core.event_handler.log_command:Invoking command in '/home/ubuntu/turtlebot3_ws/build/turtlebot3_description': CMAKE_PREFIX_PATH=${CMAKE_PREFIX_PATH}:/home/ubuntu/turtlebot3_ws/install/turtlebot3_teleop:/home/ubuntu/turtlebot3_ws/install/turtlebot3_example:/home/ubuntu/turtlebot3_ws/install/py_pubsub:/opt/ros/foxy /usr/bin/cmake --build /home/ubuntu/turtlebot3_ws/build/turtlebot3_description -- -j4 -l4
[6.101s] DEBUG:colcon.colcon_core.event_handler.log_command:Invoking command in '/home/ubuntu/turtlebot3_ws/build/turtlebot3_node': CMAKE_PREFIX_PATH=${CMAKE_PREFIX_PATH}:/home/ubuntu/turtlebot3_ws/install/turtlebot3_teleop:/home/ubuntu/turtlebot3_ws/install/turtlebot3_example:/home/ubuntu/turtlebot3_ws/install/py_pubsub:/opt/ros/foxy /usr/bin/cmake --build /home/ubuntu/turtlebot3_ws/build/turtlebot3_node -- -j4 -l4
[9.520s] INFO:colcon.colcon_core.task.python.build:Building Python package in '/home/ubuntu/turtlebot3_ws/src/turtlebot3/turtlebot3_example'
[9.529s] INFO:colcon.colcon_core.shell:Skip shell extension 'powershell' for command environment: Not usable outside of PowerShell
[9.530s] DEBUG:colcon.colcon_core.shell:Skip shell extension 'dsv' for command environment
[9.567s] DEBUG:colcon.colcon_core.shell:Ignoring prefix path '/opt/ros/foxy'
[12.892s] INFO:colcon.colcon_core.task.python.build:Building Python package in '/home/ubuntu/turtlebot3_ws/src/turtlebot3/turtlebot3_teleop'
[12.901s] INFO:colcon.colcon_core.shell:Skip shell extension 'powershell' for command environment: Not usable outside of PowerShell
[12.902s] DEBUG:colcon.colcon_core.shell:Skip shell extension 'dsv' for command environment
[12.939s] DEBUG:colcon.colcon_core.shell:Ignoring prefix path '/opt/ros/foxy'
[12.980s] DEBUG:colcon.colcon_core.event_handler.log_command:Invoked command in '/home/ubuntu/turtlebot3_ws/build/turtlebot3_description' returned '0': CMAKE_PREFIX_PATH=${CMAKE_PREFIX_PATH}:/home/ubuntu/turtlebot3_ws/install/turtlebot3_teleop:/home/ubuntu/turtlebot3_ws/install/turtlebot3_example:/home/ubuntu/turtlebot3_ws/install/py_pubsub:/opt/ros/foxy /usr/bin/cmake --build /home/ubuntu/turtlebot3_ws/build/turtlebot3_description -- -j4 -l4
[13.013s] DEBUG:colcon.colcon_core.event_handler.log_command:Invoked command in '/home/ubuntu/turtlebot3_ws/build/turtlebot3_node' returned '0': CMAKE_PREFIX_PATH=${CMAKE_PREFIX_PATH}:/home/ubuntu/turtlebot3_ws/install/turtlebot3_teleop:/home/ubuntu/turtlebot3_ws/install/turtlebot3_example:/home/ubuntu/turtlebot3_ws/install/py_pubsub:/opt/ros/foxy /usr/bin/cmake --build /home/ubuntu/turtlebot3_ws/build/turtlebot3_node -- -j4 -l4
[13.097s] DEBUG:colcon.colcon_core.event_handler.log_command:Invoking command in '/home/ubuntu/turtlebot3_ws/build/turtlebot3_example': PYTHONPATH=/home/ubuntu/turtlebot3_ws/install/turtlebot3_example/lib/python3.8/site-packages:${PYTHONPATH} /usr/bin/python3 setup.py develop --prefix /home/ubuntu/turtlebot3_ws/install/turtlebot3_example --uninstall --editable --build-directory /home/ubuntu/turtlebot3_ws/build/turtlebot3_example/build
[13.159s] DEBUG:colcon.colcon_core.event_handler.log_command:Invoking command in '/home/ubuntu/turtlebot3_ws/build/turtlebot3_teleop': PYTHONPATH=/home/ubuntu/turtlebot3_ws/install/turtlebot3_teleop/lib/python3.8/site-packages:${PYTHONPATH} /usr/bin/python3 setup.py develop --prefix /home/ubuntu/turtlebot3_ws/install/turtlebot3_teleop --uninstall --editable --build-directory /home/ubuntu/turtlebot3_ws/build/turtlebot3_teleop/build
[13.507s] DEBUG:colcon.colcon_core.event_handler.log_command:Invoking command in '/home/ubuntu/turtlebot3_ws/build/turtlebot3_description': CMAKE_PREFIX_PATH=${CMAKE_PREFIX_PATH}:/home/ubuntu/turtlebot3_ws/install/turtlebot3_teleop:/home/ubuntu/turtlebot3_ws/install/turtlebot3_example:/home/ubuntu/turtlebot3_ws/install/py_pubsub:/opt/ros/foxy /usr/bin/cmake --install /home/ubuntu/turtlebot3_ws/build/turtlebot3_description
[13.940s] DEBUG:colcon.colcon_core.event_handler.log_command:Invoking command in '/home/ubuntu/turtlebot3_ws/build/turtlebot3_node': CMAKE_PREFIX_PATH=${CMAKE_PREFIX_PATH}:/home/ubuntu/turtlebot3_ws/install/turtlebot3_teleop:/home/ubuntu/turtlebot3_ws/install/turtlebot3_example:/home/ubuntu/turtlebot3_ws/install/py_pubsub:/opt/ros/foxy /usr/bin/cmake --install /home/ubuntu/turtlebot3_ws/build/turtlebot3_node
[14.077s] Level 1:colcon.colcon_core.environment:create_environment_scripts_only(turtlebot3_description)
[14.082s] DEBUG:colcon.colcon_core.event_handler.log_command:Invoked command in '/home/ubuntu/turtlebot3_ws/build/turtlebot3_description' returned '0': CMAKE_PREFIX_PATH=${CMAKE_PREFIX_PATH}:/home/ubuntu/turtlebot3_ws/install/turtlebot3_teleop:/home/ubuntu/turtlebot3_ws/install/turtlebot3_example:/home/ubuntu/turtlebot3_ws/install/py_pubsub:/opt/ros/foxy /usr/bin/cmake --install /home/ubuntu/turtlebot3_ws/build/turtlebot3_description
[14.188s] Level 1:colcon.colcon_core.environment:checking '/home/ubuntu/turtlebot3_ws/install/turtlebot3_description' for CMake module files
[14.219s] Level 1:colcon.colcon_core.environment:checking '/home/ubuntu/turtlebot3_ws/install/turtlebot3_description' for CMake config files
[14.235s] Level 1:colcon.colcon_core.shell:create_environment_hook('turtlebot3_description', 'cmake_prefix_path')
[14.246s] INFO:colcon.colcon_core.shell:Creating environment hook '/home/ubuntu/turtlebot3_ws/install/turtlebot3_description/share/turtlebot3_description/hook/cmake_prefix_path.ps1'
[14.253s] INFO:colcon.colcon_core.shell:Creating environment descriptor '/home/ubuntu/turtlebot3_ws/install/turtlebot3_description/share/turtlebot3_description/hook/cmake_prefix_path.dsv'
[14.261s] INFO:colcon.colcon_core.shell:Creating environment hook '/home/ubuntu/turtlebot3_ws/install/turtlebot3_description/share/turtlebot3_description/hook/cmake_prefix_path.sh'
[14.273s] Level 1:colcon.colcon_core.environment:checking '/home/ubuntu/turtlebot3_ws/install/turtlebot3_description/bin'
[14.275s] Level 1:colcon.colcon_core.environment:checking '/home/ubuntu/turtlebot3_ws/install/turtlebot3_description/lib/pkgconfig/turtlebot3_description.pc'
[14.277s] Level 1:colcon.colcon_core.environment:checking '/home/ubuntu/turtlebot3_ws/install/turtlebot3_description/lib/python3.8/site-packages'
[14.289s] INFO:colcon.colcon_core.shell:Creating package script '/home/ubuntu/turtlebot3_ws/install/turtlebot3_description/share/turtlebot3_description/package.ps1'
[14.306s] INFO:colcon.colcon_core.shell:Creating package descriptor '/home/ubuntu/turtlebot3_ws/install/turtlebot3_description/share/turtlebot3_description/package.dsv'
[14.317s] INFO:colcon.colcon_core.shell:Creating package script '/home/ubuntu/turtlebot3_ws/install/turtlebot3_description/share/turtlebot3_description/package.sh'
[14.332s] INFO:colcon.colcon_core.shell:Creating package script '/home/ubuntu/turtlebot3_ws/install/turtlebot3_description/share/turtlebot3_description/package.bash'
[14.346s] INFO:colcon.colcon_core.shell:Creating package script '/home/ubuntu/turtlebot3_ws/install/turtlebot3_description/share/turtlebot3_description/package.zsh'
[14.360s] Level 1:colcon.colcon_core.environment:create_file_with_runtime_dependencies(/home/ubuntu/turtlebot3_ws/install/turtlebot3_description/share/colcon-core/packages/turtlebot3_description)
[14.431s] Level 1:colcon.colcon_core.environment:create_environment_scripts_only(turtlebot3_node)
[14.437s] DEBUG:colcon.colcon_core.event_handler.log_command:Invoked command in '/home/ubuntu/turtlebot3_ws/build/turtlebot3_node' returned '0': CMAKE_PREFIX_PATH=${CMAKE_PREFIX_PATH}:/home/ubuntu/turtlebot3_ws/install/turtlebot3_teleop:/home/ubuntu/turtlebot3_ws/install/turtlebot3_example:/home/ubuntu/turtlebot3_ws/install/py_pubsub:/opt/ros/foxy /usr/bin/cmake --install /home/ubuntu/turtlebot3_ws/build/turtlebot3_node
[14.456s] Level 1:colcon.colcon_core.environment:checking '/home/ubuntu/turtlebot3_ws/install/turtlebot3_node' for CMake module files
[14.470s] Level 1:colcon.colcon_core.environment:checking '/home/ubuntu/turtlebot3_ws/install/turtlebot3_node' for CMake config files
[14.481s] Level 1:colcon.colcon_core.shell:create_environment_hook('turtlebot3_node', 'cmake_prefix_path')
[14.492s] INFO:colcon.colcon_core.shell:Creating environment hook '/home/ubuntu/turtlebot3_ws/install/turtlebot3_node/share/turtlebot3_node/hook/cmake_prefix_path.ps1'
[14.507s] INFO:colcon.colcon_core.shell:Creating environment descriptor '/home/ubuntu/turtlebot3_ws/install/turtlebot3_node/share/turtlebot3_node/hook/cmake_prefix_path.dsv'
[14.517s] INFO:colcon.colcon_core.shell:Creating environment hook '/home/ubuntu/turtlebot3_ws/install/turtlebot3_node/share/turtlebot3_node/hook/cmake_prefix_path.sh'
[14.528s] Level 1:colcon.colcon_core.environment:checking '/home/ubuntu/turtlebot3_ws/install/turtlebot3_node/lib'
[14.532s] Level 1:colcon.colcon_core.environment:checking '/home/ubuntu/turtlebot3_ws/install/turtlebot3_node/bin'
[14.534s] Level 1:colcon.colcon_core.environment:checking '/home/ubuntu/turtlebot3_ws/install/turtlebot3_node/lib/pkgconfig/turtlebot3_node.pc'
[14.536s] Level 1:colcon.colcon_core.environment:checking '/home/ubuntu/turtlebot3_ws/install/turtlebot3_node/lib/python3.8/site-packages'
[14.547s] INFO:colcon.colcon_core.shell:Creating package script '/home/ubuntu/turtlebot3_ws/install/turtlebot3_node/share/turtlebot3_node/package.ps1'
[14.555s] INFO:colcon.colcon_core.shell:Creating package descriptor '/home/ubuntu/turtlebot3_ws/install/turtlebot3_node/share/turtlebot3_node/package.dsv'
[14.563s] INFO:colcon.colcon_core.shell:Creating package script '/home/ubuntu/turtlebot3_ws/install/turtlebot3_node/share/turtlebot3_node/package.sh'
[14.572s] INFO:colcon.colcon_core.shell:Creating package script '/home/ubuntu/turtlebot3_ws/install/turtlebot3_node/share/turtlebot3_node/package.bash'
[14.579s] INFO:colcon.colcon_core.shell:Creating package script '/home/ubuntu/turtlebot3_ws/install/turtlebot3_node/share/turtlebot3_node/package.zsh'
[14.586s] Level 1:colcon.colcon_core.environment:create_file_with_runtime_dependencies(/home/ubuntu/turtlebot3_ws/install/turtlebot3_node/share/colcon-core/packages/turtlebot3_node)
[14.758s] Level 1:colcon.colcon_core.environment:create_environment_scripts_only(turtlebot3_description)
[14.773s] Level 1:colcon.colcon_core.environment:checking '/home/ubuntu/turtlebot3_ws/install/turtlebot3_description' for CMake module files
[14.786s] Level 1:colcon.colcon_core.environment:checking '/home/ubuntu/turtlebot3_ws/install/turtlebot3_description' for CMake config files
[14.795s] Level 1:colcon.colcon_core.shell:create_environment_hook('turtlebot3_description', 'cmake_prefix_path')
[14.805s] INFO:colcon.colcon_core.shell:Creating environment hook '/home/ubuntu/turtlebot3_ws/install/turtlebot3_description/share/turtlebot3_description/hook/cmake_prefix_path.ps1'
[14.812s] INFO:colcon.colcon_core.shell:Creating environment descriptor '/home/ubuntu/turtlebot3_ws/install/turtlebot3_description/share/turtlebot3_description/hook/cmake_prefix_path.dsv'
[14.819s] INFO:colcon.colcon_core.shell:Creating environment hook '/home/ubuntu/turtlebot3_ws/install/turtlebot3_description/share/turtlebot3_description/hook/cmake_prefix_path.sh'
[14.835s] Level 1:colcon.colcon_core.environment:checking '/home/ubuntu/turtlebot3_ws/install/turtlebot3_description/bin'
[14.836s] Level 1:colcon.colcon_core.environment:checking '/home/ubuntu/turtlebot3_ws/install/turtlebot3_description/lib/pkgconfig/turtlebot3_description.pc'
[14.838s] Level 1:colcon.colcon_core.environment:checking '/home/ubuntu/turtlebot3_ws/install/turtlebot3_description/lib/python3.8/site-packages'
[14.850s] INFO:colcon.colcon_core.shell:Creating package script '/home/ubuntu/turtlebot3_ws/install/turtlebot3_description/share/turtlebot3_description/package.ps1'
[14.860s] INFO:colcon.colcon_core.shell:Creating package descriptor '/home/ubuntu/turtlebot3_ws/install/turtlebot3_description/share/turtlebot3_description/package.dsv'
[14.870s] INFO:colcon.colcon_core.shell:Creating package script '/home/ubuntu/turtlebot3_ws/install/turtlebot3_description/share/turtlebot3_description/package.sh'
[14.881s] INFO:colcon.colcon_core.shell:Creating package script '/home/ubuntu/turtlebot3_ws/install/turtlebot3_description/share/turtlebot3_description/package.bash'
[14.889s] INFO:colcon.colcon_core.shell:Creating package script '/home/ubuntu/turtlebot3_ws/install/turtlebot3_description/share/turtlebot3_description/package.zsh'
[14.898s] Level 1:colcon.colcon_core.environment:create_file_with_runtime_dependencies(/home/ubuntu/turtlebot3_ws/install/turtlebot3_description/share/colcon-core/packages/turtlebot3_description)
[14.914s] INFO:colcon.colcon_ros.task.ament_python.build:Building ROS package in '/home/ubuntu/turtlebot3_ws/src/py_pubsub' with build type 'ament_python'
[14.919s] Level 1:colcon.colcon_core.shell:create_environment_hook('py_pubsub', 'ament_prefix_path')
[14.932s] INFO:colcon.colcon_core.shell:Creating environment hook '/home/ubuntu/turtlebot3_ws/install/py_pubsub/share/py_pubsub/hook/ament_prefix_path.ps1'
[14.938s] INFO:colcon.colcon_core.shell:Creating environment descriptor '/home/ubuntu/turtlebot3_ws/install/py_pubsub/share/py_pubsub/hook/ament_prefix_path.dsv'
[14.946s] INFO:colcon.colcon_core.shell:Creating environment hook '/home/ubuntu/turtlebot3_ws/install/py_pubsub/share/py_pubsub/hook/ament_prefix_path.sh'
[14.961s] INFO:colcon.colcon_core.shell:Skip shell extension 'powershell' for command environment: Not usable outside of PowerShell
[14.962s] DEBUG:colcon.colcon_core.shell:Skip shell extension 'dsv' for command environment
[15.008s] DEBUG:colcon.colcon_core.shell:Ignoring prefix path '/opt/ros/foxy'
[19.043s] INFO:colcon.colcon_core.task.python.build:Building Python package in '/home/ubuntu/turtlebot3_ws/src/py_pubsub'
[19.053s] INFO:colcon.colcon_core.shell:Skip shell extension 'powershell' for command environment: Not usable outside of PowerShell
[19.054s] DEBUG:colcon.colcon_core.shell:Skip shell extension 'dsv' for command environment
[19.102s] DEBUG:colcon.colcon_core.shell:Ignoring prefix path '/opt/ros/foxy'
[19.158s] Level 1:colcon.colcon_core.environment:create_environment_scripts_only(turtlebot3_node)
[19.173s] Level 1:colcon.colcon_core.environment:checking '/home/ubuntu/turtlebot3_ws/install/turtlebot3_node' for CMake module files
[19.186s] Level 1:colcon.colcon_core.environment:checking '/home/ubuntu/turtlebot3_ws/install/turtlebot3_node' for CMake config files
[19.196s] Level 1:colcon.colcon_core.shell:create_environment_hook('turtlebot3_node', 'cmake_prefix_path')
[19.205s] INFO:colcon.colcon_core.shell:Creating environment hook '/home/ubuntu/turtlebot3_ws/install/turtlebot3_node/share/turtlebot3_node/hook/cmake_prefix_path.ps1'
[19.215s] INFO:colcon.colcon_core.shell:Creating environment descriptor '/home/ubuntu/turtlebot3_ws/install/turtlebot3_node/share/turtlebot3_node/hook/cmake_prefix_path.dsv'
[19.222s] INFO:colcon.colcon_core.shell:Creating environment hook '/home/ubuntu/turtlebot3_ws/install/turtlebot3_node/share/turtlebot3_node/hook/cmake_prefix_path.sh'
[19.231s] Level 1:colcon.colcon_core.environment:checking '/home/ubuntu/turtlebot3_ws/install/turtlebot3_node/lib'
[19.233s] Level 1:colcon.colcon_core.environment:checking '/home/ubuntu/turtlebot3_ws/install/turtlebot3_node/bin'
[19.235s] Level 1:colcon.colcon_core.environment:checking '/home/ubuntu/turtlebot3_ws/install/turtlebot3_node/lib/pkgconfig/turtlebot3_node.pc'
[19.237s] Level 1:colcon.colcon_core.environment:checking '/home/ubuntu/turtlebot3_ws/install/turtlebot3_node/lib/python3.8/site-packages'
[19.248s] INFO:colcon.colcon_core.shell:Creating package script '/home/ubuntu/turtlebot3_ws/install/turtlebot3_node/share/turtlebot3_node/package.ps1'
[19.256s] INFO:colcon.colcon_core.shell:Creating package descriptor '/home/ubuntu/turtlebot3_ws/install/turtlebot3_node/share/turtlebot3_node/package.dsv'
[19.266s] INFO:colcon.colcon_core.shell:Creating package script '/home/ubuntu/turtlebot3_ws/install/turtlebot3_node/share/turtlebot3_node/package.sh'
[19.275s] INFO:colcon.colcon_core.shell:Creating package script '/home/ubuntu/turtlebot3_ws/install/turtlebot3_node/share/turtlebot3_node/package.bash'
[19.282s] INFO:colcon.colcon_core.shell:Creating package script '/home/ubuntu/turtlebot3_ws/install/turtlebot3_node/share/turtlebot3_node/package.zsh'
[19.290s] Level 1:colcon.colcon_core.environment:create_file_with_runtime_dependencies(/home/ubuntu/turtlebot3_ws/install/turtlebot3_node/share/colcon-core/packages/turtlebot3_node)
[19.303s] INFO:colcon.colcon_ros.task.ament_cmake.build:Building ROS package in '/home/ubuntu/turtlebot3_ws/src/turtlebot3/turtlebot3_bringup' with build type 'ament_cmake'
[19.305s] INFO:colcon.colcon_cmake.task.cmake.build:Building CMake package in '/home/ubuntu/turtlebot3_ws/src/turtlebot3/turtlebot3_bringup'
[19.316s] INFO:colcon.colcon_core.shell:Skip shell extension 'powershell' for command environment: Not usable outside of PowerShell
[19.317s] DEBUG:colcon.colcon_core.shell:Skip shell extension 'dsv' for command environment
[19.369s] DEBUG:colcon.colcon_core.shell:Ignoring prefix path '/opt/ros/foxy'
[19.459s] DEBUG:colcon.colcon_core.event_handler.log_command:Invoking command in '/home/ubuntu/turtlebot3_ws/src/py_pubsub': PYTHONPATH=/home/ubuntu/turtlebot3_ws/install/py_pubsub/lib/python3.8/site-packages:${PYTHONPATH} /usr/bin/python3 setup.py egg_info --egg-base ../../build/py_pubsub build --build-base /home/ubuntu/turtlebot3_ws/build/py_pubsub/build install --prefix /home/ubuntu/turtlebot3_ws/install/py_pubsub --record /home/ubuntu/turtlebot3_ws/build/py_pubsub/install.log --single-version-externally-managed
[19.538s] DEBUG:colcon.colcon_core.event_handler.log_command:Invoking command in '/home/ubuntu/turtlebot3_ws/build/turtlebot3_bringup': CMAKE_PREFIX_PATH=/home/ubuntu/turtlebot3_ws/install/turtlebot3_node:/home/ubuntu/turtlebot3_ws/install/turtlebot3_description:/home/ubuntu/turtlebot3_ws/install/turtlebot3:/home/ubuntu/turtlebot3_ws/install/turtlebot3_bringup:/home/ubuntu/turtlebot3_ws/install/turtlebot3_teleop:/home/ubuntu/turtlebot3_ws/install/turtlebot3_example:/home/ubuntu/turtlebot3_ws/install/py_pubsub:/opt/ros/foxy /usr/bin/cmake --build /home/ubuntu/turtlebot3_ws/build/turtlebot3_bringup -- -j4 -l4
[19.912s] DEBUG:colcon.colcon_core.event_handler.log_command:Invoked command in '/home/ubuntu/turtlebot3_ws/build/turtlebot3_example' returned '0': PYTHONPATH=/home/ubuntu/turtlebot3_ws/install/turtlebot3_example/lib/python3.8/site-packages:${PYTHONPATH} /usr/bin/python3 setup.py develop --prefix /home/ubuntu/turtlebot3_ws/install/turtlebot3_example --uninstall --editable --build-directory /home/ubuntu/turtlebot3_ws/build/turtlebot3_example/build
[19.918s] DEBUG:colcon.colcon_core.event_handler.log_command:Invoking command in '/home/ubuntu/turtlebot3_ws/src/turtlebot3/turtlebot3_example': PYTHONPATH=/home/ubuntu/turtlebot3_ws/install/turtlebot3_example/lib/python3.8/site-packages:${PYTHONPATH} /usr/bin/python3 setup.py egg_info --egg-base ../../../build/turtlebot3_example build --build-base /home/ubuntu/turtlebot3_ws/build/turtlebot3_example/build install --prefix /home/ubuntu/turtlebot3_ws/install/turtlebot3_example --record /home/ubuntu/turtlebot3_ws/build/turtlebot3_example/install.log --single-version-externally-managed
[19.989s] DEBUG:colcon.colcon_core.event_handler.log_command:Invoked command in '/home/ubuntu/turtlebot3_ws/build/turtlebot3_teleop' returned '0': PYTHONPATH=/home/ubuntu/turtlebot3_ws/install/turtlebot3_teleop/lib/python3.8/site-packages:${PYTHONPATH} /usr/bin/python3 setup.py develop --prefix /home/ubuntu/turtlebot3_ws/install/turtlebot3_teleop --uninstall --editable --build-directory /home/ubuntu/turtlebot3_ws/build/turtlebot3_teleop/build
[20.015s] DEBUG:colcon.colcon_core.event_handler.log_command:Invoking command in '/home/ubuntu/turtlebot3_ws/src/turtlebot3/turtlebot3_teleop': PYTHONPATH=/home/ubuntu/turtlebot3_ws/install/turtlebot3_teleop/lib/python3.8/site-packages:${PYTHONPATH} /usr/bin/python3 setup.py egg_info --egg-base ../../../build/turtlebot3_teleop build --build-base /home/ubuntu/turtlebot3_ws/build/turtlebot3_teleop/build install --prefix /home/ubuntu/turtlebot3_ws/install/turtlebot3_teleop --record /home/ubuntu/turtlebot3_ws/build/turtlebot3_teleop/install.log --single-version-externally-managed
[20.219s] DEBUG:colcon.colcon_core.event_handler.log_command:Invoked command in '/home/ubuntu/turtlebot3_ws/build/turtlebot3_bringup' returned '0': CMAKE_PREFIX_PATH=/home/ubuntu/turtlebot3_ws/install/turtlebot3_node:/home/ubuntu/turtlebot3_ws/install/turtlebot3_description:/home/ubuntu/turtlebot3_ws/install/turtlebot3:/home/ubuntu/turtlebot3_ws/install/turtlebot3_bringup:/home/ubuntu/turtlebot3_ws/install/turtlebot3_teleop:/home/ubuntu/turtlebot3_ws/install/turtlebot3_example:/home/ubuntu/turtlebot3_ws/install/py_pubsub:/opt/ros/foxy /usr/bin/cmake --build /home/ubuntu/turtlebot3_ws/build/turtlebot3_bringup -- -j4 -l4
[20.613s] DEBUG:colcon.colcon_core.event_handler.log_command:Invoking command in '/home/ubuntu/turtlebot3_ws/build/turtlebot3_bringup': CMAKE_PREFIX_PATH=/home/ubuntu/turtlebot3_ws/install/turtlebot3_node:/home/ubuntu/turtlebot3_ws/install/turtlebot3_description:/home/ubuntu/turtlebot3_ws/install/turtlebot3:/home/ubuntu/turtlebot3_ws/install/turtlebot3_bringup:/home/ubuntu/turtlebot3_ws/install/turtlebot3_teleop:/home/ubuntu/turtlebot3_ws/install/turtlebot3_example:/home/ubuntu/turtlebot3_ws/install/py_pubsub:/opt/ros/foxy /usr/bin/cmake --install /home/ubuntu/turtlebot3_ws/build/turtlebot3_bringup
[21.167s] Level 1:colcon.colcon_core.environment:create_environment_scripts_only(turtlebot3_bringup)
[21.172s] DEBUG:colcon.colcon_core.event_handler.log_command:Invoked command in '/home/ubuntu/turtlebot3_ws/build/turtlebot3_bringup' returned '0': CMAKE_PREFIX_PATH=/home/ubuntu/turtlebot3_ws/install/turtlebot3_node:/home/ubuntu/turtlebot3_ws/install/turtlebot3_description:/home/ubuntu/turtlebot3_ws/install/turtlebot3:/home/ubuntu/turtlebot3_ws/install/turtlebot3_bringup:/home/ubuntu/turtlebot3_ws/install/turtlebot3_teleop:/home/ubuntu/turtlebot3_ws/install/turtlebot3_example:/home/ubuntu/turtlebot3_ws/install/py_pubsub:/opt/ros/foxy /usr/bin/cmake --install /home/ubuntu/turtlebot3_ws/build/turtlebot3_bringup
[21.192s] Level 1:colcon.colcon_core.environment:checking '/home/ubuntu/turtlebot3_ws/install/turtlebot3_bringup' for CMake module files
[21.205s] Level 1:colcon.colcon_core.environment:checking '/home/ubuntu/turtlebot3_ws/install/turtlebot3_bringup' for CMake config files
[21.210s] Level 1:colcon.colcon_core.shell:create_environment_hook('turtlebot3_bringup', 'cmake_prefix_path')
[21.222s] INFO:colcon.colcon_core.shell:Creating environment hook '/home/ubuntu/turtlebot3_ws/install/turtlebot3_bringup/share/turtlebot3_bringup/hook/cmake_prefix_path.ps1'
[21.230s] INFO:colcon.colcon_core.shell:Creating environment descriptor '/home/ubuntu/turtlebot3_ws/install/turtlebot3_bringup/share/turtlebot3_bringup/hook/cmake_prefix_path.dsv'
[21.236s] INFO:colcon.colcon_core.shell:Creating environment hook '/home/ubuntu/turtlebot3_ws/install/turtlebot3_bringup/share/turtlebot3_bringup/hook/cmake_prefix_path.sh'
[21.246s] Level 1:colcon.colcon_core.environment:checking '/home/ubuntu/turtlebot3_ws/install/turtlebot3_bringup/bin'
[21.248s] Level 1:colcon.colcon_core.environment:checking '/home/ubuntu/turtlebot3_ws/install/turtlebot3_bringup/lib/pkgconfig/turtlebot3_bringup.pc'
[21.250s] Level 1:colcon.colcon_core.environment:checking '/home/ubuntu/turtlebot3_ws/install/turtlebot3_bringup/lib/python3.8/site-packages'
[21.260s] INFO:colcon.colcon_core.shell:Creating package script '/home/ubuntu/turtlebot3_ws/install/turtlebot3_bringup/share/turtlebot3_bringup/package.ps1'
[21.267s] INFO:colcon.colcon_core.shell:Creating package descriptor '/home/ubuntu/turtlebot3_ws/install/turtlebot3_bringup/share/turtlebot3_bringup/package.dsv'
[21.275s] INFO:colcon.colcon_core.shell:Creating package script '/home/ubuntu/turtlebot3_ws/install/turtlebot3_bringup/share/turtlebot3_bringup/package.sh'
[21.283s] INFO:colcon.colcon_core.shell:Creating package script '/home/ubuntu/turtlebot3_ws/install/turtlebot3_bringup/share/turtlebot3_bringup/package.bash'
[21.289s] INFO:colcon.colcon_core.shell:Creating package script '/home/ubuntu/turtlebot3_ws/install/turtlebot3_bringup/share/turtlebot3_bringup/package.zsh'
[21.296s] Level 1:colcon.colcon_core.environment:create_file_with_runtime_dependencies(/home/ubuntu/turtlebot3_ws/install/turtlebot3_bringup/share/colcon-core/packages/turtlebot3_bringup)
[21.689s] Level 1:colcon.colcon_core.environment:create_environment_scripts_only(turtlebot3_bringup)
[21.706s] Level 1:colcon.colcon_core.environment:checking '/home/ubuntu/turtlebot3_ws/install/turtlebot3_bringup' for CMake module files
[21.719s] Level 1:colcon.colcon_core.environment:checking '/home/ubuntu/turtlebot3_ws/install/turtlebot3_bringup' for CMake config files
[21.724s] Level 1:colcon.colcon_core.shell:create_environment_hook('turtlebot3_bringup', 'cmake_prefix_path')
[21.734s] INFO:colcon.colcon_core.shell:Creating environment hook '/home/ubuntu/turtlebot3_ws/install/turtlebot3_bringup/share/turtlebot3_bringup/hook/cmake_prefix_path.ps1'
[21.746s] INFO:colcon.colcon_core.shell:Creating environment descriptor '/home/ubuntu/turtlebot3_ws/install/turtlebot3_bringup/share/turtlebot3_bringup/hook/cmake_prefix_path.dsv'
[21.753s] INFO:colcon.colcon_core.shell:Creating environment hook '/home/ubuntu/turtlebot3_ws/install/turtlebot3_bringup/share/turtlebot3_bringup/hook/cmake_prefix_path.sh'
[21.764s] Level 1:colcon.colcon_core.environment:checking '/home/ubuntu/turtlebot3_ws/install/turtlebot3_bringup/bin'
[21.765s] Level 1:colcon.colcon_core.environment:checking '/home/ubuntu/turtlebot3_ws/install/turtlebot3_bringup/lib/pkgconfig/turtlebot3_bringup.pc'
[21.767s] Level 1:colcon.colcon_core.environment:checking '/home/ubuntu/turtlebot3_ws/install/turtlebot3_bringup/lib/python3.8/site-packages'
[21.779s] INFO:colcon.colcon_core.shell:Creating package script '/home/ubuntu/turtlebot3_ws/install/turtlebot3_bringup/share/turtlebot3_bringup/package.ps1'
[21.789s] INFO:colcon.colcon_core.shell:Creating package descriptor '/home/ubuntu/turtlebot3_ws/install/turtlebot3_bringup/share/turtlebot3_bringup/package.dsv'
[21.799s] INFO:colcon.colcon_core.shell:Creating package script '/home/ubuntu/turtlebot3_ws/install/turtlebot3_bringup/share/turtlebot3_bringup/package.sh'
[21.808s] INFO:colcon.colcon_core.shell:Creating package script '/home/ubuntu/turtlebot3_ws/install/turtlebot3_bringup/share/turtlebot3_bringup/package.bash'
[21.816s] INFO:colcon.colcon_core.shell:Creating package script '/home/ubuntu/turtlebot3_ws/install/turtlebot3_bringup/share/turtlebot3_bringup/package.zsh'
[21.825s] Level 1:colcon.colcon_core.environment:create_file_with_runtime_dependencies(/home/ubuntu/turtlebot3_ws/install/turtlebot3_bringup/share/colcon-core/packages/turtlebot3_bringup)
[24.531s] DEBUG:colcon.colcon_core.event_handler.log_command:Invoked command in '/home/ubuntu/turtlebot3_ws/src/py_pubsub' returned '1': PYTHONPATH=/home/ubuntu/turtlebot3_ws/install/py_pubsub/lib/python3.8/site-packages:${PYTHONPATH} /usr/bin/python3 setup.py egg_info --egg-base ../../build/py_pubsub build --build-base /home/ubuntu/turtlebot3_ws/build/py_pubsub/build install --prefix /home/ubuntu/turtlebot3_ws/install/py_pubsub --record /home/ubuntu/turtlebot3_ws/build/py_pubsub/install.log --single-version-externally-managed
[25.000s] DEBUG:colcon.colcon_parallel_executor.executor.parallel:closing loop
[25.002s] DEBUG:colcon.colcon_parallel_executor.executor.parallel:loop closed
[25.003s] DEBUG:colcon.colcon_parallel_executor.executor.parallel:run_until_complete finished with '1'
[25.005s] DEBUG:colcon.colcon_core.event_reactor:joining thread
[25.083s] INFO:colcon.colcon_core.plugin_system:Skipping extension 'colcon_notification.desktop_notification.notify_send': Could not find 'notify-send'
[25.085s] INFO:colcon.colcon_core.plugin_system:Skipping extension 'colcon_notification.desktop_notification.terminal_notifier': Not used on non-Darwin systems
[25.086s] INFO:colcon.colcon_core.plugin_system:Skipping extension 'colcon_notification.desktop_notification.win32': Not used on non-Windows systems
[25.086s] INFO:colcon.colcon_notification.desktop_notification:Sending desktop notification using 'notify2'
[25.095s] DEBUG:colcon.colcon_notification.desktop_notification.notify2:Failed to initialize notify2: org.freedesktop.DBus.Error.ServiceUnknown: The name org.freedesktop.Notifications was not provided by any .service files
[25.096s] DEBUG:colcon.colcon_core.event_reactor:joined thread
[25.104s] INFO:colcon.colcon_core.shell:Creating prefix script '/home/ubuntu/turtlebot3_ws/install/local_setup.ps1'
[25.118s] INFO:colcon.colcon_core.shell:Creating prefix util module '/home/ubuntu/turtlebot3_ws/install/_local_setup_util_ps1.py'
[25.139s] INFO:colcon.colcon_core.shell:Creating prefix chain script '/home/ubuntu/turtlebot3_ws/install/setup.ps1'
[25.178s] INFO:colcon.colcon_core.shell:Creating prefix script '/home/ubuntu/turtlebot3_ws/install/local_setup.sh'
[25.187s] INFO:colcon.colcon_core.shell:Creating prefix util module '/home/ubuntu/turtlebot3_ws/install/_local_setup_util_sh.py'
[25.194s] INFO:colcon.colcon_core.shell:Creating prefix chain script '/home/ubuntu/turtlebot3_ws/install/setup.sh'
[25.234s] INFO:colcon.colcon_core.shell:Creating prefix script '/home/ubuntu/turtlebot3_ws/install/local_setup.bash'
[25.242s] INFO:colcon.colcon_core.shell:Creating prefix chain script '/home/ubuntu/turtlebot3_ws/install/setup.bash'
[25.281s] INFO:colcon.colcon_core.shell:Creating prefix script '/home/ubuntu/turtlebot3_ws/install/local_setup.zsh'
[25.289s] INFO:colcon.colcon_core.shell:Creating prefix chain script '/home/ubuntu/turtlebot3_ws/install/setup.zsh'
