[3.621s] Invoking command in '/home/ubuntu/turtlebot3_ws/src/py_pubsub': PYTHONPATH=/home/ubuntu/turtlebot3_ws/install/py_pubsub/lib/python3.8/site-packages:${PYTHONPATH} /usr/bin/python3 setup.py egg_info --egg-base ../../build/py_pubsub build --build-base /home/ubuntu/turtlebot3_ws/build/py_pubsub/build install --prefix /home/ubuntu/turtlebot3_ws/install/py_pubsub --record /home/ubuntu/turtlebot3_ws/build/py_pubsub/install.log --single-version-externally-managed
[6.837s] running egg_info
[6.844s] creating ../../build/py_pubsub/py_pubsub.egg-info
[6.846s] writing ../../build/py_pubsub/py_pubsub.egg-info/PKG-INFO
[6.849s] writing dependency_links to ../../build/py_pubsub/py_pubsub.egg-info/dependency_links.txt
[6.853s] writing entry points to ../../build/py_pubsub/py_pubsub.egg-info/entry_points.txt
[6.855s] writing requirements to ../../build/py_pubsub/py_pubsub.egg-info/requires.txt
[6.857s] writing top-level names to ../../build/py_pubsub/py_pubsub.egg-info/top_level.txt
[6.886s] writing manifest file '../../build/py_pubsub/py_pubsub.egg-info/SOURCES.txt'
[7.471s] reading manifest file '../../build/py_pubsub/py_pubsub.egg-info/SOURCES.txt'
[7.484s] writing manifest file '../../build/py_pubsub/py_pubsub.egg-info/SOURCES.txt'
[7.486s] running build
[7.488s] running build_py
[7.490s] creating /home/ubuntu/turtlebot3_ws/build/py_pubsub/build
[7.492s] creating /home/ubuntu/turtlebot3_ws/build/py_pubsub/build/lib
[7.494s] creating /home/ubuntu/turtlebot3_ws/build/py_pubsub/build/lib/py_pubsub
[7.496s] copying py_pubsub/publisher_member_function.py -> /home/ubuntu/turtlebot3_ws/build/py_pubsub/build/lib/py_pubsub
[7.498s] copying py_pubsub/__init__.py -> /home/ubuntu/turtlebot3_ws/build/py_pubsub/build/lib/py_pubsub
[7.499s] running install
[7.510s] running install_lib
[7.527s] creating /home/ubuntu/turtlebot3_ws/install/py_pubsub/lib/python3.8/site-packages/py_pubsub
[7.529s] copying /home/ubuntu/turtlebot3_ws/build/py_pubsub/build/lib/py_pubsub/publisher_member_function.py -> /home/ubuntu/turtlebot3_ws/install/py_pubsub/lib/python3.8/site-packages/py_pubsub
[7.531s] copying /home/ubuntu/turtlebot3_ws/build/py_pubsub/build/lib/py_pubsub/__init__.py -> /home/ubuntu/turtlebot3_ws/install/py_pubsub/lib/python3.8/site-packages/py_pubsub
[7.539s] byte-compiling /home/ubuntu/turtlebot3_ws/install/py_pubsub/lib/python3.8/site-packages/py_pubsub/publisher_member_function.py to publisher_member_function.cpython-38.pyc
[7.560s] byte-compiling /home/ubuntu/turtlebot3_ws/install/py_pubsub/lib/python3.8/site-packages/py_pubsub/__init__.py to __init__.cpython-38.pyc
[7.564s] running install_data
[7.572s] creating /home/ubuntu/turtlebot3_ws/install/py_pubsub/share/ament_index
[7.574s] creating /home/ubuntu/turtlebot3_ws/install/py_pubsub/share/ament_index/resource_index
[7.576s] creating /home/ubuntu/turtlebot3_ws/install/py_pubsub/share/ament_index/resource_index/packages
[7.578s] copying resource/py_pubsub -> /home/ubuntu/turtlebot3_ws/install/py_pubsub/share/ament_index/resource_index/packages
[7.579s] copying package.xml -> /home/ubuntu/turtlebot3_ws/install/py_pubsub/share/py_pubsub
[7.581s] running install_egg_info
[7.604s] Copying ../../build/py_pubsub/py_pubsub.egg-info to /home/ubuntu/turtlebot3_ws/install/py_pubsub/lib/python3.8/site-packages/py_pubsub-0.0.0-py3.8.egg-info
[7.621s] running install_scripts
[7.886s] Installing talker script to /home/ubuntu/turtlebot3_ws/install/py_pubsub/lib/py_pubsub
[7.890s] writing list of installed files to '/home/ubuntu/turtlebot3_ws/build/py_pubsub/install.log'
[8.184s] Invoked command in '/home/ubuntu/turtlebot3_ws/src/py_pubsub' returned '0': PYTHONPATH=/home/ubuntu/turtlebot3_ws/install/py_pubsub/lib/python3.8/site-packages:${PYTHONPATH} /usr/bin/python3 setup.py egg_info --egg-base ../../build/py_pubsub build --build-base /home/ubuntu/turtlebot3_ws/build/py_pubsub/build install --prefix /home/ubuntu/turtlebot3_ws/install/py_pubsub --record /home/ubuntu/turtlebot3_ws/build/py_pubsub/install.log --single-version-externally-managed
